[0.211s] Invoking command in '/home/ishabh/interbotix_ws/build/interbotix_perception_msgs': CMAKE_PREFIX_PATH=/home/ishabh/interbotix_ws/install/wx250_bringup:/home/ishabh/interbotix_ws/install/test1:/home/ishabh/interbotix_ws/install/interbotix_xs_modules:/home/ishabh/interbotix_ws/install/interbotix_perception_modules:/home/ishabh/interbotix_ws/install/interbotix_common_modules:/home/ishabh/interbotix_ws/install/control:/home/ishabh/Desktop/sarm_ws/install/sarm_teleop:/opt/ros/humble:${CMAKE_PREFIX_PATH} /usr/bin/cmake --build /home/ishabh/interbotix_ws/build/interbotix_perception_msgs -- -j32 -l32
[0.411s] [ 10%] Built target interbotix_perception_msgs__rosidl_generator_c
[0.411s] [ 12%] Built target interbotix_perception_msgs__cpp
[0.411s] [ 12%] Built target ament_cmake_python_symlink_interbotix_perception_msgs
[0.412s] [ 23%] Built target interbotix_perception_msgs__rosidl_typesupport_introspection_c
[0.412s] [ 40%] Built target interbotix_perception_msgs__rosidl_typesupport_introspection_cpp
[0.412s] [ 45%] Built target interbotix_perception_msgs__rosidl_typesupport_c
[0.412s] [ 56%] Built target interbotix_perception_msgs__rosidl_typesupport_fastrtps_cpp
[0.412s] [ 67%] Built target interbotix_perception_msgs__rosidl_typesupport_fastrtps_c
[0.412s] [ 78%] Built target interbotix_perception_msgs__rosidl_typesupport_cpp
[0.412s] [ 78%] Built target interbotix_perception_msgs
[0.413s] [ 80%] Built target interbotix_perception_msgs__py
[0.413s] [ 89%] Built target interbotix_perception_msgs__rosidl_generator_py
[0.413s] [ 92%] Built target interbotix_perception_msgs__rosidl_typesupport_introspection_c__pyext
[0.414s] [ 96%] Built target interbotix_perception_msgs__rosidl_typesupport_fastrtps_c__pyext
[0.414s] [100%] Built target interbotix_perception_msgs__rosidl_typesupport_c__pyext
[0.418s] running egg_info
[0.419s] writing interbotix_perception_msgs.egg-info/PKG-INFO
[0.419s] writing dependency_links to interbotix_perception_msgs.egg-info/dependency_links.txt
[0.419s] writing top-level names to interbotix_perception_msgs.egg-info/top_level.txt
[0.420s] reading manifest file 'interbotix_perception_msgs.egg-info/SOURCES.txt'
[0.421s] writing manifest file 'interbotix_perception_msgs.egg-info/SOURCES.txt'
[0.441s] [100%] Built target ament_cmake_python_build_interbotix_perception_msgs_egg
[0.627s] Invoked command in '/home/ishabh/interbotix_ws/build/interbotix_perception_msgs' returned '0': CMAKE_PREFIX_PATH=/home/ishabh/interbotix_ws/install/wx250_bringup:/home/ishabh/interbotix_ws/install/test1:/home/ishabh/interbotix_ws/install/interbotix_xs_modules:/home/ishabh/interbotix_ws/install/interbotix_perception_modules:/home/ishabh/interbotix_ws/install/interbotix_common_modules:/home/ishabh/interbotix_ws/install/control:/home/ishabh/Desktop/sarm_ws/install/sarm_teleop:/opt/ros/humble:${CMAKE_PREFIX_PATH} /usr/bin/cmake --build /home/ishabh/interbotix_ws/build/interbotix_perception_msgs -- -j32 -l32
[0.628s] Invoking command in '/home/ishabh/interbotix_ws/build/interbotix_perception_msgs': CMAKE_PREFIX_PATH=/home/ishabh/interbotix_ws/install/wx250_bringup:/home/ishabh/interbotix_ws/install/test1:/home/ishabh/interbotix_ws/install/interbotix_xs_modules:/home/ishabh/interbotix_ws/install/interbotix_perception_modules:/home/ishabh/interbotix_ws/install/interbotix_common_modules:/home/ishabh/interbotix_ws/install/control:/home/ishabh/Desktop/sarm_ws/install/sarm_teleop:/opt/ros/humble:${CMAKE_PREFIX_PATH} /usr/bin/cmake --install /home/ishabh/interbotix_ws/build/interbotix_perception_msgs
[0.649s] -- Install configuration: ""
[0.651s] -- Execute custom install script
[0.651s] -- Up-to-date symlink: /home/ishabh/interbotix_ws/install/interbotix_perception_msgs/share/ament_index/resource_index/rosidl_interfaces/interbotix_perception_msgs
[0.651s] -- Up-to-date symlink: /home/ishabh/interbotix_ws/install/interbotix_perception_msgs/include/interbotix_perception_msgs/interbotix_perception_msgs/msg/cluster_info.h
[0.652s] -- Up-to-date symlink: /home/ishabh/interbotix_ws/install/interbotix_perception_msgs/include/interbotix_perception_msgs/interbotix_perception_msgs/msg/detail/cluster_info__functions.h
[0.652s] -- Up-to-date symlink: /home/ishabh/interbotix_ws/install/interbotix_perception_msgs/include/interbotix_perception_msgs/interbotix_perception_msgs/msg/detail/cluster_info__struct.h
[0.652s] -- Up-to-date symlink: /home/ishabh/interbotix_ws/install/interbotix_perception_msgs/include/interbotix_perception_msgs/interbotix_perception_msgs/msg/detail/cluster_info__type_support.h
[0.653s] -- Up-to-date symlink: /home/ishabh/interbotix_ws/install/interbotix_perception_msgs/include/interbotix_perception_msgs/interbotix_perception_msgs/msg/rosidl_generator_c__visibility_control.h
[0.657s] -- Up-to-date symlink: /home/ishabh/interbotix_ws/install/interbotix_perception_msgs/include/interbotix_perception_msgs/interbotix_perception_msgs/srv/cluster_info_array.h
[0.657s] -- Up-to-date symlink: /home/ishabh/interbotix_ws/install/interbotix_perception_msgs/include/interbotix_perception_msgs/interbotix_perception_msgs/srv/detail/cluster_info_array__functions.h
[0.657s] -- Up-to-date symlink: /home/ishabh/interbotix_ws/install/interbotix_perception_msgs/include/interbotix_perception_msgs/interbotix_perception_msgs/srv/detail/cluster_info_array__struct.h
[0.657s] -- Up-to-date symlink: /home/ishabh/interbotix_ws/install/interbotix_perception_msgs/include/interbotix_perception_msgs/interbotix_perception_msgs/srv/detail/cluster_info_array__type_support.h
[0.657s] -- Up-to-date symlink: /home/ishabh/interbotix_ws/install/interbotix_perception_msgs/include/interbotix_perception_msgs/interbotix_perception_msgs/srv/detail/filter_params__functions.h
[0.657s] -- Up-to-date symlink: /home/ishabh/interbotix_ws/install/interbotix_perception_msgs/include/interbotix_perception_msgs/interbotix_perception_msgs/srv/detail/filter_params__struct.h
[0.657s] -- Up-to-date symlink: /home/ishabh/interbotix_ws/install/interbotix_perception_msgs/include/interbotix_perception_msgs/interbotix_perception_msgs/srv/detail/filter_params__type_support.h
[0.658s] -- Up-to-date symlink: /home/ishabh/interbotix_ws/install/interbotix_perception_msgs/include/interbotix_perception_msgs/interbotix_perception_msgs/srv/detail/snap_picture__functions.h
[0.658s] -- Up-to-date symlink: /home/ishabh/interbotix_ws/install/interbotix_perception_msgs/include/interbotix_perception_msgs/interbotix_perception_msgs/srv/detail/snap_picture__struct.h
[0.658s] -- Up-to-date symlink: /home/ishabh/interbotix_ws/install/interbotix_perception_msgs/include/interbotix_perception_msgs/interbotix_perception_msgs/srv/detail/snap_picture__type_support.h
[0.658s] -- Up-to-date symlink: /home/ishabh/interbotix_ws/install/interbotix_perception_msgs/include/interbotix_perception_msgs/interbotix_perception_msgs/srv/filter_params.h
[0.658s] -- Up-to-date symlink: /home/ishabh/interbotix_ws/install/interbotix_perception_msgs/include/interbotix_perception_msgs/interbotix_perception_msgs/srv/snap_picture.h
[0.658s] -- Up-to-date symlink: /home/ishabh/interbotix_ws/install/interbotix_perception_msgs/share/interbotix_perception_msgs/environment/library_path.sh
[0.658s] -- Up-to-date symlink: /home/ishabh/interbotix_ws/install/interbotix_perception_msgs/share/interbotix_perception_msgs/environment/library_path.dsv
[0.660s] -- Up-to-date symlink: /home/ishabh/interbotix_ws/install/interbotix_perception_msgs/include/interbotix_perception_msgs/interbotix_perception_msgs/msg/detail/cluster_info__rosidl_typesupport_fastrtps_c.h
[0.660s] -- Up-to-date symlink: /home/ishabh/interbotix_ws/install/interbotix_perception_msgs/include/interbotix_perception_msgs/interbotix_perception_msgs/msg/rosidl_typesupport_fastrtps_c__visibility_control.h
[0.660s] -- Up-to-date symlink: /home/ishabh/interbotix_ws/install/interbotix_perception_msgs/include/interbotix_perception_msgs/interbotix_perception_msgs/srv/detail/cluster_info_array__rosidl_typesupport_fastrtps_c.h
[0.660s] -- Up-to-date symlink: /home/ishabh/interbotix_ws/install/interbotix_perception_msgs/include/interbotix_perception_msgs/interbotix_perception_msgs/srv/detail/filter_params__rosidl_typesupport_fastrtps_c.h
[0.660s] -- Up-to-date symlink: /home/ishabh/interbotix_ws/install/interbotix_perception_msgs/include/interbotix_perception_msgs/interbotix_perception_msgs/srv/detail/snap_picture__rosidl_typesupport_fastrtps_c.h
[0.661s] -- Up-to-date symlink: /home/ishabh/interbotix_ws/install/interbotix_perception_msgs/include/interbotix_perception_msgs/interbotix_perception_msgs/msg/detail/cluster_info__rosidl_typesupport_introspection_c.h
[0.661s] -- Up-to-date symlink: /home/ishabh/interbotix_ws/install/interbotix_perception_msgs/include/interbotix_perception_msgs/interbotix_perception_msgs/msg/rosidl_typesupport_introspection_c__visibility_control.h
[0.661s] -- Up-to-date symlink: /home/ishabh/interbotix_ws/install/interbotix_perception_msgs/include/interbotix_perception_msgs/interbotix_perception_msgs/srv/detail/cluster_info_array__rosidl_typesupport_introspection_c.h
[0.661s] -- Up-to-date symlink: /home/ishabh/interbotix_ws/install/interbotix_perception_msgs/include/interbotix_perception_msgs/interbotix_perception_msgs/srv/detail/filter_params__rosidl_typesupport_introspection_c.h
[0.663s] -- Up-to-date symlink: /home/ishabh/interbotix_ws/install/interbotix_perception_msgs/include/interbotix_perception_msgs/interbotix_perception_msgs/srv/detail/snap_picture__rosidl_typesupport_introspection_c.h
[0.663s] -- Up-to-date symlink: /home/ishabh/interbotix_ws/install/interbotix_perception_msgs/include/interbotix_perception_msgs/interbotix_perception_msgs/msg/cluster_info.hpp
[0.664s] -- Up-to-date symlink: /home/ishabh/interbotix_ws/install/interbotix_perception_msgs/include/interbotix_perception_msgs/interbotix_perception_msgs/msg/detail/cluster_info__builder.hpp
[0.665s] -- Up-to-date symlink: /home/ishabh/interbotix_ws/install/interbotix_perception_msgs/include/interbotix_perception_msgs/interbotix_perception_msgs/msg/detail/cluster_info__struct.hpp
[0.665s] -- Up-to-date symlink: /home/ishabh/interbotix_ws/install/interbotix_perception_msgs/include/interbotix_perception_msgs/interbotix_perception_msgs/msg/detail/cluster_info__traits.hpp
[0.665s] -- Up-to-date symlink: /home/ishabh/interbotix_ws/install/interbotix_perception_msgs/include/interbotix_perception_msgs/interbotix_perception_msgs/msg/detail/cluster_info__type_support.hpp
[0.665s] -- Up-to-date symlink: /home/ishabh/interbotix_ws/install/interbotix_perception_msgs/include/interbotix_perception_msgs/interbotix_perception_msgs/msg/rosidl_generator_cpp__visibility_control.hpp
[0.666s] -- Up-to-date symlink: /home/ishabh/interbotix_ws/install/interbotix_perception_msgs/include/interbotix_perception_msgs/interbotix_perception_msgs/srv/cluster_info_array.hpp
[0.666s] -- Up-to-date symlink: /home/ishabh/interbotix_ws/install/interbotix_perception_msgs/include/interbotix_perception_msgs/interbotix_perception_msgs/srv/detail/cluster_info_array__builder.hpp
[0.666s] -- Up-to-date symlink: /home/ishabh/interbotix_ws/install/interbotix_perception_msgs/include/interbotix_perception_msgs/interbotix_perception_msgs/srv/detail/cluster_info_array__struct.hpp
[0.666s] -- Up-to-date symlink: /home/ishabh/interbotix_ws/install/interbotix_perception_msgs/include/interbotix_perception_msgs/interbotix_perception_msgs/srv/detail/cluster_info_array__traits.hpp
[0.666s] -- Up-to-date symlink: /home/ishabh/interbotix_ws/install/interbotix_perception_msgs/include/interbotix_perception_msgs/interbotix_perception_msgs/srv/detail/cluster_info_array__type_support.hpp
[0.666s] -- Up-to-date symlink: /home/ishabh/interbotix_ws/install/interbotix_perception_msgs/include/interbotix_perception_msgs/interbotix_perception_msgs/srv/detail/filter_params__builder.hpp
[0.667s] -- Up-to-date symlink: /home/ishabh/interbotix_ws/install/interbotix_perception_msgs/include/interbotix_perception_msgs/interbotix_perception_msgs/srv/detail/filter_params__struct.hpp
[0.669s] -- Up-to-date symlink: /home/ishabh/interbotix_ws/install/interbotix_perception_msgs/include/interbotix_perception_msgs/interbotix_perception_msgs/srv/detail/filter_params__traits.hpp
[0.669s] -- Up-to-date symlink: /home/ishabh/interbotix_ws/install/interbotix_perception_msgs/include/interbotix_perception_msgs/interbotix_perception_msgs/srv/detail/filter_params__type_support.hpp
[0.669s] -- Up-to-date symlink: /home/ishabh/interbotix_ws/install/interbotix_perception_msgs/include/interbotix_perception_msgs/interbotix_perception_msgs/srv/detail/snap_picture__builder.hpp
[0.669s] -- Up-to-date symlink: /home/ishabh/interbotix_ws/install/interbotix_perception_msgs/include/interbotix_perception_msgs/interbotix_perception_msgs/srv/detail/snap_picture__struct.hpp
[0.669s] -- Up-to-date symlink: /home/ishabh/interbotix_ws/install/interbotix_perception_msgs/include/interbotix_perception_msgs/interbotix_perception_msgs/srv/detail/snap_picture__traits.hpp
[0.669s] -- Up-to-date symlink: /home/ishabh/interbotix_ws/install/interbotix_perception_msgs/include/interbotix_perception_msgs/interbotix_perception_msgs/srv/detail/snap_picture__type_support.hpp
[0.669s] -- Up-to-date symlink: /home/ishabh/interbotix_ws/install/interbotix_perception_msgs/include/interbotix_perception_msgs/interbotix_perception_msgs/srv/filter_params.hpp
[0.670s] -- Up-to-date symlink: /home/ishabh/interbotix_ws/install/interbotix_perception_msgs/include/interbotix_perception_msgs/interbotix_perception_msgs/srv/snap_picture.hpp
[0.670s] -- Up-to-date symlink: /home/ishabh/interbotix_ws/install/interbotix_perception_msgs/include/interbotix_perception_msgs/interbotix_perception_msgs/msg/detail/cluster_info__rosidl_typesupport_fastrtps_cpp.hpp
[0.670s] -- Up-to-date symlink: /home/ishabh/interbotix_ws/install/interbotix_perception_msgs/include/interbotix_perception_msgs/interbotix_perception_msgs/msg/rosidl_typesupport_fastrtps_cpp__visibility_control.h
[0.674s] -- Up-to-date symlink: /home/ishabh/interbotix_ws/install/interbotix_perception_msgs/include/interbotix_perception_msgs/interbotix_perception_msgs/srv/detail/cluster_info_array__rosidl_typesupport_fastrtps_cpp.hpp
[0.675s] -- Up-to-date symlink: /home/ishabh/interbotix_ws/install/interbotix_perception_msgs/include/interbotix_perception_msgs/interbotix_perception_msgs/srv/detail/filter_params__rosidl_typesupport_fastrtps_cpp.hpp
[0.676s] -- Up-to-date symlink: /home/ishabh/interbotix_ws/install/interbotix_perception_msgs/include/interbotix_perception_msgs/interbotix_perception_msgs/srv/detail/snap_picture__rosidl_typesupport_fastrtps_cpp.hpp
[0.676s] -- Up-to-date symlink: /home/ishabh/interbotix_ws/install/interbotix_perception_msgs/include/interbotix_perception_msgs/interbotix_perception_msgs/msg/detail/cluster_info__rosidl_typesupport_introspection_cpp.hpp
[0.677s] -- Up-to-date symlink: /home/ishabh/interbotix_ws/install/interbotix_perception_msgs/include/interbotix_perception_msgs/interbotix_perception_msgs/srv/detail/cluster_info_array__rosidl_typesupport_introspection_cpp.hpp
[0.678s] -- Up-to-date symlink: /home/ishabh/interbotix_ws/install/interbotix_perception_msgs/include/interbotix_perception_msgs/interbotix_perception_msgs/srv/detail/filter_params__rosidl_typesupport_introspection_cpp.hpp
[0.678s] -- Up-to-date symlink: /home/ishabh/interbotix_ws/install/interbotix_perception_msgs/include/interbotix_perception_msgs/interbotix_perception_msgs/srv/detail/snap_picture__rosidl_typesupport_introspection_cpp.hpp
[0.678s] -- Up-to-date symlink: /home/ishabh/interbotix_ws/install/interbotix_perception_msgs/share/interbotix_perception_msgs/environment/pythonpath.sh
[0.678s] -- Up-to-date symlink: /home/ishabh/interbotix_ws/install/interbotix_perception_msgs/share/interbotix_perception_msgs/environment/pythonpath.dsv
[0.679s] -- Up-to-date symlink: /home/ishabh/interbotix_ws/install/interbotix_perception_msgs/local/lib/python3.10/dist-packages/interbotix_perception_msgs-0.0.0-py3.10.egg-info/PKG-INFO
[0.679s] -- Up-to-date symlink: /home/ishabh/interbotix_ws/install/interbotix_perception_msgs/local/lib/python3.10/dist-packages/interbotix_perception_msgs-0.0.0-py3.10.egg-info/SOURCES.txt
[0.679s] -- Up-to-date symlink: /home/ishabh/interbotix_ws/install/interbotix_perception_msgs/local/lib/python3.10/dist-packages/interbotix_perception_msgs-0.0.0-py3.10.egg-info/dependency_links.txt
[0.679s] -- Up-to-date symlink: /home/ishabh/interbotix_ws/install/interbotix_perception_msgs/local/lib/python3.10/dist-packages/interbotix_perception_msgs-0.0.0-py3.10.egg-info/top_level.txt
[0.680s] -- Up-to-date symlink: /home/ishabh/interbotix_ws/install/interbotix_perception_msgs/local/lib/python3.10/dist-packages/interbotix_perception_msgs/__init__.py
[0.680s] -- Up-to-date symlink: /home/ishabh/interbotix_ws/install/interbotix_perception_msgs/local/lib/python3.10/dist-packages/interbotix_perception_msgs/_interbotix_perception_msgs_s.ep.rosidl_typesupport_c.c
[0.680s] -- Up-to-date symlink: /home/ishabh/interbotix_ws/install/interbotix_perception_msgs/local/lib/python3.10/dist-packages/interbotix_perception_msgs/_interbotix_perception_msgs_s.ep.rosidl_typesupport_fastrtps_c.c
[0.680s] -- Up-to-date symlink: /home/ishabh/interbotix_ws/install/interbotix_perception_msgs/local/lib/python3.10/dist-packages/interbotix_perception_msgs/_interbotix_perception_msgs_s.ep.rosidl_typesupport_introspection_c.c
[0.680s] -- Up-to-date symlink: /home/ishabh/interbotix_ws/install/interbotix_perception_msgs/local/lib/python3.10/dist-packages/interbotix_perception_msgs/interbotix_perception_msgs_s__rosidl_typesupport_c.cpython-310-x86_64-linux-gnu.so
[0.680s] -- Up-to-date symlink: /home/ishabh/interbotix_ws/install/interbotix_perception_msgs/local/lib/python3.10/dist-packages/interbotix_perception_msgs/interbotix_perception_msgs_s__rosidl_typesupport_fastrtps_c.cpython-310-x86_64-linux-gnu.so
[0.680s] -- Up-to-date symlink: /home/ishabh/interbotix_ws/install/interbotix_perception_msgs/local/lib/python3.10/dist-packages/interbotix_perception_msgs/interbotix_perception_msgs_s__rosidl_typesupport_introspection_c.cpython-310-x86_64-linux-gnu.so
[0.680s] -- Up-to-date symlink: /home/ishabh/interbotix_ws/install/interbotix_perception_msgs/local/lib/python3.10/dist-packages/interbotix_perception_msgs/libinterbotix_perception_msgs__rosidl_generator_py.so
[0.680s] -- Up-to-date symlink: /home/ishabh/interbotix_ws/install/interbotix_perception_msgs/local/lib/python3.10/dist-packages/interbotix_perception_msgs/msg/__init__.py
[0.680s] -- Up-to-date symlink: /home/ishabh/interbotix_ws/install/interbotix_perception_msgs/local/lib/python3.10/dist-packages/interbotix_perception_msgs/msg/_cluster_info.py
[0.681s] -- Up-to-date symlink: /home/ishabh/interbotix_ws/install/interbotix_perception_msgs/local/lib/python3.10/dist-packages/interbotix_perception_msgs/msg/_cluster_info_s.c
[0.681s] -- Up-to-date symlink: /home/ishabh/interbotix_ws/install/interbotix_perception_msgs/local/lib/python3.10/dist-packages/interbotix_perception_msgs/srv/__init__.py
[0.681s] -- Up-to-date symlink: /home/ishabh/interbotix_ws/install/interbotix_perception_msgs/local/lib/python3.10/dist-packages/interbotix_perception_msgs/srv/_cluster_info_array.py
[0.681s] -- Up-to-date symlink: /home/ishabh/interbotix_ws/install/interbotix_perception_msgs/local/lib/python3.10/dist-packages/interbotix_perception_msgs/srv/_cluster_info_array_s.c
[0.681s] -- Up-to-date symlink: /home/ishabh/interbotix_ws/install/interbotix_perception_msgs/local/lib/python3.10/dist-packages/interbotix_perception_msgs/srv/_filter_params.py
[0.681s] -- Up-to-date symlink: /home/ishabh/interbotix_ws/install/interbotix_perception_msgs/local/lib/python3.10/dist-packages/interbotix_perception_msgs/srv/_filter_params_s.c
[0.681s] -- Up-to-date symlink: /home/ishabh/interbotix_ws/install/interbotix_perception_msgs/local/lib/python3.10/dist-packages/interbotix_perception_msgs/srv/_snap_picture.py
[0.681s] -- Up-to-date symlink: /home/ishabh/interbotix_ws/install/interbotix_perception_msgs/local/lib/python3.10/dist-packages/interbotix_perception_msgs/srv/_snap_picture_s.c
[0.681s] -- Up-to-date symlink: /home/ishabh/interbotix_ws/install/interbotix_perception_msgs/local/lib/python3.10/dist-packages/interbotix_perception_msgs/interbotix_perception_msgs_s__rosidl_typesupport_fastrtps_c.cpython-310-x86_64-linux-gnu.so
[0.682s] -- Up-to-date symlink: /home/ishabh/interbotix_ws/install/interbotix_perception_msgs/local/lib/python3.10/dist-packages/interbotix_perception_msgs/interbotix_perception_msgs_s__rosidl_typesupport_introspection_c.cpython-310-x86_64-linux-gnu.so
[0.682s] -- Up-to-date symlink: /home/ishabh/interbotix_ws/install/interbotix_perception_msgs/local/lib/python3.10/dist-packages/interbotix_perception_msgs/interbotix_perception_msgs_s__rosidl_typesupport_c.cpython-310-x86_64-linux-gnu.so
[0.682s] -- Up-to-date symlink: /home/ishabh/interbotix_ws/install/interbotix_perception_msgs/share/interbotix_perception_msgs/msg/ClusterInfo.idl
[0.682s] -- Up-to-date symlink: /home/ishabh/interbotix_ws/install/interbotix_perception_msgs/share/interbotix_perception_msgs/srv/ClusterInfoArray.idl
[0.682s] -- Up-to-date symlink: /home/ishabh/interbotix_ws/install/interbotix_perception_msgs/share/interbotix_perception_msgs/srv/FilterParams.idl
[0.682s] -- Up-to-date symlink: /home/ishabh/interbotix_ws/install/interbotix_perception_msgs/share/interbotix_perception_msgs/srv/SnapPicture.idl
[0.683s] -- Up-to-date symlink: /home/ishabh/interbotix_ws/install/interbotix_perception_msgs/share/interbotix_perception_msgs/msg/ClusterInfo.msg
[0.683s] -- Up-to-date symlink: /home/ishabh/interbotix_ws/install/interbotix_perception_msgs/share/interbotix_perception_msgs/srv/ClusterInfoArray.srv
[0.683s] -- Up-to-date symlink: /home/ishabh/interbotix_ws/install/interbotix_perception_msgs/share/interbotix_perception_msgs/srv/ClusterInfoArray_Request.msg
[0.683s] -- Up-to-date symlink: /home/ishabh/interbotix_ws/install/interbotix_perception_msgs/share/interbotix_perception_msgs/srv/ClusterInfoArray_Response.msg
[0.683s] -- Up-to-date symlink: /home/ishabh/interbotix_ws/install/interbotix_perception_msgs/share/interbotix_perception_msgs/srv/FilterParams.srv
[0.683s] -- Up-to-date symlink: /home/ishabh/interbotix_ws/install/interbotix_perception_msgs/share/interbotix_perception_msgs/srv/FilterParams_Request.msg
[0.684s] -- Up-to-date symlink: /home/ishabh/interbotix_ws/install/interbotix_perception_msgs/share/interbotix_perception_msgs/srv/FilterParams_Response.msg
[0.684s] -- Up-to-date symlink: /home/ishabh/interbotix_ws/install/interbotix_perception_msgs/share/interbotix_perception_msgs/srv/SnapPicture.srv
[0.684s] -- Up-to-date symlink: /home/ishabh/interbotix_ws/install/interbotix_perception_msgs/share/interbotix_perception_msgs/srv/SnapPicture_Request.msg
[0.684s] -- Up-to-date symlink: /home/ishabh/interbotix_ws/install/interbotix_perception_msgs/share/interbotix_perception_msgs/srv/SnapPicture_Response.msg
[0.684s] -- Up-to-date symlink: /home/ishabh/interbotix_ws/install/interbotix_perception_msgs/share/ament_index/resource_index/package_run_dependencies/interbotix_perception_msgs
[0.684s] -- Up-to-date symlink: /home/ishabh/interbotix_ws/install/interbotix_perception_msgs/share/ament_index/resource_index/parent_prefix_path/interbotix_perception_msgs
[0.685s] -- Up-to-date symlink: /home/ishabh/interbotix_ws/install/interbotix_perception_msgs/share/interbotix_perception_msgs/environment/ament_prefix_path.sh
[0.685s] -- Up-to-date symlink: /home/ishabh/interbotix_ws/install/interbotix_perception_msgs/share/interbotix_perception_msgs/environment/ament_prefix_path.dsv
[0.685s] -- Up-to-date symlink: /home/ishabh/interbotix_ws/install/interbotix_perception_msgs/share/interbotix_perception_msgs/environment/path.sh
[0.685s] -- Up-to-date symlink: /home/ishabh/interbotix_ws/install/interbotix_perception_msgs/share/interbotix_perception_msgs/environment/path.dsv
[0.685s] -- Up-to-date symlink: /home/ishabh/interbotix_ws/install/interbotix_perception_msgs/share/interbotix_perception_msgs/local_setup.bash
[0.685s] -- Up-to-date symlink: /home/ishabh/interbotix_ws/install/interbotix_perception_msgs/share/interbotix_perception_msgs/local_setup.sh
[0.685s] -- Up-to-date symlink: /home/ishabh/interbotix_ws/install/interbotix_perception_msgs/share/interbotix_perception_msgs/local_setup.zsh
[0.685s] -- Up-to-date symlink: /home/ishabh/interbotix_ws/install/interbotix_perception_msgs/share/interbotix_perception_msgs/local_setup.dsv
[0.686s] -- Symlinking: /home/ishabh/interbotix_ws/install/interbotix_perception_msgs/share/interbotix_perception_msgs/package.dsv
[0.688s] -- Up-to-date symlink: /home/ishabh/interbotix_ws/install/interbotix_perception_msgs/share/ament_index/resource_index/packages/interbotix_perception_msgs
[0.688s] -- Up-to-date symlink: /home/ishabh/interbotix_ws/install/interbotix_perception_msgs/share/interbotix_perception_msgs/cmake/rosidl_cmake-extras.cmake
[0.689s] -- Up-to-date symlink: /home/ishabh/interbotix_ws/install/interbotix_perception_msgs/share/interbotix_perception_msgs/cmake/ament_cmake_export_dependencies-extras.cmake
[0.689s] -- Up-to-date symlink: /home/ishabh/interbotix_ws/install/interbotix_perception_msgs/share/interbotix_perception_msgs/cmake/ament_cmake_export_include_directories-extras.cmake
[0.689s] -- Up-to-date symlink: /home/ishabh/interbotix_ws/install/interbotix_perception_msgs/share/interbotix_perception_msgs/cmake/ament_cmake_export_libraries-extras.cmake
[0.689s] -- Up-to-date symlink: /home/ishabh/interbotix_ws/install/interbotix_perception_msgs/share/interbotix_perception_msgs/cmake/ament_cmake_export_targets-extras.cmake
[0.689s] -- Up-to-date symlink: /home/ishabh/interbotix_ws/install/interbotix_perception_msgs/share/interbotix_perception_msgs/cmake/rosidl_cmake_export_typesupport_targets-extras.cmake
[0.689s] -- Up-to-date symlink: /home/ishabh/interbotix_ws/install/interbotix_perception_msgs/share/interbotix_perception_msgs/cmake/rosidl_cmake_export_typesupport_libraries-extras.cmake
[0.689s] -- Up-to-date symlink: /home/ishabh/interbotix_ws/install/interbotix_perception_msgs/share/interbotix_perception_msgs/cmake/interbotix_perception_msgsConfig.cmake
[0.689s] -- Up-to-date symlink: /home/ishabh/interbotix_ws/install/interbotix_perception_msgs/share/interbotix_perception_msgs/cmake/interbotix_perception_msgsConfig-version.cmake
[0.689s] -- Up-to-date symlink: /home/ishabh/interbotix_ws/install/interbotix_perception_msgs/share/interbotix_perception_msgs/package.xml
[0.689s] -- Up-to-date: /home/ishabh/interbotix_ws/install/interbotix_perception_msgs/lib/libinterbotix_perception_msgs__rosidl_generator_c.so
[0.689s] -- Up-to-date: /home/ishabh/interbotix_ws/install/interbotix_perception_msgs/lib/libinterbotix_perception_msgs__rosidl_typesupport_fastrtps_c.so
[0.689s] -- Up-to-date: /home/ishabh/interbotix_ws/install/interbotix_perception_msgs/lib/libinterbotix_perception_msgs__rosidl_typesupport_introspection_c.so
[0.689s] -- Up-to-date: /home/ishabh/interbotix_ws/install/interbotix_perception_msgs/lib/libinterbotix_perception_msgs__rosidl_typesupport_c.so
[0.689s] -- Up-to-date: /home/ishabh/interbotix_ws/install/interbotix_perception_msgs/lib/libinterbotix_perception_msgs__rosidl_typesupport_fastrtps_cpp.so
[0.689s] -- Up-to-date: /home/ishabh/interbotix_ws/install/interbotix_perception_msgs/lib/libinterbotix_perception_msgs__rosidl_typesupport_introspection_cpp.so
[0.689s] -- Up-to-date: /home/ishabh/interbotix_ws/install/interbotix_perception_msgs/lib/libinterbotix_perception_msgs__rosidl_typesupport_cpp.so
[0.691s] Listing '/home/ishabh/interbotix_ws/install/interbotix_perception_msgs/local/lib/python3.10/dist-packages/interbotix_perception_msgs'...
[0.691s] Listing '/home/ishabh/interbotix_ws/install/interbotix_perception_msgs/local/lib/python3.10/dist-packages/interbotix_perception_msgs/msg'...
[0.691s] Listing '/home/ishabh/interbotix_ws/install/interbotix_perception_msgs/local/lib/python3.10/dist-packages/interbotix_perception_msgs/srv'...
[0.693s] -- Up-to-date: /home/ishabh/interbotix_ws/install/interbotix_perception_msgs/lib/libinterbotix_perception_msgs__rosidl_generator_py.so
[0.693s] -- Up-to-date: /home/ishabh/interbotix_ws/install/interbotix_perception_msgs/share/interbotix_perception_msgs/cmake/export_interbotix_perception_msgs__rosidl_generator_cExport.cmake
[0.693s] -- Up-to-date: /home/ishabh/interbotix_ws/install/interbotix_perception_msgs/share/interbotix_perception_msgs/cmake/export_interbotix_perception_msgs__rosidl_generator_cExport-noconfig.cmake
[0.693s] -- Up-to-date: /home/ishabh/interbotix_ws/install/interbotix_perception_msgs/share/interbotix_perception_msgs/cmake/export_interbotix_perception_msgs__rosidl_typesupport_fastrtps_cExport.cmake
[0.693s] -- Up-to-date: /home/ishabh/interbotix_ws/install/interbotix_perception_msgs/share/interbotix_perception_msgs/cmake/export_interbotix_perception_msgs__rosidl_typesupport_fastrtps_cExport-noconfig.cmake
[0.693s] -- Up-to-date: /home/ishabh/interbotix_ws/install/interbotix_perception_msgs/share/interbotix_perception_msgs/cmake/interbotix_perception_msgs__rosidl_typesupport_introspection_cExport.cmake
[0.693s] -- Up-to-date: /home/ishabh/interbotix_ws/install/interbotix_perception_msgs/share/interbotix_perception_msgs/cmake/interbotix_perception_msgs__rosidl_typesupport_introspection_cExport-noconfig.cmake
[0.693s] -- Up-to-date: /home/ishabh/interbotix_ws/install/interbotix_perception_msgs/share/interbotix_perception_msgs/cmake/interbotix_perception_msgs__rosidl_typesupport_cExport.cmake
[0.693s] -- Up-to-date: /home/ishabh/interbotix_ws/install/interbotix_perception_msgs/share/interbotix_perception_msgs/cmake/interbotix_perception_msgs__rosidl_typesupport_cExport-noconfig.cmake
[0.693s] -- Up-to-date: /home/ishabh/interbotix_ws/install/interbotix_perception_msgs/share/interbotix_perception_msgs/cmake/export_interbotix_perception_msgs__rosidl_generator_cppExport.cmake
[0.694s] -- Up-to-date: /home/ishabh/interbotix_ws/install/interbotix_perception_msgs/share/interbotix_perception_msgs/cmake/export_interbotix_perception_msgs__rosidl_typesupport_fastrtps_cppExport.cmake
[0.694s] -- Up-to-date: /home/ishabh/interbotix_ws/install/interbotix_perception_msgs/share/interbotix_perception_msgs/cmake/export_interbotix_perception_msgs__rosidl_typesupport_fastrtps_cppExport-noconfig.cmake
[0.694s] -- Up-to-date: /home/ishabh/interbotix_ws/install/interbotix_perception_msgs/share/interbotix_perception_msgs/cmake/interbotix_perception_msgs__rosidl_typesupport_introspection_cppExport.cmake
[0.694s] -- Up-to-date: /home/ishabh/interbotix_ws/install/interbotix_perception_msgs/share/interbotix_perception_msgs/cmake/interbotix_perception_msgs__rosidl_typesupport_introspection_cppExport-noconfig.cmake
[0.694s] -- Up-to-date: /home/ishabh/interbotix_ws/install/interbotix_perception_msgs/share/interbotix_perception_msgs/cmake/interbotix_perception_msgs__rosidl_typesupport_cppExport.cmake
[0.694s] -- Up-to-date: /home/ishabh/interbotix_ws/install/interbotix_perception_msgs/share/interbotix_perception_msgs/cmake/interbotix_perception_msgs__rosidl_typesupport_cppExport-noconfig.cmake
[0.694s] -- Up-to-date: /home/ishabh/interbotix_ws/install/interbotix_perception_msgs/share/interbotix_perception_msgs/cmake/export_interbotix_perception_msgs__rosidl_generator_pyExport.cmake
[0.694s] -- Up-to-date: /home/ishabh/interbotix_ws/install/interbotix_perception_msgs/share/interbotix_perception_msgs/cmake/export_interbotix_perception_msgs__rosidl_generator_pyExport-noconfig.cmake
[0.730s] Invoked command in '/home/ishabh/interbotix_ws/build/interbotix_perception_msgs' returned '0': CMAKE_PREFIX_PATH=/home/ishabh/interbotix_ws/install/wx250_bringup:/home/ishabh/interbotix_ws/install/test1:/home/ishabh/interbotix_ws/install/interbotix_xs_modules:/home/ishabh/interbotix_ws/install/interbotix_perception_modules:/home/ishabh/interbotix_ws/install/interbotix_common_modules:/home/ishabh/interbotix_ws/install/control:/home/ishabh/Desktop/sarm_ws/install/sarm_teleop:/opt/ros/humble:${CMAKE_PREFIX_PATH} /usr/bin/cmake --install /home/ishabh/interbotix_ws/build/interbotix_perception_msgs
