[0.188s] Invoking command in '/home/ishabh/interbotix_ws/build/interbotix_perception_msgs': CMAKE_PREFIX_PATH=/home/ishabh/interbotix_ws/install/interbotix_xs_modules:/home/ishabh/interbotix_ws/install/interbotix_perception_modules:/home/ishabh/interbotix_ws/install/interbotix_common_modules:/opt/ros/humble:${CMAKE_PREFIX_PATH} /usr/bin/cmake /home/ishabh/interbotix_ws/src/interbotix_ros_toolboxes/interbotix_perception_toolbox/interbotix_perception_msgs -DCMAKE_INSTALL_PREFIX=/home/ishabh/interbotix_ws/install/interbotix_perception_msgs
[0.197s] -- Found rosidl_default_generators: 1.2.0 (/opt/ros/humble/share/rosidl_default_generators/cmake)
[0.197s] -- Found ament_cmake_core: 1.3.12 (/opt/ros/humble/share/ament_cmake_core/cmake)
[0.300s] -- Override CMake install command with custom implementation using symlinks instead of copying resources
[0.304s] -- Using all available rosidl_typesupport_c: rosidl_typesupport_fastrtps_c;rosidl_typesupport_introspection_c
[0.306s] -- Found rosidl_adapter: 3.1.7 (/opt/ros/humble/share/rosidl_adapter/cmake)
[0.331s] -- Using all available rosidl_typesupport_cpp: rosidl_typesupport_fastrtps_cpp;rosidl_typesupport_introspection_cpp
[0.347s] -- Found std_msgs: 4.9.0 (/opt/ros/humble/share/std_msgs/cmake)
[0.362s] -- Found geometry_msgs: 4.9.0 (/opt/ros/humble/share/geometry_msgs/cmake)
[0.370s] -- Found sensor_msgs: 4.9.0 (/opt/ros/humble/share/sensor_msgs/cmake)
[0.627s] -- Found ament_cmake_ros: 0.10.0 (/opt/ros/humble/share/ament_cmake_ros/cmake)
[0.856s] -- Using all available rosidl_typesupport_c: rosidl_typesupport_fastrtps_c;rosidl_typesupport_introspection_c
[1.118s] -- Using all available rosidl_typesupport_cpp: rosidl_typesupport_fastrtps_cpp;rosidl_typesupport_introspection_cpp
[1.139s] -- Found python_cmake_module: 0.10.0 (/opt/ros/humble/share/python_cmake_module/cmake)
[1.161s] -- Using PYTHON_EXECUTABLE: /usr/bin/python3
[1.161s] -- Using PYTHON_INCLUDE_DIRS: /usr/include/python3.10
[1.161s] -- Using PYTHON_LIBRARIES: /usr/lib/x86_64-linux-gnu/libpython3.10.so
[1.209s] -- Found ament_lint_auto: 0.12.14 (/opt/ros/humble/share/ament_lint_auto/cmake)
[1.221s] -- Configuring done
[1.247s] -- Generating done
[1.255s] -- Build files have been written to: /home/ishabh/interbotix_ws/build/interbotix_perception_msgs
[1.260s] Invoked command in '/home/ishabh/interbotix_ws/build/interbotix_perception_msgs' returned '0': CMAKE_PREFIX_PATH=/home/ishabh/interbotix_ws/install/interbotix_xs_modules:/home/ishabh/interbotix_ws/install/interbotix_perception_modules:/home/ishabh/interbotix_ws/install/interbotix_common_modules:/opt/ros/humble:${CMAKE_PREFIX_PATH} /usr/bin/cmake /home/ishabh/interbotix_ws/src/interbotix_ros_toolboxes/interbotix_perception_toolbox/interbotix_perception_msgs -DCMAKE_INSTALL_PREFIX=/home/ishabh/interbotix_ws/install/interbotix_perception_msgs
[1.262s] Invoking command in '/home/ishabh/interbotix_ws/build/interbotix_perception_msgs': CMAKE_PREFIX_PATH=/home/ishabh/interbotix_ws/install/interbotix_xs_modules:/home/ishabh/interbotix_ws/install/interbotix_perception_modules:/home/ishabh/interbotix_ws/install/interbotix_common_modules:/opt/ros/humble:${CMAKE_PREFIX_PATH} /usr/bin/cmake --build /home/ishabh/interbotix_ws/build/interbotix_perception_msgs -- -j32 -l32
[1.296s] [35m[1mConsolidate compiler generated dependencies of target interbotix_perception_msgs__rosidl_generator_c[0m
[1.304s] [  1%] Built target interbotix_perception_msgs__cpp
[1.308s] [ 12%] Built target interbotix_perception_msgs__rosidl_generator_c
[1.309s] [ 12%] Built target ament_cmake_python_symlink_interbotix_perception_msgs
[1.318s] [35m[1mConsolidate compiler generated dependencies of target interbotix_perception_msgs__rosidl_typesupport_cpp[0m
[1.318s] [35m[1mConsolidate compiler generated dependencies of target interbotix_perception_msgs__rosidl_typesupport_fastrtps_cpp[0m
[1.318s] [35m[1mConsolidate compiler generated dependencies of target interbotix_perception_msgs__rosidl_typesupport_introspection_cpp[0m
[1.318s] [35m[1mConsolidate compiler generated dependencies of target interbotix_perception_msgs__rosidl_typesupport_c[0m
[1.322s] [35m[1mConsolidate compiler generated dependencies of target interbotix_perception_msgs__rosidl_typesupport_fastrtps_c[0m
[1.322s] [35m[1mConsolidate compiler generated dependencies of target interbotix_perception_msgs__rosidl_typesupport_introspection_c[0m
[1.330s] [ 23%] Built target interbotix_perception_msgs__rosidl_typesupport_c
[1.332s] [ 34%] Built target interbotix_perception_msgs__rosidl_typesupport_fastrtps_cpp
[1.333s] [ 45%] Built target interbotix_perception_msgs__rosidl_typesupport_cpp
[1.333s] [ 56%] Built target interbotix_perception_msgs__rosidl_typesupport_introspection_cpp
[1.334s] [ 67%] Built target interbotix_perception_msgs__rosidl_typesupport_introspection_c
[1.334s] [ 78%] Built target interbotix_perception_msgs__rosidl_typesupport_fastrtps_c
[1.353s] [ 78%] Built target interbotix_perception_msgs
[1.373s] [ 80%] Built target interbotix_perception_msgs__py
[1.384s] [35m[1mConsolidate compiler generated dependencies of target interbotix_perception_msgs__rosidl_generator_py[0m
[1.394s] [ 89%] Built target interbotix_perception_msgs__rosidl_generator_py
[1.402s] [35m[1mConsolidate compiler generated dependencies of target interbotix_perception_msgs__rosidl_typesupport_introspection_c__pyext[0m
[1.404s] [35m[1mConsolidate compiler generated dependencies of target interbotix_perception_msgs__rosidl_typesupport_fastrtps_c__pyext[0m
[1.404s] [35m[1mConsolidate compiler generated dependencies of target interbotix_perception_msgs__rosidl_typesupport_c__pyext[0m
[1.414s] [ 92%] Built target interbotix_perception_msgs__rosidl_typesupport_introspection_c__pyext
[1.415s] [ 96%] Built target interbotix_perception_msgs__rosidl_typesupport_fastrtps_c__pyext
[1.416s] [100%] Built target interbotix_perception_msgs__rosidl_typesupport_c__pyext
[1.475s] running egg_info
[1.475s] writing interbotix_perception_msgs.egg-info/PKG-INFO
[1.475s] writing dependency_links to interbotix_perception_msgs.egg-info/dependency_links.txt
[1.476s] writing top-level names to interbotix_perception_msgs.egg-info/top_level.txt
[1.477s] reading manifest file 'interbotix_perception_msgs.egg-info/SOURCES.txt'
[1.478s] writing manifest file 'interbotix_perception_msgs.egg-info/SOURCES.txt'
[1.496s] [100%] Built target ament_cmake_python_build_interbotix_perception_msgs_egg
[1.507s] Invoked command in '/home/ishabh/interbotix_ws/build/interbotix_perception_msgs' returned '0': CMAKE_PREFIX_PATH=/home/ishabh/interbotix_ws/install/interbotix_xs_modules:/home/ishabh/interbotix_ws/install/interbotix_perception_modules:/home/ishabh/interbotix_ws/install/interbotix_common_modules:/opt/ros/humble:${CMAKE_PREFIX_PATH} /usr/bin/cmake --build /home/ishabh/interbotix_ws/build/interbotix_perception_msgs -- -j32 -l32
[1.509s] Invoking command in '/home/ishabh/interbotix_ws/build/interbotix_perception_msgs': CMAKE_PREFIX_PATH=/home/ishabh/interbotix_ws/install/interbotix_xs_modules:/home/ishabh/interbotix_ws/install/interbotix_perception_modules:/home/ishabh/interbotix_ws/install/interbotix_common_modules:/opt/ros/humble:${CMAKE_PREFIX_PATH} /usr/bin/cmake --install /home/ishabh/interbotix_ws/build/interbotix_perception_msgs
[1.515s] -- Install configuration: ""
[1.516s] -- Execute custom install script
[1.516s] -- Up-to-date symlink: /home/ishabh/interbotix_ws/install/interbotix_perception_msgs/share/ament_index/resource_index/rosidl_interfaces/interbotix_perception_msgs
[1.516s] -- Up-to-date symlink: /home/ishabh/interbotix_ws/install/interbotix_perception_msgs/include/interbotix_perception_msgs/interbotix_perception_msgs/msg/cluster_info.h
[1.516s] -- Up-to-date symlink: /home/ishabh/interbotix_ws/install/interbotix_perception_msgs/include/interbotix_perception_msgs/interbotix_perception_msgs/msg/detail/cluster_info__functions.h
[1.516s] -- Up-to-date symlink: /home/ishabh/interbotix_ws/install/interbotix_perception_msgs/include/interbotix_perception_msgs/interbotix_perception_msgs/msg/detail/cluster_info__struct.h
[1.516s] -- Up-to-date symlink: /home/ishabh/interbotix_ws/install/interbotix_perception_msgs/include/interbotix_perception_msgs/interbotix_perception_msgs/msg/detail/cluster_info__type_support.h
[1.516s] -- Up-to-date symlink: /home/ishabh/interbotix_ws/install/interbotix_perception_msgs/include/interbotix_perception_msgs/interbotix_perception_msgs/msg/rosidl_generator_c__visibility_control.h
[1.516s] -- Up-to-date symlink: /home/ishabh/interbotix_ws/install/interbotix_perception_msgs/include/interbotix_perception_msgs/interbotix_perception_msgs/srv/cluster_info_array.h
[1.516s] -- Up-to-date symlink: /home/ishabh/interbotix_ws/install/interbotix_perception_msgs/include/interbotix_perception_msgs/interbotix_perception_msgs/srv/detail/cluster_info_array__functions.h
[1.517s] -- Up-to-date symlink: /home/ishabh/interbotix_ws/install/interbotix_perception_msgs/include/interbotix_perception_msgs/interbotix_perception_msgs/srv/detail/cluster_info_array__struct.h
[1.517s] -- Up-to-date symlink: /home/ishabh/interbotix_ws/install/interbotix_perception_msgs/include/interbotix_perception_msgs/interbotix_perception_msgs/srv/detail/cluster_info_array__type_support.h
[1.517s] -- Up-to-date symlink: /home/ishabh/interbotix_ws/install/interbotix_perception_msgs/include/interbotix_perception_msgs/interbotix_perception_msgs/srv/detail/filter_params__functions.h
[1.517s] -- Up-to-date symlink: /home/ishabh/interbotix_ws/install/interbotix_perception_msgs/include/interbotix_perception_msgs/interbotix_perception_msgs/srv/detail/filter_params__struct.h
[1.517s] -- Up-to-date symlink: /home/ishabh/interbotix_ws/install/interbotix_perception_msgs/include/interbotix_perception_msgs/interbotix_perception_msgs/srv/detail/filter_params__type_support.h
[1.517s] -- Up-to-date symlink: /home/ishabh/interbotix_ws/install/interbotix_perception_msgs/include/interbotix_perception_msgs/interbotix_perception_msgs/srv/detail/snap_picture__functions.h
[1.517s] -- Up-to-date symlink: /home/ishabh/interbotix_ws/install/interbotix_perception_msgs/include/interbotix_perception_msgs/interbotix_perception_msgs/srv/detail/snap_picture__struct.h
[1.517s] -- Up-to-date symlink: /home/ishabh/interbotix_ws/install/interbotix_perception_msgs/include/interbotix_perception_msgs/interbotix_perception_msgs/srv/detail/snap_picture__type_support.h
[1.517s] -- Up-to-date symlink: /home/ishabh/interbotix_ws/install/interbotix_perception_msgs/include/interbotix_perception_msgs/interbotix_perception_msgs/srv/filter_params.h
[1.517s] -- Up-to-date symlink: /home/ishabh/interbotix_ws/install/interbotix_perception_msgs/include/interbotix_perception_msgs/interbotix_perception_msgs/srv/snap_picture.h
[1.517s] -- Up-to-date symlink: /home/ishabh/interbotix_ws/install/interbotix_perception_msgs/share/interbotix_perception_msgs/environment/library_path.sh
[1.517s] -- Up-to-date symlink: /home/ishabh/interbotix_ws/install/interbotix_perception_msgs/share/interbotix_perception_msgs/environment/library_path.dsv
[1.517s] -- Up-to-date symlink: /home/ishabh/interbotix_ws/install/interbotix_perception_msgs/include/interbotix_perception_msgs/interbotix_perception_msgs/msg/detail/cluster_info__rosidl_typesupport_fastrtps_c.h
[1.517s] -- Up-to-date symlink: /home/ishabh/interbotix_ws/install/interbotix_perception_msgs/include/interbotix_perception_msgs/interbotix_perception_msgs/msg/rosidl_typesupport_fastrtps_c__visibility_control.h
[1.517s] -- Up-to-date symlink: /home/ishabh/interbotix_ws/install/interbotix_perception_msgs/include/interbotix_perception_msgs/interbotix_perception_msgs/srv/detail/cluster_info_array__rosidl_typesupport_fastrtps_c.h
[1.517s] -- Up-to-date symlink: /home/ishabh/interbotix_ws/install/interbotix_perception_msgs/include/interbotix_perception_msgs/interbotix_perception_msgs/srv/detail/filter_params__rosidl_typesupport_fastrtps_c.h
[1.517s] -- Up-to-date symlink: /home/ishabh/interbotix_ws/install/interbotix_perception_msgs/include/interbotix_perception_msgs/interbotix_perception_msgs/srv/detail/snap_picture__rosidl_typesupport_fastrtps_c.h
[1.518s] -- Up-to-date symlink: /home/ishabh/interbotix_ws/install/interbotix_perception_msgs/include/interbotix_perception_msgs/interbotix_perception_msgs/msg/detail/cluster_info__rosidl_typesupport_introspection_c.h
[1.518s] -- Up-to-date symlink: /home/ishabh/interbotix_ws/install/interbotix_perception_msgs/include/interbotix_perception_msgs/interbotix_perception_msgs/msg/rosidl_typesupport_introspection_c__visibility_control.h
[1.518s] -- Up-to-date symlink: /home/ishabh/interbotix_ws/install/interbotix_perception_msgs/include/interbotix_perception_msgs/interbotix_perception_msgs/srv/detail/cluster_info_array__rosidl_typesupport_introspection_c.h
[1.518s] -- Up-to-date symlink: /home/ishabh/interbotix_ws/install/interbotix_perception_msgs/include/interbotix_perception_msgs/interbotix_perception_msgs/srv/detail/filter_params__rosidl_typesupport_introspection_c.h
[1.518s] -- Up-to-date symlink: /home/ishabh/interbotix_ws/install/interbotix_perception_msgs/include/interbotix_perception_msgs/interbotix_perception_msgs/srv/detail/snap_picture__rosidl_typesupport_introspection_c.h
[1.518s] -- Up-to-date symlink: /home/ishabh/interbotix_ws/install/interbotix_perception_msgs/include/interbotix_perception_msgs/interbotix_perception_msgs/msg/cluster_info.hpp
[1.518s] -- Up-to-date symlink: /home/ishabh/interbotix_ws/install/interbotix_perception_msgs/include/interbotix_perception_msgs/interbotix_perception_msgs/msg/detail/cluster_info__builder.hpp
[1.518s] -- Up-to-date symlink: /home/ishabh/interbotix_ws/install/interbotix_perception_msgs/include/interbotix_perception_msgs/interbotix_perception_msgs/msg/detail/cluster_info__struct.hpp
[1.519s] -- Up-to-date symlink: /home/ishabh/interbotix_ws/install/interbotix_perception_msgs/include/interbotix_perception_msgs/interbotix_perception_msgs/msg/detail/cluster_info__traits.hpp
[1.519s] -- Up-to-date symlink: /home/ishabh/interbotix_ws/install/interbotix_perception_msgs/include/interbotix_perception_msgs/interbotix_perception_msgs/msg/detail/cluster_info__type_support.hpp
[1.519s] -- Up-to-date symlink: /home/ishabh/interbotix_ws/install/interbotix_perception_msgs/include/interbotix_perception_msgs/interbotix_perception_msgs/msg/rosidl_generator_cpp__visibility_control.hpp
[1.519s] -- Up-to-date symlink: /home/ishabh/interbotix_ws/install/interbotix_perception_msgs/include/interbotix_perception_msgs/interbotix_perception_msgs/srv/cluster_info_array.hpp
[1.519s] -- Up-to-date symlink: /home/ishabh/interbotix_ws/install/interbotix_perception_msgs/include/interbotix_perception_msgs/interbotix_perception_msgs/srv/detail/cluster_info_array__builder.hpp
[1.519s] -- Up-to-date symlink: /home/ishabh/interbotix_ws/install/interbotix_perception_msgs/include/interbotix_perception_msgs/interbotix_perception_msgs/srv/detail/cluster_info_array__struct.hpp
[1.519s] -- Up-to-date symlink: /home/ishabh/interbotix_ws/install/interbotix_perception_msgs/include/interbotix_perception_msgs/interbotix_perception_msgs/srv/detail/cluster_info_array__traits.hpp
[1.519s] -- Up-to-date symlink: /home/ishabh/interbotix_ws/install/interbotix_perception_msgs/include/interbotix_perception_msgs/interbotix_perception_msgs/srv/detail/cluster_info_array__type_support.hpp
[1.519s] -- Up-to-date symlink: /home/ishabh/interbotix_ws/install/interbotix_perception_msgs/include/interbotix_perception_msgs/interbotix_perception_msgs/srv/detail/filter_params__builder.hpp
[1.519s] -- Up-to-date symlink: /home/ishabh/interbotix_ws/install/interbotix_perception_msgs/include/interbotix_perception_msgs/interbotix_perception_msgs/srv/detail/filter_params__struct.hpp
[1.519s] -- Up-to-date symlink: /home/ishabh/interbotix_ws/install/interbotix_perception_msgs/include/interbotix_perception_msgs/interbotix_perception_msgs/srv/detail/filter_params__traits.hpp
[1.519s] -- Up-to-date symlink: /home/ishabh/interbotix_ws/install/interbotix_perception_msgs/include/interbotix_perception_msgs/interbotix_perception_msgs/srv/detail/filter_params__type_support.hpp
[1.519s] -- Up-to-date symlink: /home/ishabh/interbotix_ws/install/interbotix_perception_msgs/include/interbotix_perception_msgs/interbotix_perception_msgs/srv/detail/snap_picture__builder.hpp
[1.519s] -- Up-to-date symlink: /home/ishabh/interbotix_ws/install/interbotix_perception_msgs/include/interbotix_perception_msgs/interbotix_perception_msgs/srv/detail/snap_picture__struct.hpp
[1.520s] -- Up-to-date symlink: /home/ishabh/interbotix_ws/install/interbotix_perception_msgs/include/interbotix_perception_msgs/interbotix_perception_msgs/srv/detail/snap_picture__traits.hpp
[1.520s] -- Up-to-date symlink: /home/ishabh/interbotix_ws/install/interbotix_perception_msgs/include/interbotix_perception_msgs/interbotix_perception_msgs/srv/detail/snap_picture__type_support.hpp
[1.520s] -- Up-to-date symlink: /home/ishabh/interbotix_ws/install/interbotix_perception_msgs/include/interbotix_perception_msgs/interbotix_perception_msgs/srv/filter_params.hpp
[1.520s] -- Up-to-date symlink: /home/ishabh/interbotix_ws/install/interbotix_perception_msgs/include/interbotix_perception_msgs/interbotix_perception_msgs/srv/snap_picture.hpp
[1.520s] -- Up-to-date symlink: /home/ishabh/interbotix_ws/install/interbotix_perception_msgs/include/interbotix_perception_msgs/interbotix_perception_msgs/msg/detail/cluster_info__rosidl_typesupport_fastrtps_cpp.hpp
[1.520s] -- Up-to-date symlink: /home/ishabh/interbotix_ws/install/interbotix_perception_msgs/include/interbotix_perception_msgs/interbotix_perception_msgs/msg/rosidl_typesupport_fastrtps_cpp__visibility_control.h
[1.520s] -- Up-to-date symlink: /home/ishabh/interbotix_ws/install/interbotix_perception_msgs/include/interbotix_perception_msgs/interbotix_perception_msgs/srv/detail/cluster_info_array__rosidl_typesupport_fastrtps_cpp.hpp
[1.520s] -- Up-to-date symlink: /home/ishabh/interbotix_ws/install/interbotix_perception_msgs/include/interbotix_perception_msgs/interbotix_perception_msgs/srv/detail/filter_params__rosidl_typesupport_fastrtps_cpp.hpp
[1.520s] -- Up-to-date symlink: /home/ishabh/interbotix_ws/install/interbotix_perception_msgs/include/interbotix_perception_msgs/interbotix_perception_msgs/srv/detail/snap_picture__rosidl_typesupport_fastrtps_cpp.hpp
[1.520s] -- Up-to-date symlink: /home/ishabh/interbotix_ws/install/interbotix_perception_msgs/include/interbotix_perception_msgs/interbotix_perception_msgs/msg/detail/cluster_info__rosidl_typesupport_introspection_cpp.hpp
[1.520s] -- Up-to-date symlink: /home/ishabh/interbotix_ws/install/interbotix_perception_msgs/include/interbotix_perception_msgs/interbotix_perception_msgs/srv/detail/cluster_info_array__rosidl_typesupport_introspection_cpp.hpp
[1.520s] -- Up-to-date symlink: /home/ishabh/interbotix_ws/install/interbotix_perception_msgs/include/interbotix_perception_msgs/interbotix_perception_msgs/srv/detail/filter_params__rosidl_typesupport_introspection_cpp.hpp
[1.520s] -- Up-to-date symlink: /home/ishabh/interbotix_ws/install/interbotix_perception_msgs/include/interbotix_perception_msgs/interbotix_perception_msgs/srv/detail/snap_picture__rosidl_typesupport_introspection_cpp.hpp
[1.520s] -- Up-to-date symlink: /home/ishabh/interbotix_ws/install/interbotix_perception_msgs/share/interbotix_perception_msgs/environment/pythonpath.sh
[1.521s] -- Up-to-date symlink: /home/ishabh/interbotix_ws/install/interbotix_perception_msgs/share/interbotix_perception_msgs/environment/pythonpath.dsv
[1.521s] -- Up-to-date symlink: /home/ishabh/interbotix_ws/install/interbotix_perception_msgs/local/lib/python3.10/dist-packages/interbotix_perception_msgs-0.0.0-py3.10.egg-info/PKG-INFO
[1.521s] -- Up-to-date symlink: /home/ishabh/interbotix_ws/install/interbotix_perception_msgs/local/lib/python3.10/dist-packages/interbotix_perception_msgs-0.0.0-py3.10.egg-info/SOURCES.txt
[1.521s] -- Up-to-date symlink: /home/ishabh/interbotix_ws/install/interbotix_perception_msgs/local/lib/python3.10/dist-packages/interbotix_perception_msgs-0.0.0-py3.10.egg-info/dependency_links.txt
[1.521s] -- Up-to-date symlink: /home/ishabh/interbotix_ws/install/interbotix_perception_msgs/local/lib/python3.10/dist-packages/interbotix_perception_msgs-0.0.0-py3.10.egg-info/top_level.txt
[1.521s] -- Up-to-date symlink: /home/ishabh/interbotix_ws/install/interbotix_perception_msgs/local/lib/python3.10/dist-packages/interbotix_perception_msgs/__init__.py
[1.521s] -- Up-to-date symlink: /home/ishabh/interbotix_ws/install/interbotix_perception_msgs/local/lib/python3.10/dist-packages/interbotix_perception_msgs/_interbotix_perception_msgs_s.ep.rosidl_typesupport_c.c
[1.521s] -- Up-to-date symlink: /home/ishabh/interbotix_ws/install/interbotix_perception_msgs/local/lib/python3.10/dist-packages/interbotix_perception_msgs/_interbotix_perception_msgs_s.ep.rosidl_typesupport_fastrtps_c.c
[1.521s] -- Up-to-date symlink: /home/ishabh/interbotix_ws/install/interbotix_perception_msgs/local/lib/python3.10/dist-packages/interbotix_perception_msgs/_interbotix_perception_msgs_s.ep.rosidl_typesupport_introspection_c.c
[1.521s] -- Up-to-date symlink: /home/ishabh/interbotix_ws/install/interbotix_perception_msgs/local/lib/python3.10/dist-packages/interbotix_perception_msgs/interbotix_perception_msgs_s__rosidl_typesupport_c.cpython-310-x86_64-linux-gnu.so
[1.521s] -- Up-to-date symlink: /home/ishabh/interbotix_ws/install/interbotix_perception_msgs/local/lib/python3.10/dist-packages/interbotix_perception_msgs/interbotix_perception_msgs_s__rosidl_typesupport_fastrtps_c.cpython-310-x86_64-linux-gnu.so
[1.521s] -- Up-to-date symlink: /home/ishabh/interbotix_ws/install/interbotix_perception_msgs/local/lib/python3.10/dist-packages/interbotix_perception_msgs/interbotix_perception_msgs_s__rosidl_typesupport_introspection_c.cpython-310-x86_64-linux-gnu.so
[1.521s] -- Up-to-date symlink: /home/ishabh/interbotix_ws/install/interbotix_perception_msgs/local/lib/python3.10/dist-packages/interbotix_perception_msgs/libinterbotix_perception_msgs__rosidl_generator_py.so
[1.522s] -- Up-to-date symlink: /home/ishabh/interbotix_ws/install/interbotix_perception_msgs/local/lib/python3.10/dist-packages/interbotix_perception_msgs/msg/__init__.py
[1.522s] -- Up-to-date symlink: /home/ishabh/interbotix_ws/install/interbotix_perception_msgs/local/lib/python3.10/dist-packages/interbotix_perception_msgs/msg/_cluster_info.py
[1.522s] -- Up-to-date symlink: /home/ishabh/interbotix_ws/install/interbotix_perception_msgs/local/lib/python3.10/dist-packages/interbotix_perception_msgs/msg/_cluster_info_s.c
[1.522s] -- Up-to-date symlink: /home/ishabh/interbotix_ws/install/interbotix_perception_msgs/local/lib/python3.10/dist-packages/interbotix_perception_msgs/srv/__init__.py
[1.522s] -- Up-to-date symlink: /home/ishabh/interbotix_ws/install/interbotix_perception_msgs/local/lib/python3.10/dist-packages/interbotix_perception_msgs/srv/_cluster_info_array.py
[1.522s] -- Up-to-date symlink: /home/ishabh/interbotix_ws/install/interbotix_perception_msgs/local/lib/python3.10/dist-packages/interbotix_perception_msgs/srv/_cluster_info_array_s.c
[1.522s] -- Up-to-date symlink: /home/ishabh/interbotix_ws/install/interbotix_perception_msgs/local/lib/python3.10/dist-packages/interbotix_perception_msgs/srv/_filter_params.py
[1.522s] -- Up-to-date symlink: /home/ishabh/interbotix_ws/install/interbotix_perception_msgs/local/lib/python3.10/dist-packages/interbotix_perception_msgs/srv/_filter_params_s.c
[1.522s] -- Up-to-date symlink: /home/ishabh/interbotix_ws/install/interbotix_perception_msgs/local/lib/python3.10/dist-packages/interbotix_perception_msgs/srv/_snap_picture.py
[1.522s] -- Up-to-date symlink: /home/ishabh/interbotix_ws/install/interbotix_perception_msgs/local/lib/python3.10/dist-packages/interbotix_perception_msgs/srv/_snap_picture_s.c
[1.522s] -- Up-to-date symlink: /home/ishabh/interbotix_ws/install/interbotix_perception_msgs/local/lib/python3.10/dist-packages/interbotix_perception_msgs/interbotix_perception_msgs_s__rosidl_typesupport_fastrtps_c.cpython-310-x86_64-linux-gnu.so
[1.522s] -- Up-to-date symlink: /home/ishabh/interbotix_ws/install/interbotix_perception_msgs/local/lib/python3.10/dist-packages/interbotix_perception_msgs/interbotix_perception_msgs_s__rosidl_typesupport_introspection_c.cpython-310-x86_64-linux-gnu.so
[1.522s] -- Up-to-date symlink: /home/ishabh/interbotix_ws/install/interbotix_perception_msgs/local/lib/python3.10/dist-packages/interbotix_perception_msgs/interbotix_perception_msgs_s__rosidl_typesupport_c.cpython-310-x86_64-linux-gnu.so
[1.522s] -- Up-to-date symlink: /home/ishabh/interbotix_ws/install/interbotix_perception_msgs/share/interbotix_perception_msgs/msg/ClusterInfo.idl
[1.522s] -- Up-to-date symlink: /home/ishabh/interbotix_ws/install/interbotix_perception_msgs/share/interbotix_perception_msgs/srv/ClusterInfoArray.idl
[1.523s] -- Up-to-date symlink: /home/ishabh/interbotix_ws/install/interbotix_perception_msgs/share/interbotix_perception_msgs/srv/FilterParams.idl
[1.523s] -- Up-to-date symlink: /home/ishabh/interbotix_ws/install/interbotix_perception_msgs/share/interbotix_perception_msgs/srv/SnapPicture.idl
[1.523s] -- Up-to-date symlink: /home/ishabh/interbotix_ws/install/interbotix_perception_msgs/share/interbotix_perception_msgs/msg/ClusterInfo.msg
[1.523s] -- Up-to-date symlink: /home/ishabh/interbotix_ws/install/interbotix_perception_msgs/share/interbotix_perception_msgs/srv/ClusterInfoArray.srv
[1.523s] -- Up-to-date symlink: /home/ishabh/interbotix_ws/install/interbotix_perception_msgs/share/interbotix_perception_msgs/srv/ClusterInfoArray_Request.msg
[1.523s] -- Up-to-date symlink: /home/ishabh/interbotix_ws/install/interbotix_perception_msgs/share/interbotix_perception_msgs/srv/ClusterInfoArray_Response.msg
[1.523s] -- Up-to-date symlink: /home/ishabh/interbotix_ws/install/interbotix_perception_msgs/share/interbotix_perception_msgs/srv/FilterParams.srv
[1.523s] -- Up-to-date symlink: /home/ishabh/interbotix_ws/install/interbotix_perception_msgs/share/interbotix_perception_msgs/srv/FilterParams_Request.msg
[1.523s] -- Up-to-date symlink: /home/ishabh/interbotix_ws/install/interbotix_perception_msgs/share/interbotix_perception_msgs/srv/FilterParams_Response.msg
[1.523s] -- Up-to-date symlink: /home/ishabh/interbotix_ws/install/interbotix_perception_msgs/share/interbotix_perception_msgs/srv/SnapPicture.srv
[1.523s] -- Up-to-date symlink: /home/ishabh/interbotix_ws/install/interbotix_perception_msgs/share/interbotix_perception_msgs/srv/SnapPicture_Request.msg
[1.523s] -- Up-to-date symlink: /home/ishabh/interbotix_ws/install/interbotix_perception_msgs/share/interbotix_perception_msgs/srv/SnapPicture_Response.msg
[1.523s] -- Up-to-date symlink: /home/ishabh/interbotix_ws/install/interbotix_perception_msgs/share/ament_index/resource_index/package_run_dependencies/interbotix_perception_msgs
[1.523s] -- Up-to-date symlink: /home/ishabh/interbotix_ws/install/interbotix_perception_msgs/share/ament_index/resource_index/parent_prefix_path/interbotix_perception_msgs
[1.523s] -- Up-to-date symlink: /home/ishabh/interbotix_ws/install/interbotix_perception_msgs/share/interbotix_perception_msgs/environment/ament_prefix_path.sh
[1.523s] -- Up-to-date symlink: /home/ishabh/interbotix_ws/install/interbotix_perception_msgs/share/interbotix_perception_msgs/environment/ament_prefix_path.dsv
[1.524s] -- Up-to-date symlink: /home/ishabh/interbotix_ws/install/interbotix_perception_msgs/share/interbotix_perception_msgs/environment/path.sh
[1.524s] -- Up-to-date symlink: /home/ishabh/interbotix_ws/install/interbotix_perception_msgs/share/interbotix_perception_msgs/environment/path.dsv
[1.524s] -- Up-to-date symlink: /home/ishabh/interbotix_ws/install/interbotix_perception_msgs/share/interbotix_perception_msgs/local_setup.bash
[1.524s] -- Up-to-date symlink: /home/ishabh/interbotix_ws/install/interbotix_perception_msgs/share/interbotix_perception_msgs/local_setup.sh
[1.524s] -- Up-to-date symlink: /home/ishabh/interbotix_ws/install/interbotix_perception_msgs/share/interbotix_perception_msgs/local_setup.zsh
[1.524s] -- Up-to-date symlink: /home/ishabh/interbotix_ws/install/interbotix_perception_msgs/share/interbotix_perception_msgs/local_setup.dsv
[1.524s] -- Symlinking: /home/ishabh/interbotix_ws/install/interbotix_perception_msgs/share/interbotix_perception_msgs/package.dsv
[1.533s] -- Up-to-date symlink: /home/ishabh/interbotix_ws/install/interbotix_perception_msgs/share/ament_index/resource_index/packages/interbotix_perception_msgs
[1.533s] -- Up-to-date symlink: /home/ishabh/interbotix_ws/install/interbotix_perception_msgs/share/interbotix_perception_msgs/cmake/rosidl_cmake-extras.cmake
[1.533s] -- Up-to-date symlink: /home/ishabh/interbotix_ws/install/interbotix_perception_msgs/share/interbotix_perception_msgs/cmake/ament_cmake_export_dependencies-extras.cmake
[1.533s] -- Up-to-date symlink: /home/ishabh/interbotix_ws/install/interbotix_perception_msgs/share/interbotix_perception_msgs/cmake/ament_cmake_export_include_directories-extras.cmake
[1.533s] -- Up-to-date symlink: /home/ishabh/interbotix_ws/install/interbotix_perception_msgs/share/interbotix_perception_msgs/cmake/ament_cmake_export_libraries-extras.cmake
[1.533s] -- Up-to-date symlink: /home/ishabh/interbotix_ws/install/interbotix_perception_msgs/share/interbotix_perception_msgs/cmake/ament_cmake_export_targets-extras.cmake
[1.533s] -- Up-to-date symlink: /home/ishabh/interbotix_ws/install/interbotix_perception_msgs/share/interbotix_perception_msgs/cmake/rosidl_cmake_export_typesupport_targets-extras.cmake
[1.533s] -- Up-to-date symlink: /home/ishabh/interbotix_ws/install/interbotix_perception_msgs/share/interbotix_perception_msgs/cmake/rosidl_cmake_export_typesupport_libraries-extras.cmake
[1.533s] -- Up-to-date symlink: /home/ishabh/interbotix_ws/install/interbotix_perception_msgs/share/interbotix_perception_msgs/cmake/interbotix_perception_msgsConfig.cmake
[1.533s] -- Up-to-date symlink: /home/ishabh/interbotix_ws/install/interbotix_perception_msgs/share/interbotix_perception_msgs/cmake/interbotix_perception_msgsConfig-version.cmake
[1.533s] -- Up-to-date symlink: /home/ishabh/interbotix_ws/install/interbotix_perception_msgs/share/interbotix_perception_msgs/package.xml
[1.534s] -- Up-to-date: /home/ishabh/interbotix_ws/install/interbotix_perception_msgs/lib/libinterbotix_perception_msgs__rosidl_generator_c.so
[1.534s] -- Up-to-date: /home/ishabh/interbotix_ws/install/interbotix_perception_msgs/lib/libinterbotix_perception_msgs__rosidl_typesupport_fastrtps_c.so
[1.534s] -- Up-to-date: /home/ishabh/interbotix_ws/install/interbotix_perception_msgs/lib/libinterbotix_perception_msgs__rosidl_typesupport_introspection_c.so
[1.534s] -- Up-to-date: /home/ishabh/interbotix_ws/install/interbotix_perception_msgs/lib/libinterbotix_perception_msgs__rosidl_typesupport_c.so
[1.534s] -- Up-to-date: /home/ishabh/interbotix_ws/install/interbotix_perception_msgs/lib/libinterbotix_perception_msgs__rosidl_typesupport_fastrtps_cpp.so
[1.534s] -- Up-to-date: /home/ishabh/interbotix_ws/install/interbotix_perception_msgs/lib/libinterbotix_perception_msgs__rosidl_typesupport_introspection_cpp.so
[1.534s] -- Up-to-date: /home/ishabh/interbotix_ws/install/interbotix_perception_msgs/lib/libinterbotix_perception_msgs__rosidl_typesupport_cpp.so
[1.558s] Listing '/home/ishabh/interbotix_ws/install/interbotix_perception_msgs/local/lib/python3.10/dist-packages/interbotix_perception_msgs'...
[1.558s] Compiling '/home/ishabh/interbotix_ws/install/interbotix_perception_msgs/local/lib/python3.10/dist-packages/interbotix_perception_msgs/__init__.py'...
[1.559s] Listing '/home/ishabh/interbotix_ws/install/interbotix_perception_msgs/local/lib/python3.10/dist-packages/interbotix_perception_msgs/msg'...
[1.559s] Listing '/home/ishabh/interbotix_ws/install/interbotix_perception_msgs/local/lib/python3.10/dist-packages/interbotix_perception_msgs/srv'...
[1.561s] -- Up-to-date: /home/ishabh/interbotix_ws/install/interbotix_perception_msgs/lib/libinterbotix_perception_msgs__rosidl_generator_py.so
[1.562s] -- Up-to-date: /home/ishabh/interbotix_ws/install/interbotix_perception_msgs/share/interbotix_perception_msgs/cmake/export_interbotix_perception_msgs__rosidl_generator_cExport.cmake
[1.562s] -- Up-to-date: /home/ishabh/interbotix_ws/install/interbotix_perception_msgs/share/interbotix_perception_msgs/cmake/export_interbotix_perception_msgs__rosidl_generator_cExport-noconfig.cmake
[1.562s] -- Up-to-date: /home/ishabh/interbotix_ws/install/interbotix_perception_msgs/share/interbotix_perception_msgs/cmake/export_interbotix_perception_msgs__rosidl_typesupport_fastrtps_cExport.cmake
[1.562s] -- Up-to-date: /home/ishabh/interbotix_ws/install/interbotix_perception_msgs/share/interbotix_perception_msgs/cmake/export_interbotix_perception_msgs__rosidl_typesupport_fastrtps_cExport-noconfig.cmake
[1.562s] -- Up-to-date: /home/ishabh/interbotix_ws/install/interbotix_perception_msgs/share/interbotix_perception_msgs/cmake/interbotix_perception_msgs__rosidl_typesupport_introspection_cExport.cmake
[1.562s] -- Up-to-date: /home/ishabh/interbotix_ws/install/interbotix_perception_msgs/share/interbotix_perception_msgs/cmake/interbotix_perception_msgs__rosidl_typesupport_introspection_cExport-noconfig.cmake
[1.562s] -- Up-to-date: /home/ishabh/interbotix_ws/install/interbotix_perception_msgs/share/interbotix_perception_msgs/cmake/interbotix_perception_msgs__rosidl_typesupport_cExport.cmake
[1.562s] -- Up-to-date: /home/ishabh/interbotix_ws/install/interbotix_perception_msgs/share/interbotix_perception_msgs/cmake/interbotix_perception_msgs__rosidl_typesupport_cExport-noconfig.cmake
[1.562s] -- Up-to-date: /home/ishabh/interbotix_ws/install/interbotix_perception_msgs/share/interbotix_perception_msgs/cmake/export_interbotix_perception_msgs__rosidl_generator_cppExport.cmake
[1.562s] -- Up-to-date: /home/ishabh/interbotix_ws/install/interbotix_perception_msgs/share/interbotix_perception_msgs/cmake/export_interbotix_perception_msgs__rosidl_typesupport_fastrtps_cppExport.cmake
[1.562s] -- Up-to-date: /home/ishabh/interbotix_ws/install/interbotix_perception_msgs/share/interbotix_perception_msgs/cmake/export_interbotix_perception_msgs__rosidl_typesupport_fastrtps_cppExport-noconfig.cmake
[1.562s] -- Up-to-date: /home/ishabh/interbotix_ws/install/interbotix_perception_msgs/share/interbotix_perception_msgs/cmake/interbotix_perception_msgs__rosidl_typesupport_introspection_cppExport.cmake
[1.562s] -- Up-to-date: /home/ishabh/interbotix_ws/install/interbotix_perception_msgs/share/interbotix_perception_msgs/cmake/interbotix_perception_msgs__rosidl_typesupport_introspection_cppExport-noconfig.cmake
[1.562s] -- Up-to-date: /home/ishabh/interbotix_ws/install/interbotix_perception_msgs/share/interbotix_perception_msgs/cmake/interbotix_perception_msgs__rosidl_typesupport_cppExport.cmake
[1.562s] -- Up-to-date: /home/ishabh/interbotix_ws/install/interbotix_perception_msgs/share/interbotix_perception_msgs/cmake/interbotix_perception_msgs__rosidl_typesupport_cppExport-noconfig.cmake
[1.562s] -- Up-to-date: /home/ishabh/interbotix_ws/install/interbotix_perception_msgs/share/interbotix_perception_msgs/cmake/export_interbotix_perception_msgs__rosidl_generator_pyExport.cmake
[1.562s] -- Up-to-date: /home/ishabh/interbotix_ws/install/interbotix_perception_msgs/share/interbotix_perception_msgs/cmake/export_interbotix_perception_msgs__rosidl_generator_pyExport-noconfig.cmake
[1.564s] Invoked command in '/home/ishabh/interbotix_ws/build/interbotix_perception_msgs' returned '0': CMAKE_PREFIX_PATH=/home/ishabh/interbotix_ws/install/interbotix_xs_modules:/home/ishabh/interbotix_ws/install/interbotix_perception_modules:/home/ishabh/interbotix_ws/install/interbotix_common_modules:/opt/ros/humble:${CMAKE_PREFIX_PATH} /usr/bin/cmake --install /home/ishabh/interbotix_ws/build/interbotix_perception_msgs
