[0.189s] Invoking command in '/home/ishabh/interbotix_ws/build/interbotix_tf_tools': CMAKE_PREFIX_PATH=/home/ishabh/Desktop/sarm_ws/install/sarm_teleop:/home/ishabh/interbotix_ws/install/interbotix_xs_modules:/home/ishabh/interbotix_ws/install/interbotix_perception_modules:/home/ishabh/interbotix_ws/install/interbotix_common_modules:/opt/ros/humble:${CMAKE_PREFIX_PATH} /usr/bin/cmake /home/ishabh/interbotix_ws/src/interbotix_ros_toolboxes/interbotix_common_toolbox/interbotix_tf_tools -DAMENT_CMAKE_SYMLINK_INSTALL=1 -DCMAKE_INSTALL_PREFIX=/home/ishabh/interbotix_ws/install/interbotix_tf_tools
[0.200s] -- Found ament_cmake: 1.3.12 (/opt/ros/humble/share/ament_cmake/cmake)
[0.299s] -- Override CMake install command with custom implementation using symlinks instead of copying resources
[0.305s] -- Found geometry_msgs: 4.9.0 (/opt/ros/humble/share/geometry_msgs/cmake)
[0.323s] -- Found rosidl_generator_c: 3.1.7 (/opt/ros/humble/share/rosidl_generator_c/cmake)
[0.325s] -- Found rosidl_adapter: 3.1.7 (/opt/ros/humble/share/rosidl_adapter/cmake)
[0.330s] -- Found rosidl_generator_cpp: 3.1.7 (/opt/ros/humble/share/rosidl_generator_cpp/cmake)
[0.338s] -- Using all available rosidl_typesupport_c: rosidl_typesupport_fastrtps_c;rosidl_typesupport_introspection_c
[0.348s] -- Using all available rosidl_typesupport_cpp: rosidl_typesupport_fastrtps_cpp;rosidl_typesupport_introspection_cpp
[0.376s] -- Found rclcpp: 16.0.15 (/opt/ros/humble/share/rclcpp/cmake)
[0.397s] -- Found rmw_implementation_cmake: 6.1.2 (/opt/ros/humble/share/rmw_implementation_cmake/cmake)
[0.399s] -- Found rmw_fastrtps_cpp: 6.2.8 (/opt/ros/humble/share/rmw_fastrtps_cpp/cmake)
[0.478s] -- Using RMW implementation 'rmw_fastrtps_cpp' as default
[0.507s] -- Found rclcpp_components: 16.0.15 (/opt/ros/humble/share/rclcpp_components/cmake)
[0.527s] -- Found tf2_msgs: 0.25.16 (/opt/ros/humble/share/tf2_msgs/cmake)
[0.563s] -- Found tf2_ros: 0.25.16 (/opt/ros/humble/share/tf2_ros/cmake)
[0.588s] -- Found ament_lint_auto: 0.12.14 (/opt/ros/humble/share/ament_lint_auto/cmake)
[0.644s] -- Added test 'copyright' to check source files copyright and LICENSE
[0.646s] -- Added test 'cppcheck' to perform static code analysis on C / C++ code
[0.646s] -- Configured cppcheck include dirs: /home/ishabh/interbotix_ws/src/interbotix_ros_toolboxes/interbotix_common_toolbox/interbotix_tf_tools/include
[0.646s] -- Configured cppcheck exclude dirs and/or files: 
[0.647s] -- Added test 'cpplint' to check C / C++ code against the Google style
[0.647s] -- Configured cpplint exclude dirs and/or files: 
[0.647s] -- Added test 'flake8' to check Python code syntax and style conventions
[0.647s] -- Added test 'lint_cmake' to check CMake code style
[0.647s] -- Added test 'pep257' to check Python code against some of the docstring style conventions in PEP 257
[0.648s] -- Added test 'uncrustify' to check C / C++ code style
[0.648s] -- Configured uncrustify additional arguments: 
[0.648s] -- Added test 'xmllint' to check XML markup files
[0.649s] -- Configuring done
[0.658s] -- Generating done
[0.662s] -- Build files have been written to: /home/ishabh/interbotix_ws/build/interbotix_tf_tools
[0.668s] Invoked command in '/home/ishabh/interbotix_ws/build/interbotix_tf_tools' returned '0': CMAKE_PREFIX_PATH=/home/ishabh/Desktop/sarm_ws/install/sarm_teleop:/home/ishabh/interbotix_ws/install/interbotix_xs_modules:/home/ishabh/interbotix_ws/install/interbotix_perception_modules:/home/ishabh/interbotix_ws/install/interbotix_common_modules:/opt/ros/humble:${CMAKE_PREFIX_PATH} /usr/bin/cmake /home/ishabh/interbotix_ws/src/interbotix_ros_toolboxes/interbotix_common_toolbox/interbotix_tf_tools -DAMENT_CMAKE_SYMLINK_INSTALL=1 -DCMAKE_INSTALL_PREFIX=/home/ishabh/interbotix_ws/install/interbotix_tf_tools
[0.669s] Invoking command in '/home/ishabh/interbotix_ws/build/interbotix_tf_tools': CMAKE_PREFIX_PATH=/home/ishabh/Desktop/sarm_ws/install/sarm_teleop:/home/ishabh/interbotix_ws/install/interbotix_xs_modules:/home/ishabh/interbotix_ws/install/interbotix_perception_modules:/home/ishabh/interbotix_ws/install/interbotix_common_modules:/opt/ros/humble:${CMAKE_PREFIX_PATH} /usr/bin/cmake --build /home/ishabh/interbotix_ws/build/interbotix_tf_tools -- -j32 -l32
[0.707s] [35m[1mConsolidate compiler generated dependencies of target tf_rebroadcaster[0m
[0.734s] [100%] Built target tf_rebroadcaster
[0.742s] Invoked command in '/home/ishabh/interbotix_ws/build/interbotix_tf_tools' returned '0': CMAKE_PREFIX_PATH=/home/ishabh/Desktop/sarm_ws/install/sarm_teleop:/home/ishabh/interbotix_ws/install/interbotix_xs_modules:/home/ishabh/interbotix_ws/install/interbotix_perception_modules:/home/ishabh/interbotix_ws/install/interbotix_common_modules:/opt/ros/humble:${CMAKE_PREFIX_PATH} /usr/bin/cmake --build /home/ishabh/interbotix_ws/build/interbotix_tf_tools -- -j32 -l32
[0.744s] Invoking command in '/home/ishabh/interbotix_ws/build/interbotix_tf_tools': CMAKE_PREFIX_PATH=/home/ishabh/Desktop/sarm_ws/install/sarm_teleop:/home/ishabh/interbotix_ws/install/interbotix_xs_modules:/home/ishabh/interbotix_ws/install/interbotix_perception_modules:/home/ishabh/interbotix_ws/install/interbotix_common_modules:/opt/ros/humble:${CMAKE_PREFIX_PATH} /usr/bin/cmake --install /home/ishabh/interbotix_ws/build/interbotix_tf_tools
[0.751s] -- Install configuration: ""
[0.751s] -- Execute custom install script
[0.751s] -- Up-to-date symlink: /home/ishabh/interbotix_ws/install/interbotix_tf_tools/lib/libtf_rebroadcaster.so
[0.751s] -- Up-to-date symlink: /home/ishabh/interbotix_ws/install/interbotix_tf_tools/lib/interbotix_tf_tools/static_trans_pub.py
[0.751s] -- Up-to-date symlink: /home/ishabh/interbotix_ws/install/interbotix_tf_tools/share/interbotix_tf_tools//config/tf_rebroadcaster.yaml
[0.752s] -- Up-to-date symlink: /home/ishabh/interbotix_ws/install/interbotix_tf_tools/share/interbotix_tf_tools//launch/static_transform_pub.launch.py
[0.752s] -- Up-to-date symlink: /home/ishabh/interbotix_ws/install/interbotix_tf_tools/share/interbotix_tf_tools//launch/tf_rebroadcaster.launch.py
[0.752s] -- Up-to-date symlink: /home/ishabh/interbotix_ws/install/interbotix_tf_tools/share/ament_index/resource_index/package_run_dependencies/interbotix_tf_tools
[0.753s] -- Up-to-date symlink: /home/ishabh/interbotix_ws/install/interbotix_tf_tools/share/ament_index/resource_index/parent_prefix_path/interbotix_tf_tools
[0.753s] -- Up-to-date symlink: /home/ishabh/interbotix_ws/install/interbotix_tf_tools/share/interbotix_tf_tools/environment/ament_prefix_path.sh
[0.753s] -- Up-to-date symlink: /home/ishabh/interbotix_ws/install/interbotix_tf_tools/share/interbotix_tf_tools/environment/ament_prefix_path.dsv
[0.753s] -- Up-to-date symlink: /home/ishabh/interbotix_ws/install/interbotix_tf_tools/share/interbotix_tf_tools/environment/path.sh
[0.753s] -- Up-to-date symlink: /home/ishabh/interbotix_ws/install/interbotix_tf_tools/share/interbotix_tf_tools/environment/path.dsv
[0.753s] -- Up-to-date symlink: /home/ishabh/interbotix_ws/install/interbotix_tf_tools/share/interbotix_tf_tools/local_setup.bash
[0.753s] -- Up-to-date symlink: /home/ishabh/interbotix_ws/install/interbotix_tf_tools/share/interbotix_tf_tools/local_setup.sh
[0.753s] -- Up-to-date symlink: /home/ishabh/interbotix_ws/install/interbotix_tf_tools/share/interbotix_tf_tools/local_setup.zsh
[0.754s] -- Up-to-date symlink: /home/ishabh/interbotix_ws/install/interbotix_tf_tools/share/interbotix_tf_tools/local_setup.dsv
[0.754s] -- Symlinking: /home/ishabh/interbotix_ws/install/interbotix_tf_tools/share/interbotix_tf_tools/package.dsv
[0.762s] -- Up-to-date symlink: /home/ishabh/interbotix_ws/install/interbotix_tf_tools/share/ament_index/resource_index/packages/interbotix_tf_tools
[0.762s] -- Up-to-date symlink: /home/ishabh/interbotix_ws/install/interbotix_tf_tools/share/ament_index/resource_index/rclcpp_components/interbotix_tf_tools
[0.762s] -- Up-to-date symlink: /home/ishabh/interbotix_ws/install/interbotix_tf_tools/share/interbotix_tf_tools/cmake/interbotix_tf_toolsConfig.cmake
[0.762s] -- Up-to-date symlink: /home/ishabh/interbotix_ws/install/interbotix_tf_tools/share/interbotix_tf_tools/cmake/interbotix_tf_toolsConfig-version.cmake
[0.763s] -- Up-to-date symlink: /home/ishabh/interbotix_ws/install/interbotix_tf_tools/share/interbotix_tf_tools/package.xml
[0.764s] Invoked command in '/home/ishabh/interbotix_ws/build/interbotix_tf_tools' returned '0': CMAKE_PREFIX_PATH=/home/ishabh/Desktop/sarm_ws/install/sarm_teleop:/home/ishabh/interbotix_ws/install/interbotix_xs_modules:/home/ishabh/interbotix_ws/install/interbotix_perception_modules:/home/ishabh/interbotix_ws/install/interbotix_common_modules:/opt/ros/humble:${CMAKE_PREFIX_PATH} /usr/bin/cmake --install /home/ishabh/interbotix_ws/build/interbotix_tf_tools
