[0.184s] Invoking command in '/home/ishabh/interbotix_ws/build/moveit_visual_tools': CMAKE_PREFIX_PATH=/home/ishabh/Desktop/sarm_ws/install/sarm_teleop:/home/ishabh/interbotix_ws/install/interbotix_xs_modules:/home/ishabh/interbotix_ws/install/interbotix_perception_modules:/home/ishabh/interbotix_ws/install/interbotix_common_modules:/opt/ros/humble:${CMAKE_PREFIX_PATH} /usr/bin/cmake /home/ishabh/interbotix_ws/src/moveit_visual_tools -DAMENT_CMAKE_SYMLINK_INSTALL=1 -DCMAKE_INSTALL_PREFIX=/home/ishabh/interbotix_ws/install/moveit_visual_tools
[0.195s] -- Found moveit_common: 2.5.9 (/opt/ros/humble/share/moveit_common/cmake)
[0.195s] -- Found ament_cmake: 1.3.12 (/opt/ros/humble/share/ament_cmake/cmake)
[0.297s] -- Override CMake install command with custom implementation using symlinks instead of copying resources
[0.359s] [0mmoveit_visual_tools: You did not request a specific build type: Choosing 'Release' for maximum performance[0m
[0.364s] -- Found Boost: /usr/lib/x86_64-linux-gnu/cmake/Boost-1.74.0/BoostConfig.cmake (found version "1.74.0") found components: system 
[0.367s] -- Found geometry_msgs: 4.9.0 (/opt/ros/humble/share/geometry_msgs/cmake)
[0.390s] -- Found rosidl_generator_c: 3.1.7 (/opt/ros/humble/share/rosidl_generator_c/cmake)
[0.393s] -- Found rosidl_adapter: 3.1.7 (/opt/ros/humble/share/rosidl_adapter/cmake)
[0.398s] -- Found rosidl_generator_cpp: 3.1.7 (/opt/ros/humble/share/rosidl_generator_cpp/cmake)
[0.409s] -- Using all available rosidl_typesupport_c: rosidl_typesupport_fastrtps_c;rosidl_typesupport_introspection_c
[0.422s] -- Using all available rosidl_typesupport_cpp: rosidl_typesupport_fastrtps_cpp;rosidl_typesupport_introspection_cpp
[0.446s] -- Found graph_msgs: 0.2.0 (/opt/ros/humble/share/graph_msgs/cmake)
[0.458s] -- Found moveit_core: 2.5.9 (/opt/ros/humble/share/moveit_core/cmake)
[0.473s] -- Found Boost: /usr/lib/x86_64-linux-gnu/cmake/Boost-1.74.0/BoostConfig.cmake (found version "1.74.0") found components: chrono date_time filesystem iostreams program_options regex serialization system thread 
[0.497s] -- Found parameter_traits: 0.5.0 (/opt/ros/humble/share/parameter_traits/cmake)
[0.514s] -- Found rmw_implementation_cmake: 6.1.2 (/opt/ros/humble/share/rmw_implementation_cmake/cmake)
[0.516s] -- Found rmw_fastrtps_cpp: 6.2.8 (/opt/ros/humble/share/rmw_fastrtps_cpp/cmake)
[0.591s] -- Using RMW implementation 'rmw_fastrtps_cpp' as default
[0.621s] -- Found rclcpp_lifecycle: 16.0.15 (/opt/ros/humble/share/rclcpp_lifecycle/cmake)
[0.639s] -- Found Boost: /usr/lib/x86_64-linux-gnu/cmake/Boost-1.74.0/BoostConfig.cmake (found version "1.74.0") found components: filesystem 
[0.667s] -- library: /usr/lib/x86_64-linux-gnu/libcurl.so
[0.708s] -- Ensuring Eigen3 include directory is part of orocos-kdl CMake target
[0.872s] -- Found moveit_ros_planning: 2.5.9 (/opt/ros/humble/share/moveit_ros_planning/cmake)
[0.876s] -- Found Boost: /usr/lib/x86_64-linux-gnu/cmake/Boost-1.74.0/BoostConfig.cmake (found version "1.74.0") found components: system filesystem date_time program_options thread chrono 
[0.891s] -- Found rviz_visual_tools: 4.1.4 (/opt/ros/humble/share/rviz_visual_tools/cmake)
[0.912s] -- Setting assimp_DIR to: '/opt/ros/humble/share/rviz_assimp_vendor/cmake/../../../opt/rviz_assimp_vendor/lib/cmake/assimp-4.1'
[0.918s] -- Setting OGRE_DIR to: '/opt/ros/humble/share/rviz_ogre_vendor/cmake/../../../opt/rviz_ogre_vendor/lib/OGRE/cmake'
[0.919s] -- Found OGRE
[0.919s] --   static     : OFF
[0.919s] --   components : HLMS;MeshLodGenerator;Overlay;Paging;Property;RTShaderSystem;Terrain;Volume
[0.919s] --   plugins    : Plugin_BSPSceneManager;Plugin_OctreeSceneManager;Plugin_PCZSceneManager;Plugin_ParticleFX;RenderSystem_GL;RenderSystem_GL3Plus;Codec_STBI
[0.919s] --   media      : /opt/ros/humble/opt/rviz_ogre_vendor/share/OGRE/Media
[0.919s] -- OGRE_LIBRARIES: OgreHLMS;OgreMeshLodGenerator;OgreOverlay;OgrePaging;OgreProperty;OgreRTShaderSystem;OgreTerrain;OgreVolume;OgreMain
[0.919s] -- OGRE_LIBRARY_DIRS: /opt/ros/humble/opt/rviz_ogre_vendor/lib
[0.919s] -- OGRE_PLUGINS: Plugin_BSPSceneManager;Plugin_OctreeSceneManager;Plugin_PCZSceneManager;Plugin_ParticleFX;RenderSystem_GL;RenderSystem_GL3Plus;Codec_STBI
[0.920s] -- OGRE_PLUGIN_DIR: /opt/ros/humble/opt/rviz_ogre_vendor/lib/OGRE
[0.920s] -- rviz_ogre_vendor::OgreOverlay for IMPORTED_LOCATION_RELEASE: /opt/ros/humble/opt/rviz_ogre_vendor/lib/libOgreOverlay.so
[0.920s] -- rviz_ogre_vendor::OgreOverlay for IMPORTED_LOCATION_DEBUG: /opt/ros/humble/opt/rviz_ogre_vendor/lib/libOgreOverlay.so
[0.920s] -- rviz_ogre_vendor::OgreMain for IMPORTED_LOCATION_RELEASE: /opt/ros/humble/opt/rviz_ogre_vendor/lib/libOgreMain.so
[0.920s] -- rviz_ogre_vendor::OgreMain for IMPORTED_LOCATION_DEBUG: /opt/ros/humble/opt/rviz_ogre_vendor/lib/libOgreMain.so
[1.046s] -- Found ament_lint_auto: 0.12.14 (/opt/ros/humble/share/ament_lint_auto/cmake)
[1.053s] -- Added test 'copyright' to check source files copyright and LICENSE
[1.055s] -- Added test 'flake8' to check Python code syntax and style conventions
[1.055s] -- Added test 'lint_cmake' to check CMake code style
[1.055s] -- Added test 'pep257' to check Python code against some of the docstring style conventions in PEP 257
[1.056s] -- Added test 'xmllint' to check XML markup files
[1.057s] -- Configuring done
[1.103s] -- Generating done
[1.113s] -- Build files have been written to: /home/ishabh/interbotix_ws/build/moveit_visual_tools
[1.122s] Invoked command in '/home/ishabh/interbotix_ws/build/moveit_visual_tools' returned '0': CMAKE_PREFIX_PATH=/home/ishabh/Desktop/sarm_ws/install/sarm_teleop:/home/ishabh/interbotix_ws/install/interbotix_xs_modules:/home/ishabh/interbotix_ws/install/interbotix_perception_modules:/home/ishabh/interbotix_ws/install/interbotix_common_modules:/opt/ros/humble:${CMAKE_PREFIX_PATH} /usr/bin/cmake /home/ishabh/interbotix_ws/src/moveit_visual_tools -DAMENT_CMAKE_SYMLINK_INSTALL=1 -DCMAKE_INSTALL_PREFIX=/home/ishabh/interbotix_ws/install/moveit_visual_tools
[1.122s] Invoking command in '/home/ishabh/interbotix_ws/build/moveit_visual_tools': CMAKE_PREFIX_PATH=/home/ishabh/Desktop/sarm_ws/install/sarm_teleop:/home/ishabh/interbotix_ws/install/interbotix_xs_modules:/home/ishabh/interbotix_ws/install/interbotix_perception_modules:/home/ishabh/interbotix_ws/install/interbotix_common_modules:/opt/ros/humble:${CMAKE_PREFIX_PATH} /usr/bin/cmake --build /home/ishabh/interbotix_ws/build/moveit_visual_tools -- -j32 -l32
[1.166s] [35m[1mConsolidate compiler generated dependencies of target moveit_visual_tools[0m
[1.223s] [ 66%] Built target moveit_visual_tools
[1.235s] [35m[1mConsolidate compiler generated dependencies of target moveit_visual_tools_demo[0m
[1.261s] [100%] Built target moveit_visual_tools_demo
[1.269s] Invoked command in '/home/ishabh/interbotix_ws/build/moveit_visual_tools' returned '0': CMAKE_PREFIX_PATH=/home/ishabh/Desktop/sarm_ws/install/sarm_teleop:/home/ishabh/interbotix_ws/install/interbotix_xs_modules:/home/ishabh/interbotix_ws/install/interbotix_perception_modules:/home/ishabh/interbotix_ws/install/interbotix_common_modules:/opt/ros/humble:${CMAKE_PREFIX_PATH} /usr/bin/cmake --build /home/ishabh/interbotix_ws/build/moveit_visual_tools -- -j32 -l32
[1.270s] Invoking command in '/home/ishabh/interbotix_ws/build/moveit_visual_tools': CMAKE_PREFIX_PATH=/home/ishabh/Desktop/sarm_ws/install/sarm_teleop:/home/ishabh/interbotix_ws/install/interbotix_xs_modules:/home/ishabh/interbotix_ws/install/interbotix_perception_modules:/home/ishabh/interbotix_ws/install/interbotix_common_modules:/opt/ros/humble:${CMAKE_PREFIX_PATH} /usr/bin/cmake --install /home/ishabh/interbotix_ws/build/moveit_visual_tools
[1.276s] -- Install configuration: "Release"
[1.276s] -- Execute custom install script
[1.276s] -- Up-to-date symlink: /home/ishabh/interbotix_ws/install/moveit_visual_tools/share/moveit_visual_tools/environment/library_path.sh
[1.276s] -- Up-to-date symlink: /home/ishabh/interbotix_ws/install/moveit_visual_tools/share/moveit_visual_tools/environment/library_path.dsv
[1.277s] -- Up-to-date symlink: /home/ishabh/interbotix_ws/install/moveit_visual_tools/lib/moveit_visual_tools/moveit_visual_tools_demo
[1.278s] -- Up-to-date symlink: /home/ishabh/interbotix_ws/install/moveit_visual_tools/include/moveit_visual_tools/imarker_end_effector.h
[1.278s] -- Up-to-date symlink: /home/ishabh/interbotix_ws/install/moveit_visual_tools/include/moveit_visual_tools/imarker_robot_state.h
[1.278s] -- Up-to-date symlink: /home/ishabh/interbotix_ws/install/moveit_visual_tools/include/moveit_visual_tools/moveit_visual_tools.h
[1.278s] -- Up-to-date symlink: /home/ishabh/interbotix_ws/install/moveit_visual_tools/share/moveit_visual_tools/launch/demo.rviz
[1.278s] -- Up-to-date symlink: /home/ishabh/interbotix_ws/install/moveit_visual_tools/share/moveit_visual_tools/launch/demo_rviz.launch.py
[1.279s] -- Up-to-date symlink: /home/ishabh/interbotix_ws/install/moveit_visual_tools/share/moveit_visual_tools/resources/demo.png
[1.279s] -- Up-to-date symlink: /home/ishabh/interbotix_ws/install/moveit_visual_tools/share/moveit_visual_tools/resources/demo_mesh.stl
[1.279s] -- Up-to-date symlink: /home/ishabh/interbotix_ws/install/moveit_visual_tools/share/moveit_visual_tools/resources/rrbot.srdf
[1.279s] -- Up-to-date symlink: /home/ishabh/interbotix_ws/install/moveit_visual_tools/share/moveit_visual_tools/resources/rrbot.urdf
[1.279s] -- Up-to-date symlink: /home/ishabh/interbotix_ws/install/moveit_visual_tools/share/moveit_visual_tools/resources/screenshot.png
[1.280s] -- Up-to-date symlink: /home/ishabh/interbotix_ws/install/moveit_visual_tools/share/ament_index/resource_index/package_run_dependencies/moveit_visual_tools
[1.280s] -- Up-to-date symlink: /home/ishabh/interbotix_ws/install/moveit_visual_tools/share/ament_index/resource_index/parent_prefix_path/moveit_visual_tools
[1.280s] -- Up-to-date symlink: /home/ishabh/interbotix_ws/install/moveit_visual_tools/share/moveit_visual_tools/environment/ament_prefix_path.sh
[1.280s] -- Up-to-date symlink: /home/ishabh/interbotix_ws/install/moveit_visual_tools/share/moveit_visual_tools/environment/ament_prefix_path.dsv
[1.281s] -- Up-to-date symlink: /home/ishabh/interbotix_ws/install/moveit_visual_tools/share/moveit_visual_tools/environment/path.sh
[1.281s] -- Up-to-date symlink: /home/ishabh/interbotix_ws/install/moveit_visual_tools/share/moveit_visual_tools/environment/path.dsv
[1.281s] -- Up-to-date symlink: /home/ishabh/interbotix_ws/install/moveit_visual_tools/share/moveit_visual_tools/local_setup.bash
[1.281s] -- Up-to-date symlink: /home/ishabh/interbotix_ws/install/moveit_visual_tools/share/moveit_visual_tools/local_setup.sh
[1.282s] -- Up-to-date symlink: /home/ishabh/interbotix_ws/install/moveit_visual_tools/share/moveit_visual_tools/local_setup.zsh
[1.282s] -- Up-to-date symlink: /home/ishabh/interbotix_ws/install/moveit_visual_tools/share/moveit_visual_tools/local_setup.dsv
[1.282s] -- Symlinking: /home/ishabh/interbotix_ws/install/moveit_visual_tools/share/moveit_visual_tools/package.dsv
[1.289s] -- Up-to-date symlink: /home/ishabh/interbotix_ws/install/moveit_visual_tools/share/ament_index/resource_index/packages/moveit_visual_tools
[1.289s] -- Up-to-date symlink: /home/ishabh/interbotix_ws/install/moveit_visual_tools/share/moveit_visual_tools/cmake/ament_cmake_export_targets-extras.cmake
[1.289s] -- Up-to-date symlink: /home/ishabh/interbotix_ws/install/moveit_visual_tools/share/moveit_visual_tools/cmake/ament_cmake_export_dependencies-extras.cmake
[1.289s] -- Up-to-date symlink: /home/ishabh/interbotix_ws/install/moveit_visual_tools/share/moveit_visual_tools/cmake/moveit_visual_toolsConfig.cmake
[1.289s] -- Up-to-date symlink: /home/ishabh/interbotix_ws/install/moveit_visual_tools/share/moveit_visual_tools/cmake/moveit_visual_toolsConfig-version.cmake
[1.289s] -- Up-to-date symlink: /home/ishabh/interbotix_ws/install/moveit_visual_tools/share/moveit_visual_tools/package.xml
[1.290s] -- Up-to-date: /home/ishabh/interbotix_ws/install/moveit_visual_tools/lib/libmoveit_visual_tools.so
[1.290s] -- Up-to-date: /home/ishabh/interbotix_ws/install/moveit_visual_tools/share/moveit_visual_tools/cmake/export_moveit_visual_toolsExport.cmake
[1.290s] -- Up-to-date: /home/ishabh/interbotix_ws/install/moveit_visual_tools/share/moveit_visual_tools/cmake/export_moveit_visual_toolsExport-release.cmake
[1.292s] Invoked command in '/home/ishabh/interbotix_ws/build/moveit_visual_tools' returned '0': CMAKE_PREFIX_PATH=/home/ishabh/Desktop/sarm_ws/install/sarm_teleop:/home/ishabh/interbotix_ws/install/interbotix_xs_modules:/home/ishabh/interbotix_ws/install/interbotix_perception_modules:/home/ishabh/interbotix_ws/install/interbotix_common_modules:/opt/ros/humble:${CMAKE_PREFIX_PATH} /usr/bin/cmake --install /home/ishabh/interbotix_ws/build/moveit_visual_tools
