[0.011s] Invoking command in '/home/ishabh/interbotix_ws/build/omni_broadcaster': AMENT_PREFIX_PATH=/home/ishabh/interbotix_ws/install/omni_msgs:${AMENT_PREFIX_PATH} CMAKE_PREFIX_PATH=/home/ishabh/interbotix_ws/install/omni_msgs:/home/ishabh/interbotix_ws/install/wx250_bringup:/home/ishabh/interbotix_ws/install/test1:/home/ishabh/interbotix_ws/install/interbotix_xs_modules:/home/ishabh/interbotix_ws/install/interbotix_perception_modules:/home/ishabh/interbotix_ws/install/interbotix_common_modules:/home/ishabh/interbotix_ws/install/control:/home/ishabh/Desktop/sarm_ws/install/sarm_teleop:/opt/ros/humble:${CMAKE_PREFIX_PATH} LD_LIBRARY_PATH=/home/ishabh/interbotix_ws/install/omni_msgs/lib:${LD_LIBRARY_PATH} PYTHONPATH=/home/ishabh/interbotix_ws/install/omni_msgs/local/lib/python3.10/dist-packages:${PYTHONPATH} /usr/bin/cmake /home/ishabh/interbotix_ws/src/geomagic_touch_ros2/omni_broadcaster -DAMENT_CMAKE_SYMLINK_INSTALL=1 -DCMAKE_INSTALL_PREFIX=/home/ishabh/interbotix_ws/install/omni_broadcaster
[0.064s] -- The C compiler identification is GNU 11.4.0
[0.114s] -- The CXX compiler identification is GNU 11.4.0
[0.119s] -- Detecting C compiler ABI info
[0.198s] -- Detecting C compiler ABI info - done
[0.206s] -- Check for working C compiler: /usr/bin/cc - skipped
[0.206s] -- Detecting C compile features
[0.207s] -- Detecting C compile features - done
[0.209s] -- Detecting CXX compiler ABI info
[0.300s] -- Detecting CXX compiler ABI info - done
[0.305s] -- Check for working CXX compiler: /usr/bin/c++ - skipped
[0.306s] -- Detecting CXX compile features
[0.306s] -- Detecting CXX compile features - done
[0.308s] -- Found ament_cmake: 1.3.12 (/opt/ros/humble/share/ament_cmake/cmake)
[0.454s] -- Found Python3: /usr/bin/python3 (found version "3.10.12") found components: Interpreter 
[0.503s] -- Override CMake install command with custom implementation using symlinks instead of copying resources
[0.533s] -- Found rclcpp: 16.0.15 (/opt/ros/humble/share/rclcpp/cmake)
[0.566s] -- Found rosidl_generator_c: 3.1.7 (/opt/ros/humble/share/rosidl_generator_c/cmake)
[0.569s] -- Found rosidl_adapter: 3.1.7 (/opt/ros/humble/share/rosidl_adapter/cmake)
[0.575s] -- Found rosidl_generator_cpp: 3.1.7 (/opt/ros/humble/share/rosidl_generator_cpp/cmake)
[0.584s] -- Using all available rosidl_typesupport_c: rosidl_typesupport_fastrtps_c;rosidl_typesupport_introspection_c
[0.596s] -- Using all available rosidl_typesupport_cpp: rosidl_typesupport_fastrtps_cpp;rosidl_typesupport_introspection_cpp
[0.632s] -- Found rmw_implementation_cmake: 6.1.2 (/opt/ros/humble/share/rmw_implementation_cmake/cmake)
[0.636s] -- Found rmw_fastrtps_cpp: 6.2.8 (/opt/ros/humble/share/rmw_fastrtps_cpp/cmake)
[0.739s] -- Found OpenSSL: /usr/lib/x86_64-linux-gnu/libcrypto.so (found version "3.0.2")  
[0.769s] -- Found FastRTPS: /opt/ros/humble/include  
[0.802s] -- Using RMW implementation 'rmw_fastrtps_cpp' as default
[0.815s] -- Looking for pthread.h
[0.879s] -- Looking for pthread.h - found
[0.879s] -- Performing Test CMAKE_HAVE_LIBC_PTHREAD
[0.953s] -- Performing Test CMAKE_HAVE_LIBC_PTHREAD - Success
[0.954s] -- Found Threads: TRUE  
[0.996s] -- Found geometry_msgs: 4.9.0 (/opt/ros/humble/share/geometry_msgs/cmake)
[1.004s] -- Found omni_msgs: 0.0.0 (/home/ishabh/interbotix_ws/install/omni_msgs/share/omni_msgs/cmake)
[1.023s] -- Found tf2_ros: 0.25.16 (/opt/ros/humble/share/tf2_ros/cmake)
[1.105s] -- Found ament_lint_auto: 0.12.14 (/opt/ros/humble/share/ament_lint_auto/cmake)
[1.164s] -- Added test 'copyright' to check source files copyright and LICENSE
[1.165s] -- Added test 'cppcheck' to perform static code analysis on C / C++ code
[1.165s] -- Configured cppcheck include dirs: 
[1.165s] -- Configured cppcheck exclude dirs and/or files: 
[1.166s] -- Added test 'cpplint' to check C / C++ code against the Google style
[1.166s] -- Configured cpplint exclude dirs and/or files: 
[1.166s] -- Added test 'flake8' to check Python code syntax and style conventions
[1.166s] -- Added test 'lint_cmake' to check CMake code style
[1.167s] -- Added test 'pep257' to check Python code against some of the docstring style conventions in PEP 257
[1.167s] -- Added test 'uncrustify' to check C / C++ code style
[1.167s] -- Configured uncrustify additional arguments: 
[1.168s] -- Added test 'xmllint' to check XML markup files
[1.169s] -- Configuring done
[1.176s] -- Generating done
[1.178s] -- Build files have been written to: /home/ishabh/interbotix_ws/build/omni_broadcaster
[1.186s] Invoked command in '/home/ishabh/interbotix_ws/build/omni_broadcaster' returned '0': AMENT_PREFIX_PATH=/home/ishabh/interbotix_ws/install/omni_msgs:${AMENT_PREFIX_PATH} CMAKE_PREFIX_PATH=/home/ishabh/interbotix_ws/install/omni_msgs:/home/ishabh/interbotix_ws/install/wx250_bringup:/home/ishabh/interbotix_ws/install/test1:/home/ishabh/interbotix_ws/install/interbotix_xs_modules:/home/ishabh/interbotix_ws/install/interbotix_perception_modules:/home/ishabh/interbotix_ws/install/interbotix_common_modules:/home/ishabh/interbotix_ws/install/control:/home/ishabh/Desktop/sarm_ws/install/sarm_teleop:/opt/ros/humble:${CMAKE_PREFIX_PATH} LD_LIBRARY_PATH=/home/ishabh/interbotix_ws/install/omni_msgs/lib:${LD_LIBRARY_PATH} PYTHONPATH=/home/ishabh/interbotix_ws/install/omni_msgs/local/lib/python3.10/dist-packages:${PYTHONPATH} /usr/bin/cmake /home/ishabh/interbotix_ws/src/geomagic_touch_ros2/omni_broadcaster -DAMENT_CMAKE_SYMLINK_INSTALL=1 -DCMAKE_INSTALL_PREFIX=/home/ishabh/interbotix_ws/install/omni_broadcaster
[1.186s] Invoking command in '/home/ishabh/interbotix_ws/build/omni_broadcaster': AMENT_PREFIX_PATH=/home/ishabh/interbotix_ws/install/omni_msgs:${AMENT_PREFIX_PATH} CMAKE_PREFIX_PATH=/home/ishabh/interbotix_ws/install/omni_msgs:/home/ishabh/interbotix_ws/install/wx250_bringup:/home/ishabh/interbotix_ws/install/test1:/home/ishabh/interbotix_ws/install/interbotix_xs_modules:/home/ishabh/interbotix_ws/install/interbotix_perception_modules:/home/ishabh/interbotix_ws/install/interbotix_common_modules:/home/ishabh/interbotix_ws/install/control:/home/ishabh/Desktop/sarm_ws/install/sarm_teleop:/opt/ros/humble:${CMAKE_PREFIX_PATH} LD_LIBRARY_PATH=/home/ishabh/interbotix_ws/install/omni_msgs/lib:${LD_LIBRARY_PATH} PYTHONPATH=/home/ishabh/interbotix_ws/install/omni_msgs/local/lib/python3.10/dist-packages:${PYTHONPATH} /usr/bin/cmake --build /home/ishabh/interbotix_ws/build/omni_broadcaster -- -j32 -l32
[1.230s] [ 50%] [32mBuilding CXX object CMakeFiles/omni_broadcaster.dir/src/omni_broadcaster.cpp.o[0m
[7.580s] [100%] [32m[1mLinking CXX executable omni_broadcaster[0m
[7.947s] [100%] Built target omni_broadcaster
[7.958s] Invoked command in '/home/ishabh/interbotix_ws/build/omni_broadcaster' returned '0': AMENT_PREFIX_PATH=/home/ishabh/interbotix_ws/install/omni_msgs:${AMENT_PREFIX_PATH} CMAKE_PREFIX_PATH=/home/ishabh/interbotix_ws/install/omni_msgs:/home/ishabh/interbotix_ws/install/wx250_bringup:/home/ishabh/interbotix_ws/install/test1:/home/ishabh/interbotix_ws/install/interbotix_xs_modules:/home/ishabh/interbotix_ws/install/interbotix_perception_modules:/home/ishabh/interbotix_ws/install/interbotix_common_modules:/home/ishabh/interbotix_ws/install/control:/home/ishabh/Desktop/sarm_ws/install/sarm_teleop:/opt/ros/humble:${CMAKE_PREFIX_PATH} LD_LIBRARY_PATH=/home/ishabh/interbotix_ws/install/omni_msgs/lib:${LD_LIBRARY_PATH} PYTHONPATH=/home/ishabh/interbotix_ws/install/omni_msgs/local/lib/python3.10/dist-packages:${PYTHONPATH} /usr/bin/cmake --build /home/ishabh/interbotix_ws/build/omni_broadcaster -- -j32 -l32
[7.959s] Invoking command in '/home/ishabh/interbotix_ws/build/omni_broadcaster': AMENT_PREFIX_PATH=/home/ishabh/interbotix_ws/install/omni_msgs:${AMENT_PREFIX_PATH} CMAKE_PREFIX_PATH=/home/ishabh/interbotix_ws/install/omni_msgs:/home/ishabh/interbotix_ws/install/wx250_bringup:/home/ishabh/interbotix_ws/install/test1:/home/ishabh/interbotix_ws/install/interbotix_xs_modules:/home/ishabh/interbotix_ws/install/interbotix_perception_modules:/home/ishabh/interbotix_ws/install/interbotix_common_modules:/home/ishabh/interbotix_ws/install/control:/home/ishabh/Desktop/sarm_ws/install/sarm_teleop:/opt/ros/humble:${CMAKE_PREFIX_PATH} LD_LIBRARY_PATH=/home/ishabh/interbotix_ws/install/omni_msgs/lib:${LD_LIBRARY_PATH} PYTHONPATH=/home/ishabh/interbotix_ws/install/omni_msgs/local/lib/python3.10/dist-packages:${PYTHONPATH} /usr/bin/cmake --install /home/ishabh/interbotix_ws/build/omni_broadcaster
[7.965s] -- Install configuration: ""
[7.965s] -- Execute custom install script
[7.965s] -- Symlinking: /home/ishabh/interbotix_ws/install/omni_broadcaster/lib/omni_broadcaster/omni_broadcaster
[7.976s] -- Symlinking: /home/ishabh/interbotix_ws/install/omni_broadcaster/share/omni_broadcaster/launch/omni_frame.launch.py
[7.984s] -- Symlinking: /home/ishabh/interbotix_ws/install/omni_broadcaster/share/ament_index/resource_index/package_run_dependencies/omni_broadcaster
[7.991s] -- Symlinking: /home/ishabh/interbotix_ws/install/omni_broadcaster/share/ament_index/resource_index/parent_prefix_path/omni_broadcaster
[8.001s] -- Symlinking: /home/ishabh/interbotix_ws/install/omni_broadcaster/share/omni_broadcaster/environment/ament_prefix_path.sh
[8.011s] -- Symlinking: /home/ishabh/interbotix_ws/install/omni_broadcaster/share/omni_broadcaster/environment/ament_prefix_path.dsv
[8.021s] -- Symlinking: /home/ishabh/interbotix_ws/install/omni_broadcaster/share/omni_broadcaster/environment/path.sh
[8.030s] -- Symlinking: /home/ishabh/interbotix_ws/install/omni_broadcaster/share/omni_broadcaster/environment/path.dsv
[8.041s] -- Symlinking: /home/ishabh/interbotix_ws/install/omni_broadcaster/share/omni_broadcaster/local_setup.bash
[8.052s] -- Symlinking: /home/ishabh/interbotix_ws/install/omni_broadcaster/share/omni_broadcaster/local_setup.sh
[8.062s] -- Symlinking: /home/ishabh/interbotix_ws/install/omni_broadcaster/share/omni_broadcaster/local_setup.zsh
[8.073s] -- Symlinking: /home/ishabh/interbotix_ws/install/omni_broadcaster/share/omni_broadcaster/local_setup.dsv
[8.083s] -- Symlinking: /home/ishabh/interbotix_ws/install/omni_broadcaster/share/omni_broadcaster/package.dsv
[8.093s] -- Symlinking: /home/ishabh/interbotix_ws/install/omni_broadcaster/share/ament_index/resource_index/packages/omni_broadcaster
[8.104s] -- Symlinking: /home/ishabh/interbotix_ws/install/omni_broadcaster/share/omni_broadcaster/cmake/omni_broadcasterConfig.cmake
[8.114s] -- Symlinking: /home/ishabh/interbotix_ws/install/omni_broadcaster/share/omni_broadcaster/cmake/omni_broadcasterConfig-version.cmake
[8.123s] -- Symlinking: /home/ishabh/interbotix_ws/install/omni_broadcaster/share/omni_broadcaster/package.xml
[8.135s] Invoked command in '/home/ishabh/interbotix_ws/build/omni_broadcaster' returned '0': AMENT_PREFIX_PATH=/home/ishabh/interbotix_ws/install/omni_msgs:${AMENT_PREFIX_PATH} CMAKE_PREFIX_PATH=/home/ishabh/interbotix_ws/install/omni_msgs:/home/ishabh/interbotix_ws/install/wx250_bringup:/home/ishabh/interbotix_ws/install/test1:/home/ishabh/interbotix_ws/install/interbotix_xs_modules:/home/ishabh/interbotix_ws/install/interbotix_perception_modules:/home/ishabh/interbotix_ws/install/interbotix_common_modules:/home/ishabh/interbotix_ws/install/control:/home/ishabh/Desktop/sarm_ws/install/sarm_teleop:/opt/ros/humble:${CMAKE_PREFIX_PATH} LD_LIBRARY_PATH=/home/ishabh/interbotix_ws/install/omni_msgs/lib:${LD_LIBRARY_PATH} PYTHONPATH=/home/ishabh/interbotix_ws/install/omni_msgs/local/lib/python3.10/dist-packages:${PYTHONPATH} /usr/bin/cmake --install /home/ishabh/interbotix_ws/build/omni_broadcaster
