running egg_info
writing ../../build/wx250_bringup/wx250_bringup.egg-info/PKG-INFO
writing dependency_links to ../../build/wx250_bringup/wx250_bringup.egg-info/dependency_links.txt
writing entry points to ../../build/wx250_bringup/wx250_bringup.egg-info/entry_points.txt
writing requirements to ../../build/wx250_bringup/wx250_bringup.egg-info/requires.txt
writing top-level names to ../../build/wx250_bringup/wx250_bringup.egg-info/top_level.txt
reading manifest file '../../build/wx250_bringup/wx250_bringup.egg-info/SOURCES.txt'
writing manifest file '../../build/wx250_bringup/wx250_bringup.egg-info/SOURCES.txt'
running build
running build_py
running install
running install_lib
running install_data
copying launch/wx250_geomagic_allinone.launch.py -> /home/ishabh/interbotix_ws/install/wx250_bringup/share/wx250_bringup/launch
copying config/servo.yaml -> /home/ishabh/interbotix_ws/install/wx250_bringup/share/wx250_bringup/config
running install_egg_info
removing '/home/ishabh/interbotix_ws/install/wx250_bringup/lib/python3.10/site-packages/wx250_bringup-0.0.1-py3.10.egg-info' (and everything under it)
Copying ../../build/wx250_bringup/wx250_bringup.egg-info to /home/ishabh/interbotix_ws/install/wx250_bringup/lib/python3.10/site-packages/wx250_bringup-0.0.1-py3.10.egg-info
running install_scripts
Installing geomagic_servo script to /home/ishabh/interbotix_ws/install/wx250_bringup/lib/wx250_bringup
Installing servo_to_interbotix_bridge script to /home/ishabh/interbotix_ws/install/wx250_bringup/lib/wx250_bringup
Installing test_moveit_cmd script to /home/ishabh/interbotix_ws/install/wx250_bringup/lib/wx250_bringup
writing list of installed files to '/home/ishabh/interbotix_ws/build/wx250_bringup/install.log'
