[0.011s] Invoking command in '/home/ishabh/interbotix_ws/build/interbotix_perception_pipelines': CMAKE_PREFIX_PATH=/home/ishabh/interbotix_ws/install/interbotix_perception_msgs:/home/ishabh/Desktop/sarm_ws/install/sarm_teleop:/home/ishabh/interbotix_ws/install/interbotix_xs_modules:/home/ishabh/interbotix_ws/install/interbotix_perception_modules:/home/ishabh/interbotix_ws/install/interbotix_common_modules:/opt/ros/humble:/home/ishabh/interbotix_ws/install/wx250_geomagic_teleop:/home/ishabh/interbotix_ws/install/interbotix_ros_xsarms_examples:/home/ishabh/interbotix_ws/install/interbotix_xsarm_moveit_interface:/home/ishabh/interbotix_ws/install/interbotix_moveit_interface:/home/ishabh/interbotix_ws/install/moveit_visual_tools:/home/ishabh/interbotix_ws/install/interbotix_ros_xsarms:/home/ishabh/interbotix_ws/install/interbotix_xsarm_moveit:/home/ishabh/interbotix_ws/install/interbotix_xsarm_sim:/home/ishabh/interbotix_ws/install/interbotix_xsarm_ros_control:/home/ishabh/interbotix_ws/install/interbotix_xsarm_puppet:/home/ishabh/interbotix_ws/install/interbotix_xsarm_perception:/home/ishabh/interbotix_ws/install/interbotix_xsarm_joy:/home/ishabh/interbotix_ws/install/interbotix_xsarm_gravity_compensation:/home/ishabh/interbotix_ws/install/interbotix_xsarm_dual:/home/ishabh/interbotix_ws/install/interbotix_xsarm_control:/home/ishabh/interbotix_ws/install/interbotix_xsarm_descriptions:/home/ishabh/interbotix_ws/install/interbotix_xs_toolbox:/home/ishabh/interbotix_ws/install/interbotix_xs_rviz:/home/ishabh/interbotix_ws/install/interbotix_ros_xseries:/home/ishabh/interbotix_ws/install/interbotix_xs_sdk:/home/ishabh/interbotix_ws/install/interbotix_xs_ros_control:/home/ishabh/interbotix_ws/install/interbotix_perception_toolbox:/home/ishabh/interbotix_ws/install/interbotix_common_toolbox:/home/ishabh/interbotix_ws/install/interbotix_gravity_compensation:/home/ishabh/interbotix_ws/install/interbotix_xs_msgs:/home/ishabh/interbotix_ws/install/interbotix_xs_driver:/home/ishabh/interbotix_ws/install/interbotix_tf_tools:/home/ishabh/interbotix_ws/install/interbotix_perception_pipelines:/home/ishabh/interbotix_ws/install/interbotix_moveit_interface_msgs:/home/ishabh/interbotix_ws/install/interbotix_common_sim:/home/ishabh/interbotix_ws/install/dynamixel_workbench_toolbox:/home/ishabh/apriltag_ws/install/apriltag_ros LD_LIBRARY_PATH=/home/ishabh/interbotix_ws/install/interbotix_perception_msgs/lib:/home/ishabh/interbotix_ws/install/moveit_visual_tools/lib:/home/ishabh/interbotix_ws/install/interbotix_xs_rviz/lib:/home/ishabh/interbotix_ws/install/interbotix_xs_ros_control/lib:/home/ishabh/interbotix_ws/install/interbotix_xs_msgs/lib:/home/ishabh/interbotix_ws/install/interbotix_xs_driver/lib:/home/ishabh/interbotix_ws/install/interbotix_tf_tools/lib:/home/ishabh/interbotix_ws/install/interbotix_moveit_interface_msgs/lib:/home/ishabh/interbotix_ws/install/dynamixel_workbench_toolbox/lib:/home/ishabh/apriltag_ws/install/apriltag_ros/lib:/opt/ros/humble/opt/rviz_ogre_vendor/lib:/opt/ros/humble/lib/x86_64-linux-gnu:/opt/ros/humble/lib /usr/bin/cmake /home/ishabh/interbotix_ws/src/interbotix_ros_toolboxes/interbotix_perception_toolbox/interbotix_perception_pipelines -DAMENT_CMAKE_SYMLINK_INSTALL=1 -DCMAKE_INSTALL_PREFIX=/home/ishabh/interbotix_ws/install/interbotix_perception_pipelines
[0.023s] -- Found ament_cmake: 1.3.12 (/opt/ros/humble/share/ament_cmake/cmake)
[0.109s] -- Override CMake install command with custom implementation using symlinks instead of copying resources
[0.114s] -- Found ament_index_cpp: 1.4.0 (/opt/ros/humble/share/ament_index_cpp/cmake)
[0.114s] -- Found interbotix_perception_msgs: 0.0.0 (/home/ishabh/interbotix_ws/install/interbotix_perception_msgs/share/interbotix_perception_msgs/cmake)
[0.129s] -- Found rosidl_generator_c: 3.1.7 (/opt/ros/humble/share/rosidl_generator_c/cmake)
[0.131s] -- Found rosidl_adapter: 3.1.7 (/opt/ros/humble/share/rosidl_adapter/cmake)
[0.135s] -- Found rosidl_generator_cpp: 3.1.7 (/opt/ros/humble/share/rosidl_generator_cpp/cmake)
[0.141s] -- Using all available rosidl_typesupport_c: rosidl_typesupport_fastrtps_c;rosidl_typesupport_introspection_c
[0.150s] -- Using all available rosidl_typesupport_cpp: rosidl_typesupport_fastrtps_cpp;rosidl_typesupport_introspection_cpp
[0.201s] [31mCMake Error at CMakeLists.txt:19 (find_package):
[0.201s]   By not providing "Findpcl_conversions.cmake" in CMAKE_MODULE_PATH this
[0.201s]   project has asked CMake to find a package configuration file provided by
[0.201s]   "pcl_conversions", but CMake did not find one.
[0.201s] 
[0.201s]   Could not find a package configuration file provided by "pcl_conversions"
[0.201s]   with any of the following names:
[0.201s] 
[0.201s]     pcl_conversionsConfig.cmake
[0.201s]     pcl_conversions-config.cmake
[0.201s] 
[0.202s]   Add the installation prefix of "pcl_conversions" to CMAKE_PREFIX_PATH or
[0.202s]   set "pcl_conversions_DIR" to a directory containing one of the above files.
[0.202s]   If "pcl_conversions" provides a separate development package or SDK, be
[0.202s]   sure it has been installed.
[0.202s] 
[0.202s] [0m
[0.202s] -- Configuring incomplete, errors occurred!
[0.202s] See also "/home/ishabh/interbotix_ws/build/interbotix_perception_pipelines/CMakeFiles/CMakeOutput.log".
[0.205s] Invoked command in '/home/ishabh/interbotix_ws/build/interbotix_perception_pipelines' returned '1': CMAKE_PREFIX_PATH=/home/ishabh/interbotix_ws/install/interbotix_perception_msgs:/home/ishabh/Desktop/sarm_ws/install/sarm_teleop:/home/ishabh/interbotix_ws/install/interbotix_xs_modules:/home/ishabh/interbotix_ws/install/interbotix_perception_modules:/home/ishabh/interbotix_ws/install/interbotix_common_modules:/opt/ros/humble:/home/ishabh/interbotix_ws/install/wx250_geomagic_teleop:/home/ishabh/interbotix_ws/install/interbotix_ros_xsarms_examples:/home/ishabh/interbotix_ws/install/interbotix_xsarm_moveit_interface:/home/ishabh/interbotix_ws/install/interbotix_moveit_interface:/home/ishabh/interbotix_ws/install/moveit_visual_tools:/home/ishabh/interbotix_ws/install/interbotix_ros_xsarms:/home/ishabh/interbotix_ws/install/interbotix_xsarm_moveit:/home/ishabh/interbotix_ws/install/interbotix_xsarm_sim:/home/ishabh/interbotix_ws/install/interbotix_xsarm_ros_control:/home/ishabh/interbotix_ws/install/interbotix_xsarm_puppet:/home/ishabh/interbotix_ws/install/interbotix_xsarm_perception:/home/ishabh/interbotix_ws/install/interbotix_xsarm_joy:/home/ishabh/interbotix_ws/install/interbotix_xsarm_gravity_compensation:/home/ishabh/interbotix_ws/install/interbotix_xsarm_dual:/home/ishabh/interbotix_ws/install/interbotix_xsarm_control:/home/ishabh/interbotix_ws/install/interbotix_xsarm_descriptions:/home/ishabh/interbotix_ws/install/interbotix_xs_toolbox:/home/ishabh/interbotix_ws/install/interbotix_xs_rviz:/home/ishabh/interbotix_ws/install/interbotix_ros_xseries:/home/ishabh/interbotix_ws/install/interbotix_xs_sdk:/home/ishabh/interbotix_ws/install/interbotix_xs_ros_control:/home/ishabh/interbotix_ws/install/interbotix_perception_toolbox:/home/ishabh/interbotix_ws/install/interbotix_common_toolbox:/home/ishabh/interbotix_ws/install/interbotix_gravity_compensation:/home/ishabh/interbotix_ws/install/interbotix_xs_msgs:/home/ishabh/interbotix_ws/install/interbotix_xs_driver:/home/ishabh/interbotix_ws/install/interbotix_tf_tools:/home/ishabh/interbotix_ws/install/interbotix_perception_pipelines:/home/ishabh/interbotix_ws/install/interbotix_moveit_interface_msgs:/home/ishabh/interbotix_ws/install/interbotix_common_sim:/home/ishabh/interbotix_ws/install/dynamixel_workbench_toolbox:/home/ishabh/apriltag_ws/install/apriltag_ros LD_LIBRARY_PATH=/home/ishabh/interbotix_ws/install/interbotix_perception_msgs/lib:/home/ishabh/interbotix_ws/install/moveit_visual_tools/lib:/home/ishabh/interbotix_ws/install/interbotix_xs_rviz/lib:/home/ishabh/interbotix_ws/install/interbotix_xs_ros_control/lib:/home/ishabh/interbotix_ws/install/interbotix_xs_msgs/lib:/home/ishabh/interbotix_ws/install/interbotix_xs_driver/lib:/home/ishabh/interbotix_ws/install/interbotix_tf_tools/lib:/home/ishabh/interbotix_ws/install/interbotix_moveit_interface_msgs/lib:/home/ishabh/interbotix_ws/install/dynamixel_workbench_toolbox/lib:/home/ishabh/apriltag_ws/install/apriltag_ros/lib:/opt/ros/humble/opt/rviz_ogre_vendor/lib:/opt/ros/humble/lib/x86_64-linux-gnu:/opt/ros/humble/lib /usr/bin/cmake /home/ishabh/interbotix_ws/src/interbotix_ros_toolboxes/interbotix_perception_toolbox/interbotix_perception_pipelines -DAMENT_CMAKE_SYMLINK_INSTALL=1 -DCMAKE_INSTALL_PREFIX=/home/ishabh/interbotix_ws/install/interbotix_perception_pipelines
