Built target ament_cmake_python_copy_wx250_geomagic_teleop
running egg_info
writing wx250_geomagic_teleop.egg-info/PKG-INFO
writing dependency_links to wx250_geomagic_teleop.egg-info/dependency_links.txt
writing top-level names to wx250_geomagic_teleop.egg-info/top_level.txt
reading manifest file 'wx250_geomagic_teleop.egg-info/SOURCES.txt'
writing manifest file 'wx250_geomagic_teleop.egg-info/SOURCES.txt'
Built target ament_cmake_python_build_wx250_geomagic_teleop_egg
-- Install configuration: ""
-- Up-to-date: /home/ishabh/interbotix_ws/install/wx250_geomagic_teleop/share/wx250_geomagic_teleop/environment/pythonpath.sh
-- Up-to-date: /home/ishabh/interbotix_ws/install/wx250_geomagic_teleop/share/wx250_geomagic_teleop/environment/pythonpath.dsv
-- Up-to-date: /home/ishabh/interbotix_ws/install/wx250_geomagic_teleop/local/lib/python3.10/dist-packages/wx250_geomagic_teleop-0.0.1-py3.10.egg-info
-- Installing: /home/ishabh/interbotix_ws/install/wx250_geomagic_teleop/local/lib/python3.10/dist-packages/wx250_geomagic_teleop-0.0.1-py3.10.egg-info/PKG-INFO
-- Installing: /home/ishabh/interbotix_ws/install/wx250_geomagic_teleop/local/lib/python3.10/dist-packages/wx250_geomagic_teleop-0.0.1-py3.10.egg-info/dependency_links.txt
-- Installing: /home/ishabh/interbotix_ws/install/wx250_geomagic_teleop/local/lib/python3.10/dist-packages/wx250_geomagic_teleop-0.0.1-py3.10.egg-info/top_level.txt
-- Installing: /home/ishabh/interbotix_ws/install/wx250_geomagic_teleop/local/lib/python3.10/dist-packages/wx250_geomagic_teleop-0.0.1-py3.10.egg-info/SOURCES.txt
-- Up-to-date: /home/ishabh/interbotix_ws/install/wx250_geomagic_teleop/local/lib/python3.10/dist-packages/wx250_geomagic_teleop
-- Up-to-date: /home/ishabh/interbotix_ws/install/wx250_geomagic_teleop/local/lib/python3.10/dist-packages/wx250_geomagic_teleop/__init__.py
-- Up-to-date: /home/ishabh/interbotix_ws/install/wx250_geomagic_teleop/local/lib/python3.10/dist-packages/wx250_geomagic_teleop/geomagic_to_wx250_moveit.py
-- Up-to-date: /home/ishabh/interbotix_ws/install/wx250_geomagic_teleop/local/lib/python3.10/dist-packages/wx250_geomagic_teleop/geomagic_to_wx250.py
-- Up-to-date: /home/ishabh/interbotix_ws/install/wx250_geomagic_teleop/local/lib/python3.10/dist-packages/wx250_geomagic_teleop/virtual_geomagic.py
Listing '/home/ishabh/interbotix_ws/install/wx250_geomagic_teleop/local/lib/python3.10/dist-packages/wx250_geomagic_teleop'...
-- Up-to-date: /home/ishabh/interbotix_ws/install/wx250_geomagic_teleop/lib/wx250_geomagic_teleop/geomagic_to_wx250.py
-- Up-to-date: /home/ishabh/interbotix_ws/install/wx250_geomagic_teleop/lib/wx250_geomagic_teleop/virtual_geomagic.py
-- Up-to-date: /home/ishabh/interbotix_ws/install/wx250_geomagic_teleop/share/wx250_geomagic_teleop/wx250_geomagic_teleop.launch.py
-- Up-to-date: /home/ishabh/interbotix_ws/install/wx250_geomagic_teleop/share/wx250_geomagic_teleop/wx250_virtual_geomagic_sim.launch.py
-- Installing: /home/ishabh/interbotix_ws/install/wx250_geomagic_teleop/share/ament_index/resource_index/packages/wx250_geomagic_teleop
-- Up-to-date: /home/ishabh/interbotix_ws/install/wx250_geomagic_teleop/share/wx250_geomagic_teleop/package.xml
-- Up-to-date: /home/ishabh/interbotix_ws/install/wx250_geomagic_teleop/share/ament_index/resource_index/package_run_dependencies/wx250_geomagic_teleop
-- Up-to-date: /home/ishabh/interbotix_ws/install/wx250_geomagic_teleop/share/ament_index/resource_index/parent_prefix_path/wx250_geomagic_teleop
-- Up-to-date: /home/ishabh/interbotix_ws/install/wx250_geomagic_teleop/share/wx250_geomagic_teleop/environment/ament_prefix_path.sh
-- Up-to-date: /home/ishabh/interbotix_ws/install/wx250_geomagic_teleop/share/wx250_geomagic_teleop/environment/ament_prefix_path.dsv
-- Up-to-date: /home/ishabh/interbotix_ws/install/wx250_geomagic_teleop/share/wx250_geomagic_teleop/environment/path.sh
-- Up-to-date: /home/ishabh/interbotix_ws/install/wx250_geomagic_teleop/share/wx250_geomagic_teleop/environment/path.dsv
-- Up-to-date: /home/ishabh/interbotix_ws/install/wx250_geomagic_teleop/share/wx250_geomagic_teleop/local_setup.bash
-- Up-to-date: /home/ishabh/interbotix_ws/install/wx250_geomagic_teleop/share/wx250_geomagic_teleop/local_setup.sh
-- Up-to-date: /home/ishabh/interbotix_ws/install/wx250_geomagic_teleop/share/wx250_geomagic_teleop/local_setup.zsh
-- Up-to-date: /home/ishabh/interbotix_ws/install/wx250_geomagic_teleop/share/wx250_geomagic_teleop/local_setup.dsv
-- Installing: /home/ishabh/interbotix_ws/install/wx250_geomagic_teleop/share/wx250_geomagic_teleop/package.dsv
-- Installing: /home/ishabh/interbotix_ws/install/wx250_geomagic_teleop/share/ament_index/resource_index/packages/wx250_geomagic_teleop
-- Up-to-date: /home/ishabh/interbotix_ws/install/wx250_geomagic_teleop/share/wx250_geomagic_teleop/cmake/wx250_geomagic_teleopConfig.cmake
-- Up-to-date: /home/ishabh/interbotix_ws/install/wx250_geomagic_teleop/share/wx250_geomagic_teleop/cmake/wx250_geomagic_teleopConfig-version.cmake
-- Up-to-date: /home/ishabh/interbotix_ws/install/wx250_geomagic_teleop/share/wx250_geomagic_teleop/package.xml
