[0.861s] Invoking command in '/home/ishabh/interbotix_ws/build/control': PYTHONPATH=/home/ishabh/interbotix_ws/build/control/prefix_override:/usr/lib/python3/dist-packages/colcon_core/task/python/colcon_distutils_commands:/home/ishabh/interbotix_ws/install/control/lib/python3.10/site-packages:${PYTHONPATH} /usr/bin/python3 -W ignore:setup.py install is deprecated -W ignore:easy_install command is deprecated setup.py develop --editable --build-directory /home/ishabh/interbotix_ws/build/control/build --no-deps symlink_data
[1.023s] running develop
[1.108s] running egg_info
[1.108s] creating control.egg-info
[1.108s] writing control.egg-info/PKG-INFO
[1.108s] writing dependency_links to control.egg-info/dependency_links.txt
[1.108s] writing entry points to control.egg-info/entry_points.txt
[1.108s] writing requirements to control.egg-info/requires.txt
[1.108s] writing top-level names to control.egg-info/top_level.txt
[1.108s] writing manifest file 'control.egg-info/SOURCES.txt'
[1.109s] reading manifest file 'control.egg-info/SOURCES.txt'
[1.109s] writing manifest file 'control.egg-info/SOURCES.txt'
[1.111s] running build_ext
[1.111s] Creating /home/ishabh/interbotix_ws/install/control/lib/python3.10/site-packages/control.egg-link (link to .)
[1.111s] Installing teleop script to /home/ishabh/interbotix_ws/install/control/lib/control
[1.112s] 
[1.112s] Installed /home/ishabh/interbotix_ws/build/control
[1.112s] running symlink_data
[1.112s] creating /home/ishabh/interbotix_ws/install/control/share/ament_index
[1.112s] creating /home/ishabh/interbotix_ws/install/control/share/ament_index/resource_index
[1.112s] creating /home/ishabh/interbotix_ws/install/control/share/ament_index/resource_index/packages
[1.112s] symbolically linking /home/ishabh/interbotix_ws/build/control/resource/control -> /home/ishabh/interbotix_ws/install/control/share/ament_index/resource_index/packages
[1.112s] symbolically linking /home/ishabh/interbotix_ws/build/control/package.xml -> /home/ishabh/interbotix_ws/install/control/share/control
[1.129s] Invoked command in '/home/ishabh/interbotix_ws/build/control' returned '0': PYTHONPATH=/home/ishabh/interbotix_ws/build/control/prefix_override:/usr/lib/python3/dist-packages/colcon_core/task/python/colcon_distutils_commands:/home/ishabh/interbotix_ws/install/control/lib/python3.10/site-packages:${PYTHONPATH} /usr/bin/python3 -W ignore:setup.py install is deprecated -W ignore:easy_install command is deprecated setup.py develop --editable --build-directory /home/ishabh/interbotix_ws/build/control/build --no-deps symlink_data
