[0.194s] Invoking command in '/home/ishabh/interbotix_ws/build/moveit_visual_tools': CMAKE_PREFIX_PATH=${CMAKE_PREFIX_PATH}:/home/ishabh/interbotix_ws/install/interbotix_xs_modules:/home/ishabh/interbotix_ws/install/interbotix_perception_modules:/home/ishabh/interbotix_ws/install/interbotix_common_modules:/opt/ros/humble /usr/bin/cmake /home/ishabh/interbotix_ws/src/moveit_visual_tools -DAMENT_CMAKE_SYMLINK_INSTALL=1 -DCMAKE_INSTALL_PREFIX=/home/ishabh/interbotix_ws/install/moveit_visual_tools
[0.248s] -- The C compiler identification is GNU 11.4.0
[0.305s] -- The CXX compiler identification is GNU 11.4.0
[0.310s] -- Detecting C compiler ABI info
[0.362s] -- Detecting C compiler ABI info - done
[0.367s] -- Check for working C compiler: /usr/bin/cc - skipped
[0.367s] -- Detecting C compile features
[0.367s] -- Detecting C compile features - done
[0.369s] -- Detecting CXX compiler ABI info
[0.442s] -- Detecting CXX compiler ABI info - done
[0.449s] -- Check for working CXX compiler: /usr/bin/c++ - skipped
[0.449s] -- Detecting CXX compile features
[0.449s] -- Detecting CXX compile features - done
[0.451s] -- Found moveit_common: 2.5.9 (/opt/ros/humble/share/moveit_common/cmake)
[0.453s] -- Found ament_cmake: 1.3.12 (/opt/ros/humble/share/ament_cmake/cmake)
[0.578s] -- Found Python3: /usr/bin/python3 (found version "3.10.12") found components: Interpreter 
[0.623s] -- Override CMake install command with custom implementation using symlinks instead of copying resources
[0.687s] [0mmoveit_visual_tools: You did not request a specific build type: Choosing 'Release' for maximum performance[0m
[0.695s] -- Found Boost: /usr/lib/x86_64-linux-gnu/cmake/Boost-1.74.0/BoostConfig.cmake (found version "1.74.0") found components: system 
[0.701s] -- Found geometry_msgs: 4.9.0 (/opt/ros/humble/share/geometry_msgs/cmake)
[0.727s] -- Found rosidl_generator_c: 3.1.7 (/opt/ros/humble/share/rosidl_generator_c/cmake)
[0.730s] -- Found rosidl_adapter: 3.1.7 (/opt/ros/humble/share/rosidl_adapter/cmake)
[0.735s] -- Found rosidl_generator_cpp: 3.1.7 (/opt/ros/humble/share/rosidl_generator_cpp/cmake)
[0.744s] -- Using all available rosidl_typesupport_c: rosidl_typesupport_fastrtps_c;rosidl_typesupport_introspection_c
[0.756s] -- Using all available rosidl_typesupport_cpp: rosidl_typesupport_fastrtps_cpp;rosidl_typesupport_introspection_cpp
[0.783s] -- Found graph_msgs: 0.2.0 (/opt/ros/humble/share/graph_msgs/cmake)
[0.795s] -- Found moveit_core: 2.5.9 (/opt/ros/humble/share/moveit_core/cmake)
[0.975s] -- Found Boost: /usr/lib/x86_64-linux-gnu/cmake/Boost-1.74.0/BoostConfig.cmake (found version "1.74.0") found components: chrono date_time filesystem iostreams program_options regex serialization system thread 
[1.005s] -- Found parameter_traits: 0.5.0 (/opt/ros/humble/share/parameter_traits/cmake)
[1.035s] -- Found rmw_implementation_cmake: 6.1.2 (/opt/ros/humble/share/rmw_implementation_cmake/cmake)
[1.037s] -- Found rmw_fastrtps_cpp: 6.2.8 (/opt/ros/humble/share/rmw_fastrtps_cpp/cmake)
[1.115s] -- Found OpenSSL: /usr/lib/x86_64-linux-gnu/libcrypto.so (found version "3.0.2")  
[1.133s] -- Found FastRTPS: /opt/ros/humble/include  
[1.164s] -- Using RMW implementation 'rmw_fastrtps_cpp' as default
[1.171s] -- Found Threads: TRUE  
[1.204s] -- Found rclcpp_lifecycle: 16.0.15 (/opt/ros/humble/share/rclcpp_lifecycle/cmake)
[1.221s] -- Found Boost: /usr/lib/x86_64-linux-gnu/cmake/Boost-1.74.0/BoostConfig.cmake (found version "1.74.0") found components: filesystem 
[1.297s] -- library: /usr/lib/x86_64-linux-gnu/libcurl.so
[1.343s] -- Found Eigen3: TRUE (found version "3.4.0") 
[1.343s] -- Ensuring Eigen3 include directory is part of orocos-kdl CMake target
[1.508s] -- Found moveit_ros_planning: 2.5.9 (/opt/ros/humble/share/moveit_ros_planning/cmake)
[1.512s] -- Found Boost: /usr/lib/x86_64-linux-gnu/cmake/Boost-1.74.0/BoostConfig.cmake (found version "1.74.0") found components: system filesystem date_time program_options thread chrono 
[1.529s] -- Found rviz_visual_tools: 4.1.4 (/opt/ros/humble/share/rviz_visual_tools/cmake)
[1.549s] -- Setting assimp_DIR to: '/opt/ros/humble/share/rviz_assimp_vendor/cmake/../../../opt/rviz_assimp_vendor/lib/cmake/assimp-4.1'
[1.553s] -- Setting OGRE_DIR to: '/opt/ros/humble/share/rviz_ogre_vendor/cmake/../../../opt/rviz_ogre_vendor/lib/OGRE/cmake'
[1.554s] -- Found OGRE
[1.554s] --   static     : OFF
[1.554s] --   components : HLMS;MeshLodGenerator;Overlay;Paging;Property;RTShaderSystem;Terrain;Volume
[1.554s] --   plugins    : Plugin_BSPSceneManager;Plugin_OctreeSceneManager;Plugin_PCZSceneManager;Plugin_ParticleFX;RenderSystem_GL;RenderSystem_GL3Plus;Codec_STBI
[1.554s] --   media      : /opt/ros/humble/opt/rviz_ogre_vendor/share/OGRE/Media
[1.554s] -- OGRE_LIBRARIES: OgreHLMS;OgreMeshLodGenerator;OgreOverlay;OgrePaging;OgreProperty;OgreRTShaderSystem;OgreTerrain;OgreVolume;OgreMain
[1.554s] -- OGRE_LIBRARY_DIRS: /opt/ros/humble/opt/rviz_ogre_vendor/lib
[1.555s] -- OGRE_PLUGINS: Plugin_BSPSceneManager;Plugin_OctreeSceneManager;Plugin_PCZSceneManager;Plugin_ParticleFX;RenderSystem_GL;RenderSystem_GL3Plus;Codec_STBI
[1.555s] -- OGRE_PLUGIN_DIR: /opt/ros/humble/opt/rviz_ogre_vendor/lib/OGRE
[1.555s] -- rviz_ogre_vendor::OgreOverlay for IMPORTED_LOCATION_RELEASE: /opt/ros/humble/opt/rviz_ogre_vendor/lib/libOgreOverlay.so
[1.555s] -- rviz_ogre_vendor::OgreOverlay for IMPORTED_LOCATION_DEBUG: /opt/ros/humble/opt/rviz_ogre_vendor/lib/libOgreOverlay.so
[1.555s] -- rviz_ogre_vendor::OgreMain for IMPORTED_LOCATION_RELEASE: /opt/ros/humble/opt/rviz_ogre_vendor/lib/libOgreMain.so
[1.555s] -- rviz_ogre_vendor::OgreMain for IMPORTED_LOCATION_DEBUG: /opt/ros/humble/opt/rviz_ogre_vendor/lib/libOgreMain.so
[1.569s] -- Found ZLIB: /usr/lib/x86_64-linux-gnu/libz.so (found version "1.2.11") 
[1.574s] -- Found OpenGL: /usr/lib/x86_64-linux-gnu/libOpenGL.so   
[1.664s] -- Found X11: /usr/include   
[1.665s] -- Looking for XOpenDisplay in /usr/lib/x86_64-linux-gnu/libX11.so;/usr/lib/x86_64-linux-gnu/libXext.so
[1.771s] -- Looking for XOpenDisplay in /usr/lib/x86_64-linux-gnu/libX11.so;/usr/lib/x86_64-linux-gnu/libXext.so - found
[1.771s] -- Looking for gethostbyname
[1.856s] -- Looking for gethostbyname - found
[1.856s] -- Looking for connect
[1.957s] -- Looking for connect - found
[1.957s] -- Looking for remove
[2.048s] -- Looking for remove - found
[2.048s] -- Looking for shmat
[2.137s] -- Looking for shmat - found
[2.137s] -- Looking for IceConnectionNumber in ICE
[2.225s] -- Looking for IceConnectionNumber in ICE - found
[2.370s] -- Found ament_lint_auto: 0.12.14 (/opt/ros/humble/share/ament_lint_auto/cmake)
[2.391s] -- Added test 'copyright' to check source files copyright and LICENSE
[2.392s] -- Added test 'flake8' to check Python code syntax and style conventions
[2.394s] -- Added test 'lint_cmake' to check CMake code style
[2.395s] -- Added test 'pep257' to check Python code against some of the docstring style conventions in PEP 257
[2.397s] -- Added test 'xmllint' to check XML markup files
[2.400s] -- Configuring done
[2.457s] -- Generating done
[2.467s] -- Build files have been written to: /home/ishabh/interbotix_ws/build/moveit_visual_tools
[2.480s] Invoked command in '/home/ishabh/interbotix_ws/build/moveit_visual_tools' returned '0': CMAKE_PREFIX_PATH=${CMAKE_PREFIX_PATH}:/home/ishabh/interbotix_ws/install/interbotix_xs_modules:/home/ishabh/interbotix_ws/install/interbotix_perception_modules:/home/ishabh/interbotix_ws/install/interbotix_common_modules:/opt/ros/humble /usr/bin/cmake /home/ishabh/interbotix_ws/src/moveit_visual_tools -DAMENT_CMAKE_SYMLINK_INSTALL=1 -DCMAKE_INSTALL_PREFIX=/home/ishabh/interbotix_ws/install/moveit_visual_tools
[2.481s] Invoking command in '/home/ishabh/interbotix_ws/build/moveit_visual_tools': CMAKE_PREFIX_PATH=${CMAKE_PREFIX_PATH}:/home/ishabh/interbotix_ws/install/interbotix_xs_modules:/home/ishabh/interbotix_ws/install/interbotix_perception_modules:/home/ishabh/interbotix_ws/install/interbotix_common_modules:/opt/ros/humble /usr/bin/cmake --build /home/ishabh/interbotix_ws/build/moveit_visual_tools -- -j32 -l32
[2.538s] [ 16%] [32mBuilding CXX object CMakeFiles/moveit_visual_tools.dir/src/moveit_visual_tools.cpp.o[0m
[2.540s] [ 33%] [32mBuilding CXX object CMakeFiles/moveit_visual_tools.dir/src/imarker_robot_state.cpp.o[0m
[2.541s] [ 50%] [32mBuilding CXX object CMakeFiles/moveit_visual_tools.dir/src/imarker_end_effector.cpp.o[0m
[15.697s] [ 66%] [32m[1mLinking CXX shared library libmoveit_visual_tools.so[0m
[15.945s] [ 66%] Built target moveit_visual_tools
[15.970s] [ 83%] [32mBuilding CXX object CMakeFiles/moveit_visual_tools_demo.dir/src/moveit_visual_tools_demo.cpp.o[0m
[22.836s] [100%] [32m[1mLinking CXX executable moveit_visual_tools_demo[0m
[23.059s] [100%] Built target moveit_visual_tools_demo
[23.071s] Invoked command in '/home/ishabh/interbotix_ws/build/moveit_visual_tools' returned '0': CMAKE_PREFIX_PATH=${CMAKE_PREFIX_PATH}:/home/ishabh/interbotix_ws/install/interbotix_xs_modules:/home/ishabh/interbotix_ws/install/interbotix_perception_modules:/home/ishabh/interbotix_ws/install/interbotix_common_modules:/opt/ros/humble /usr/bin/cmake --build /home/ishabh/interbotix_ws/build/moveit_visual_tools -- -j32 -l32
[23.071s] Invoking command in '/home/ishabh/interbotix_ws/build/moveit_visual_tools': CMAKE_PREFIX_PATH=${CMAKE_PREFIX_PATH}:/home/ishabh/interbotix_ws/install/interbotix_xs_modules:/home/ishabh/interbotix_ws/install/interbotix_perception_modules:/home/ishabh/interbotix_ws/install/interbotix_common_modules:/opt/ros/humble /usr/bin/cmake --install /home/ishabh/interbotix_ws/build/moveit_visual_tools
[23.078s] -- Install configuration: "Release"
[23.078s] -- Execute custom install script
[23.079s] -- Symlinking: /home/ishabh/interbotix_ws/install/moveit_visual_tools/share/moveit_visual_tools/environment/library_path.sh
[23.086s] -- Symlinking: /home/ishabh/interbotix_ws/install/moveit_visual_tools/share/moveit_visual_tools/environment/library_path.dsv
[23.093s] -- Symlinking: /home/ishabh/interbotix_ws/install/moveit_visual_tools/lib/moveit_visual_tools/moveit_visual_tools_demo
[23.099s] -- Symlinking: /home/ishabh/interbotix_ws/install/moveit_visual_tools/include/moveit_visual_tools/imarker_end_effector.h
[23.105s] -- Symlinking: /home/ishabh/interbotix_ws/install/moveit_visual_tools/include/moveit_visual_tools/imarker_robot_state.h
[23.112s] -- Symlinking: /home/ishabh/interbotix_ws/install/moveit_visual_tools/include/moveit_visual_tools/moveit_visual_tools.h
[23.119s] -- Symlinking: /home/ishabh/interbotix_ws/install/moveit_visual_tools/share/moveit_visual_tools/launch/demo.rviz
[23.125s] -- Symlinking: /home/ishabh/interbotix_ws/install/moveit_visual_tools/share/moveit_visual_tools/launch/demo_rviz.launch.py
[23.132s] -- Symlinking: /home/ishabh/interbotix_ws/install/moveit_visual_tools/share/moveit_visual_tools/resources/demo.png
[23.139s] -- Symlinking: /home/ishabh/interbotix_ws/install/moveit_visual_tools/share/moveit_visual_tools/resources/demo_mesh.stl
[23.145s] -- Symlinking: /home/ishabh/interbotix_ws/install/moveit_visual_tools/share/moveit_visual_tools/resources/rrbot.srdf
[23.152s] -- Symlinking: /home/ishabh/interbotix_ws/install/moveit_visual_tools/share/moveit_visual_tools/resources/rrbot.urdf
[23.159s] -- Symlinking: /home/ishabh/interbotix_ws/install/moveit_visual_tools/share/moveit_visual_tools/resources/screenshot.png
[23.167s] -- Symlinking: /home/ishabh/interbotix_ws/install/moveit_visual_tools/share/ament_index/resource_index/package_run_dependencies/moveit_visual_tools
[23.173s] -- Symlinking: /home/ishabh/interbotix_ws/install/moveit_visual_tools/share/ament_index/resource_index/parent_prefix_path/moveit_visual_tools
[23.180s] -- Symlinking: /home/ishabh/interbotix_ws/install/moveit_visual_tools/share/moveit_visual_tools/environment/ament_prefix_path.sh
[23.188s] -- Symlinking: /home/ishabh/interbotix_ws/install/moveit_visual_tools/share/moveit_visual_tools/environment/ament_prefix_path.dsv
[23.195s] -- Symlinking: /home/ishabh/interbotix_ws/install/moveit_visual_tools/share/moveit_visual_tools/environment/path.sh
[23.200s] -- Symlinking: /home/ishabh/interbotix_ws/install/moveit_visual_tools/share/moveit_visual_tools/environment/path.dsv
[23.206s] -- Symlinking: /home/ishabh/interbotix_ws/install/moveit_visual_tools/share/moveit_visual_tools/local_setup.bash
[23.211s] -- Symlinking: /home/ishabh/interbotix_ws/install/moveit_visual_tools/share/moveit_visual_tools/local_setup.sh
[23.218s] -- Symlinking: /home/ishabh/interbotix_ws/install/moveit_visual_tools/share/moveit_visual_tools/local_setup.zsh
[23.225s] -- Symlinking: /home/ishabh/interbotix_ws/install/moveit_visual_tools/share/moveit_visual_tools/local_setup.dsv
[23.233s] -- Symlinking: /home/ishabh/interbotix_ws/install/moveit_visual_tools/share/moveit_visual_tools/package.dsv
[23.240s] -- Symlinking: /home/ishabh/interbotix_ws/install/moveit_visual_tools/share/ament_index/resource_index/packages/moveit_visual_tools
[23.246s] -- Symlinking: /home/ishabh/interbotix_ws/install/moveit_visual_tools/share/moveit_visual_tools/cmake/ament_cmake_export_targets-extras.cmake
[23.252s] -- Symlinking: /home/ishabh/interbotix_ws/install/moveit_visual_tools/share/moveit_visual_tools/cmake/ament_cmake_export_dependencies-extras.cmake
[23.258s] -- Symlinking: /home/ishabh/interbotix_ws/install/moveit_visual_tools/share/moveit_visual_tools/cmake/moveit_visual_toolsConfig.cmake
[23.264s] -- Symlinking: /home/ishabh/interbotix_ws/install/moveit_visual_tools/share/moveit_visual_tools/cmake/moveit_visual_toolsConfig-version.cmake
[23.271s] -- Symlinking: /home/ishabh/interbotix_ws/install/moveit_visual_tools/share/moveit_visual_tools/package.xml
[23.277s] -- Installing: /home/ishabh/interbotix_ws/install/moveit_visual_tools/lib/libmoveit_visual_tools.so
[23.278s] -- Set runtime path of "/home/ishabh/interbotix_ws/install/moveit_visual_tools/lib/libmoveit_visual_tools.so" to ""
[23.278s] -- Installing: /home/ishabh/interbotix_ws/install/moveit_visual_tools/share/moveit_visual_tools/cmake/export_moveit_visual_toolsExport.cmake
[23.278s] -- Installing: /home/ishabh/interbotix_ws/install/moveit_visual_tools/share/moveit_visual_tools/cmake/export_moveit_visual_toolsExport-release.cmake
[23.280s] Invoked command in '/home/ishabh/interbotix_ws/build/moveit_visual_tools' returned '0': CMAKE_PREFIX_PATH=${CMAKE_PREFIX_PATH}:/home/ishabh/interbotix_ws/install/interbotix_xs_modules:/home/ishabh/interbotix_ws/install/interbotix_perception_modules:/home/ishabh/interbotix_ws/install/interbotix_common_modules:/opt/ros/humble /usr/bin/cmake --install /home/ishabh/interbotix_ws/build/moveit_visual_tools
