running develop
running egg_info
creating wx250_bringup.egg-info
writing wx250_bringup.egg-info/PKG-INFO
writing dependency_links to wx250_bringup.egg-info/dependency_links.txt
writing entry points to wx250_bringup.egg-info/entry_points.txt
writing requirements to wx250_bringup.egg-info/requires.txt
writing top-level names to wx250_bringup.egg-info/top_level.txt
writing manifest file 'wx250_bringup.egg-info/SOURCES.txt'
reading manifest file 'wx250_bringup.egg-info/SOURCES.txt'
writing manifest file 'wx250_bringup.egg-info/SOURCES.txt'
running build_ext
Creating /home/ishabh/interbotix_ws/install/wx250_bringup/lib/python3.10/site-packages/wx250-bringup.egg-link (link to .)

Installed /home/ishabh/interbotix_ws/build/wx250_bringup
running symlink_data
creating /home/ishabh/interbotix_ws/install/wx250_bringup/share/ament_index
creating /home/ishabh/interbotix_ws/install/wx250_bringup/share/ament_index/resource_index
creating /home/ishabh/interbotix_ws/install/wx250_bringup/share/ament_index/resource_index/packages
symbolically linking /home/ishabh/interbotix_ws/build/wx250_bringup/resource/wx250_bringup -> /home/ishabh/interbotix_ws/install/wx250_bringup/share/ament_index/resource_index/packages
symbolically linking /home/ishabh/interbotix_ws/build/wx250_bringup/package.xml -> /home/ishabh/interbotix_ws/install/wx250_bringup/share/wx250_bringup
creating /home/ishabh/interbotix_ws/install/wx250_bringup/share/wx250_bringup/launch
error: can't copy '/home/ishabh/interbotix_ws/build/wx250_bringup/launch/wx250_servo_teleop.launch.py': doesn't exist or not a regular file
