[0.014s] Invoking command in '/home/ishabh/interbotix_ws/build/interbotix_moveit_interface': CMAKE_PREFIX_PATH=/home/ishabh/interbotix_ws/install/moveit_visual_tools:/home/ishabh/interbotix_ws/install/interbotix_moveit_interface_msgs:/home/ishabh/Desktop/sarm_ws/install/sarm_teleop:/home/ishabh/interbotix_ws/install/interbotix_xs_modules:/home/ishabh/interbotix_ws/install/interbotix_perception_modules:/home/ishabh/interbotix_ws/install/interbotix_common_modules:/opt/ros/humble:/home/ishabh/interbotix_ws/install/wx250_geomagic_teleop:/home/ishabh/interbotix_ws/install/interbotix_ros_xsarms_examples:/home/ishabh/interbotix_ws/install/interbotix_xsarm_moveit_interface:/home/ishabh/interbotix_ws/install/interbotix_moveit_interface:/home/ishabh/interbotix_ws/install/interbotix_ros_xsarms:/home/ishabh/interbotix_ws/install/interbotix_xsarm_moveit:/home/ishabh/interbotix_ws/install/interbotix_xsarm_sim:/home/ishabh/interbotix_ws/install/interbotix_xsarm_ros_control:/home/ishabh/interbotix_ws/install/interbotix_xsarm_puppet:/home/ishabh/interbotix_ws/install/interbotix_xsarm_perception:/home/ishabh/interbotix_ws/install/interbotix_xsarm_joy:/home/ishabh/interbotix_ws/install/interbotix_xsarm_gravity_compensation:/home/ishabh/interbotix_ws/install/interbotix_xsarm_dual:/home/ishabh/interbotix_ws/install/interbotix_xsarm_control:/home/ishabh/interbotix_ws/install/interbotix_xsarm_descriptions:/home/ishabh/interbotix_ws/install/interbotix_xs_toolbox:/home/ishabh/interbotix_ws/install/interbotix_xs_rviz:/home/ishabh/interbotix_ws/install/interbotix_ros_xseries:/home/ishabh/interbotix_ws/install/interbotix_xs_sdk:/home/ishabh/interbotix_ws/install/interbotix_xs_ros_control:/home/ishabh/interbotix_ws/install/interbotix_perception_toolbox:/home/ishabh/interbotix_ws/install/interbotix_common_toolbox:/home/ishabh/interbotix_ws/install/interbotix_gravity_compensation:/home/ishabh/interbotix_ws/install/interbotix_xs_msgs:/home/ishabh/interbotix_ws/install/interbotix_xs_driver:/home/ishabh/interbotix_ws/install/interbotix_tf_tools:/home/ishabh/interbotix_ws/install/interbotix_perception_pipelines:/home/ishabh/interbotix_ws/install/interbotix_perception_msgs:/home/ishabh/interbotix_ws/install/interbotix_common_sim:/home/ishabh/interbotix_ws/install/dynamixel_workbench_toolbox:/home/ishabh/apriltag_ws/install/apriltag_ros LD_LIBRARY_PATH=/home/ishabh/interbotix_ws/install/moveit_visual_tools/lib:/home/ishabh/interbotix_ws/install/interbotix_moveit_interface_msgs/lib:/home/ishabh/interbotix_ws/install/interbotix_xs_rviz/lib:/home/ishabh/interbotix_ws/install/interbotix_xs_ros_control/lib:/home/ishabh/interbotix_ws/install/interbotix_xs_msgs/lib:/home/ishabh/interbotix_ws/install/interbotix_xs_driver/lib:/home/ishabh/interbotix_ws/install/interbotix_tf_tools/lib:/home/ishabh/interbotix_ws/install/interbotix_perception_msgs/lib:/home/ishabh/interbotix_ws/install/dynamixel_workbench_toolbox/lib:/home/ishabh/apriltag_ws/install/apriltag_ros/lib:/opt/ros/humble/opt/rviz_ogre_vendor/lib:/opt/ros/humble/lib/x86_64-linux-gnu:/opt/ros/humble/lib /usr/bin/cmake /home/ishabh/interbotix_ws/src/interbotix_ros_toolboxes/interbotix_common_toolbox/interbotix_moveit_interface -DAMENT_CMAKE_SYMLINK_INSTALL=1 -DCMAKE_INSTALL_PREFIX=/home/ishabh/interbotix_ws/install/interbotix_moveit_interface
[0.026s] -- Found ament_cmake: 1.3.12 (/opt/ros/humble/share/ament_cmake/cmake)
[0.114s] -- Override CMake install command with custom implementation using symlinks instead of copying resources
[0.120s] -- Found interbotix_moveit_interface_msgs: 0.0.0 (/home/ishabh/interbotix_ws/install/interbotix_moveit_interface_msgs/share/interbotix_moveit_interface_msgs/cmake)
[0.138s] -- Found rosidl_generator_c: 3.1.7 (/opt/ros/humble/share/rosidl_generator_c/cmake)
[0.140s] -- Found rosidl_adapter: 3.1.7 (/opt/ros/humble/share/rosidl_adapter/cmake)
[0.145s] -- Found rosidl_generator_cpp: 3.1.7 (/opt/ros/humble/share/rosidl_generator_cpp/cmake)
[0.153s] -- Using all available rosidl_typesupport_c: rosidl_typesupport_fastrtps_c;rosidl_typesupport_introspection_c
[0.163s] -- Using all available rosidl_typesupport_cpp: rosidl_typesupport_fastrtps_cpp;rosidl_typesupport_introspection_cpp
[0.203s] -- Found moveit_msgs: 2.2.1 (/opt/ros/humble/share/moveit_msgs/cmake)
[0.288s] -- Found moveit_ros_planning_interface: 2.5.9 (/opt/ros/humble/share/moveit_ros_planning_interface/cmake)
[0.296s] -- Found Boost: /usr/lib/x86_64-linux-gnu/cmake/Boost-1.74.0/BoostConfig.cmake (found version "1.74.0") found components: date_time filesystem program_options system thread 
[0.304s] -- Found Boost: /usr/lib/x86_64-linux-gnu/cmake/Boost-1.74.0/BoostConfig.cmake (found version "1.74.0") found components: chrono date_time filesystem iostreams program_options regex serialization system thread 
[0.320s] -- Found parameter_traits: 0.5.0 (/opt/ros/humble/share/parameter_traits/cmake)
[0.338s] -- Found rmw_implementation_cmake: 6.1.2 (/opt/ros/humble/share/rmw_implementation_cmake/cmake)
[0.339s] -- Found rmw_fastrtps_cpp: 6.2.8 (/opt/ros/humble/share/rmw_fastrtps_cpp/cmake)
[0.411s] -- Using RMW implementation 'rmw_fastrtps_cpp' as default
[0.439s] -- Found rclcpp_lifecycle: 16.0.15 (/opt/ros/humble/share/rclcpp_lifecycle/cmake)
[0.453s] -- Found Boost: /usr/lib/x86_64-linux-gnu/cmake/Boost-1.74.0/BoostConfig.cmake (found version "1.74.0") found components: filesystem 
[0.477s] -- library: /usr/lib/x86_64-linux-gnu/libcurl.so
[0.494s] -- Ensuring Eigen3 include directory is part of orocos-kdl CMake target
[0.565s] -- Found Boost: /usr/lib/x86_64-linux-gnu/cmake/Boost-1.74.0/BoostConfig.cmake (found version "1.74.0") found components: system filesystem date_time program_options thread chrono 
[0.585s] -- Found Boost: /usr/lib/x86_64-linux-gnu/cmake/Boost-1.74.0/BoostConfig.cmake (found version "1.74.0") found components: thread system filesystem regex date_time program_options 
[0.599s] -- Found Boost: /usr/lib/x86_64-linux-gnu/cmake/Boost-1.74.0/BoostConfig.cmake (found version "1.74.0") found components: system filesystem date_time program_options thread 
[0.617s] -- Found moveit_visual_tools: 4.1.2 (/home/ishabh/interbotix_ws/install/moveit_visual_tools/share/moveit_visual_tools/cmake)
[0.646s] -- Setting assimp_DIR to: '/opt/ros/humble/share/rviz_assimp_vendor/cmake/../../../opt/rviz_assimp_vendor/lib/cmake/assimp-4.1'
[0.649s] -- Setting OGRE_DIR to: '/opt/ros/humble/share/rviz_ogre_vendor/cmake/../../../opt/rviz_ogre_vendor/lib/OGRE/cmake'
[0.650s] -- Found OGRE
[0.650s] --   static     : OFF
[0.650s] --   components : HLMS;MeshLodGenerator;Overlay;Paging;Property;RTShaderSystem;Terrain;Volume
[0.650s] --   plugins    : Plugin_BSPSceneManager;Plugin_OctreeSceneManager;Plugin_PCZSceneManager;Plugin_ParticleFX;RenderSystem_GL;RenderSystem_GL3Plus;Codec_STBI
[0.650s] --   media      : /opt/ros/humble/opt/rviz_ogre_vendor/share/OGRE/Media
[0.650s] -- OGRE_LIBRARIES: OgreHLMS;OgreMeshLodGenerator;OgreOverlay;OgrePaging;OgreProperty;OgreRTShaderSystem;OgreTerrain;OgreVolume;OgreMain
[0.650s] -- OGRE_LIBRARY_DIRS: /opt/ros/humble/opt/rviz_ogre_vendor/lib
[0.650s] -- OGRE_PLUGINS: Plugin_BSPSceneManager;Plugin_OctreeSceneManager;Plugin_PCZSceneManager;Plugin_ParticleFX;RenderSystem_GL;RenderSystem_GL3Plus;Codec_STBI
[0.650s] -- OGRE_PLUGIN_DIR: /opt/ros/humble/opt/rviz_ogre_vendor/lib/OGRE
[0.651s] -- rviz_ogre_vendor::OgreOverlay for IMPORTED_LOCATION_RELEASE: /opt/ros/humble/opt/rviz_ogre_vendor/lib/libOgreOverlay.so
[0.651s] -- rviz_ogre_vendor::OgreOverlay for IMPORTED_LOCATION_DEBUG: /opt/ros/humble/opt/rviz_ogre_vendor/lib/libOgreOverlay.so
[0.651s] -- rviz_ogre_vendor::OgreMain for IMPORTED_LOCATION_RELEASE: /opt/ros/humble/opt/rviz_ogre_vendor/lib/libOgreMain.so
[0.651s] -- rviz_ogre_vendor::OgreMain for IMPORTED_LOCATION_DEBUG: /opt/ros/humble/opt/rviz_ogre_vendor/lib/libOgreMain.so
[0.738s] -- Found ament_lint_auto: 0.12.14 (/opt/ros/humble/share/ament_lint_auto/cmake)
[0.796s] -- Added test 'copyright' to check source files copyright and LICENSE
[0.797s] -- Added test 'cppcheck' to perform static code analysis on C / C++ code
[0.797s] -- Configured cppcheck include dirs: /home/ishabh/interbotix_ws/src/interbotix_ros_toolboxes/interbotix_common_toolbox/interbotix_moveit_interface/include
[0.797s] -- Configured cppcheck exclude dirs and/or files: 
[0.797s] -- Added test 'cpplint' to check C / C++ code against the Google style
[0.797s] -- Configured cpplint exclude dirs and/or files: 
[0.797s] -- Added test 'lint_cmake' to check CMake code style
[0.798s] -- Added test 'uncrustify' to check C / C++ code style
[0.798s] -- Configured uncrustify additional arguments: 
[0.798s] -- Added test 'xmllint' to check XML markup files
[0.799s] -- Configuring done
[0.821s] -- Generating done
[0.826s] -- Build files have been written to: /home/ishabh/interbotix_ws/build/interbotix_moveit_interface
