[0.018s] Invoking command in '/home/ishabh/interbotix_ws/build/interbotix_xs_ros_control': CMAKE_PREFIX_PATH=/home/ishabh/interbotix_ws/install/interbotix_xs_msgs:/home/ishabh/interbotix_ws/install/wx250_bringup:/home/ishabh/interbotix_ws/install/interbotix_xs_modules:/home/ishabh/interbotix_ws/install/interbotix_perception_modules:/home/ishabh/interbotix_ws/install/interbotix_common_modules:/home/ishabh/Desktop/sarm_ws/install/sarm_teleop:/opt/ros/humble:/home/ishabh/interbotix_ws/install/wx250_geomagic_teleop:/home/ishabh/interbotix_ws/install/interbotix_ros_xsarms_examples:/home/ishabh/interbotix_ws/install/interbotix_xsarm_moveit_interface:/home/ishabh/interbotix_ws/install/interbotix_moveit_interface:/home/ishabh/interbotix_ws/install/moveit_visual_tools:/home/ishabh/interbotix_ws/install/interbotix_ros_xsarms:/home/ishabh/interbotix_ws/install/interbotix_xsarm_moveit:/home/ishabh/interbotix_ws/install/interbotix_xsarm_sim:/home/ishabh/interbotix_ws/install/interbotix_xsarm_ros_control:/home/ishabh/interbotix_ws/install/interbotix_xsarm_puppet:/home/ishabh/interbotix_ws/install/interbotix_xsarm_perception:/home/ishabh/interbotix_ws/install/interbotix_xsarm_joy:/home/ishabh/interbotix_ws/install/interbotix_xsarm_gravity_compensation:/home/ishabh/interbotix_ws/install/interbotix_xsarm_dual:/home/ishabh/interbotix_ws/install/interbotix_xsarm_control:/home/ishabh/interbotix_ws/install/interbotix_xsarm_descriptions:/home/ishabh/interbotix_ws/install/interbotix_xs_toolbox:/home/ishabh/interbotix_ws/install/interbotix_xs_rviz:/home/ishabh/interbotix_ws/install/interbotix_ros_xseries:/home/ishabh/interbotix_ws/install/interbotix_xs_sdk:/home/ishabh/interbotix_ws/install/interbotix_xs_ros_control:/home/ishabh/interbotix_ws/install/interbotix_perception_toolbox:/home/ishabh/interbotix_ws/install/interbotix_common_toolbox:/home/ishabh/interbotix_ws/install/interbotix_gravity_compensation:/home/ishabh/interbotix_ws/install/interbotix_xs_driver:/home/ishabh/interbotix_ws/install/interbotix_tf_tools:/home/ishabh/interbotix_ws/install/interbotix_perception_pipelines:/home/ishabh/interbotix_ws/install/interbotix_perception_msgs:/home/ishabh/interbotix_ws/install/interbotix_moveit_interface_msgs:/home/ishabh/interbotix_ws/install/interbotix_common_sim:/home/ishabh/interbotix_ws/install/dynamixel_workbench_toolbox:/home/ishabh/apriltag_ws/install/apriltag_ros LD_LIBRARY_PATH=/home/ishabh/interbotix_ws/install/interbotix_xs_msgs/lib:/home/ishabh/interbotix_ws/install/moveit_visual_tools/lib:/home/ishabh/interbotix_ws/install/interbotix_xs_rviz/lib:/home/ishabh/interbotix_ws/install/interbotix_xs_ros_control/lib:/home/ishabh/interbotix_ws/install/interbotix_xs_driver/lib:/home/ishabh/interbotix_ws/install/interbotix_tf_tools/lib:/home/ishabh/interbotix_ws/install/interbotix_perception_msgs/lib:/home/ishabh/interbotix_ws/install/interbotix_moveit_interface_msgs/lib:/home/ishabh/interbotix_ws/install/dynamixel_workbench_toolbox/lib:/home/ishabh/apriltag_ws/install/apriltag_ros/lib:/opt/ros/humble/opt/rviz_ogre_vendor/lib:/opt/ros/humble/lib/x86_64-linux-gnu:/opt/ros/humble/lib /usr/bin/cmake /home/ishabh/interbotix_ws/src/interbotix_ros_toolboxes/interbotix_xs_toolbox/interbotix_xs_ros_control -DCMAKE_INSTALL_PREFIX=/home/ishabh/interbotix_ws/install/interbotix_xs_ros_control
[0.026s] -- Found ament_cmake: 1.3.12 (/opt/ros/humble/share/ament_cmake/cmake)
[0.129s] -- Override CMake install command with custom implementation using symlinks instead of copying resources
[0.134s] -- Found hardware_interface: 2.52.0 (/opt/ros/humble/share/hardware_interface/cmake)
[0.151s] -- Found rosidl_generator_c: 3.1.7 (/opt/ros/humble/share/rosidl_generator_c/cmake)
[0.152s] -- Found rosidl_adapter: 3.1.7 (/opt/ros/humble/share/rosidl_adapter/cmake)
[0.156s] -- Found rosidl_generator_cpp: 3.1.7 (/opt/ros/humble/share/rosidl_generator_cpp/cmake)
[0.164s] -- Using all available rosidl_typesupport_c: rosidl_typesupport_fastrtps_c;rosidl_typesupport_introspection_c
[0.175s] -- Using all available rosidl_typesupport_cpp: rosidl_typesupport_fastrtps_cpp;rosidl_typesupport_introspection_cpp
[0.300s] -- Found rmw_implementation_cmake: 6.1.2 (/opt/ros/humble/share/rmw_implementation_cmake/cmake)
[0.302s] -- Found rmw_fastrtps_cpp: 6.2.8 (/opt/ros/humble/share/rmw_fastrtps_cpp/cmake)
[0.314s] -- Found TinyXML2 via Config file: TinyXML2_DIR-NOTFOUND
[0.320s] -- Found TinyXML2 via Config file: TinyXML2_DIR-NOTFOUND
[0.330s] -- Found TinyXML2 via Config file: TinyXML2_DIR-NOTFOUND
[0.337s] -- Found TinyXML2 via Config file: TinyXML2_DIR-NOTFOUND
[0.347s] -- Using RMW implementation 'rmw_fastrtps_cpp' as default
[0.375s] -- Found interbotix_xs_msgs: 0.0.0 (/home/ishabh/interbotix_ws/install/interbotix_xs_msgs/share/interbotix_xs_msgs/cmake)
[0.389s] -- Found ament_lint_auto: 0.12.14 (/opt/ros/humble/share/ament_lint_auto/cmake)
[0.446s] -- Found ros2_control_test_assets: 2.52.0 (/opt/ros/humble/share/ros2_control_test_assets/cmake)
[0.447s] -- Found gmock sources under '/opt/ros/humble/src/gmock_vendor': C++ tests using 'Google Mock' will be built
[0.448s] -- Found ament_cmake_gtest: 1.3.12 (/opt/ros/humble/share/ament_cmake_gtest/cmake)
[0.449s] -- Found gtest sources under '/opt/ros/humble/src/gtest_vendor': C++ tests using 'Google Test' will be built
[0.456s] -- Added test 'copyright' to check source files copyright and LICENSE
[0.456s] -- Added test 'cppcheck' to perform static code analysis on C / C++ code
[0.457s] -- Configured cppcheck include dirs: $<BUILD_INTERFACE:/home/ishabh/interbotix_ws/src/interbotix_ros_toolboxes/interbotix_xs_toolbox/interbotix_xs_ros_control/include>;/home/ishabh/interbotix_ws/src/interbotix_ros_toolboxes/interbotix_xs_toolbox/interbotix_xs_ros_control/include
[0.457s] -- Configured cppcheck exclude dirs and/or files: 
[0.457s] -- Added test 'cpplint' to check C / C++ code against the Google style
[0.457s] -- Configured cpplint exclude dirs and/or files: 
[0.457s] -- Added test 'lint_cmake' to check CMake code style
[0.458s] -- Added test 'uncrustify' to check C / C++ code style
[0.458s] -- Configured uncrustify additional arguments: 
[0.458s] -- Added test 'xmllint' to check XML markup files
[0.459s] -- Configuring done
[0.475s] -- Generating done
[0.479s] -- Build files have been written to: /home/ishabh/interbotix_ws/build/interbotix_xs_ros_control
