[0.019s] Invoking command in '/home/ishabh/interbotix_ws/build/interbotix_xs_sdk': CMAKE_PREFIX_PATH=/home/ishabh/interbotix_ws/install/interbotix_xs_driver:/home/ishabh/interbotix_ws/install/interbotix_xs_msgs:/home/ishabh/interbotix_ws/install/dynamixel_workbench_toolbox:/home/ishabh/interbotix_ws/install/wx250_bringup:/home/ishabh/interbotix_ws/install/interbotix_xs_modules:/home/ishabh/interbotix_ws/install/interbotix_perception_modules:/home/ishabh/interbotix_ws/install/interbotix_common_modules:/home/ishabh/Desktop/sarm_ws/install/sarm_teleop:/opt/ros/humble:/home/ishabh/interbotix_ws/install/wx250_geomagic_teleop:/home/ishabh/interbotix_ws/install/interbotix_ros_xsarms_examples:/home/ishabh/interbotix_ws/install/interbotix_xsarm_moveit_interface:/home/ishabh/interbotix_ws/install/interbotix_moveit_interface:/home/ishabh/interbotix_ws/install/moveit_visual_tools:/home/ishabh/interbotix_ws/install/interbotix_ros_xsarms:/home/ishabh/interbotix_ws/install/interbotix_xsarm_moveit:/home/ishabh/interbotix_ws/install/interbotix_xsarm_sim:/home/ishabh/interbotix_ws/install/interbotix_xsarm_ros_control:/home/ishabh/interbotix_ws/install/interbotix_xsarm_puppet:/home/ishabh/interbotix_ws/install/interbotix_xsarm_perception:/home/ishabh/interbotix_ws/install/interbotix_xsarm_joy:/home/ishabh/interbotix_ws/install/interbotix_xsarm_gravity_compensation:/home/ishabh/interbotix_ws/install/interbotix_xsarm_dual:/home/ishabh/interbotix_ws/install/interbotix_xsarm_control:/home/ishabh/interbotix_ws/install/interbotix_xsarm_descriptions:/home/ishabh/interbotix_ws/install/interbotix_xs_toolbox:/home/ishabh/interbotix_ws/install/interbotix_xs_rviz:/home/ishabh/interbotix_ws/install/interbotix_ros_xseries:/home/ishabh/interbotix_ws/install/interbotix_xs_sdk:/home/ishabh/interbotix_ws/install/interbotix_xs_ros_control:/home/ishabh/interbotix_ws/install/interbotix_perception_toolbox:/home/ishabh/interbotix_ws/install/interbotix_common_toolbox:/home/ishabh/interbotix_ws/install/interbotix_gravity_compensation:/home/ishabh/interbotix_ws/install/interbotix_tf_tools:/home/ishabh/interbotix_ws/install/interbotix_perception_pipelines:/home/ishabh/interbotix_ws/install/interbotix_perception_msgs:/home/ishabh/interbotix_ws/install/interbotix_moveit_interface_msgs:/home/ishabh/interbotix_ws/install/interbotix_common_sim:/home/ishabh/apriltag_ws/install/apriltag_ros LD_LIBRARY_PATH=/home/ishabh/interbotix_ws/install/interbotix_xs_driver/lib:/home/ishabh/interbotix_ws/install/interbotix_xs_msgs/lib:/home/ishabh/interbotix_ws/install/dynamixel_workbench_toolbox/lib:/home/ishabh/interbotix_ws/install/moveit_visual_tools/lib:/home/ishabh/interbotix_ws/install/interbotix_xs_rviz/lib:/home/ishabh/interbotix_ws/install/interbotix_xs_ros_control/lib:/home/ishabh/interbotix_ws/install/interbotix_tf_tools/lib:/home/ishabh/interbotix_ws/install/interbotix_perception_msgs/lib:/home/ishabh/interbotix_ws/install/interbotix_moveit_interface_msgs/lib:/home/ishabh/apriltag_ws/install/apriltag_ros/lib:/opt/ros/humble/opt/rviz_ogre_vendor/lib:/opt/ros/humble/lib/x86_64-linux-gnu:/opt/ros/humble/lib /usr/bin/cmake /home/ishabh/interbotix_ws/src/interbotix_ros_core/interbotix_ros_xseries/interbotix_xs_sdk -DCMAKE_INSTALL_PREFIX=/home/ishabh/interbotix_ws/install/interbotix_xs_sdk
[0.029s] -- Found ament_cmake: 1.3.12 (/opt/ros/humble/share/ament_cmake/cmake)
[0.128s] -- Override CMake install command with custom implementation using symlinks instead of copying resources
[0.132s] -- Found ament_index_cpp: 1.4.0 (/opt/ros/humble/share/ament_index_cpp/cmake)
[0.133s] -- Found rclcpp: 16.0.15 (/opt/ros/humble/share/rclcpp/cmake)
[0.150s] -- Found rosidl_generator_c: 3.1.7 (/opt/ros/humble/share/rosidl_generator_c/cmake)
[0.152s] -- Found rosidl_adapter: 3.1.7 (/opt/ros/humble/share/rosidl_adapter/cmake)
[0.155s] -- Found rosidl_generator_cpp: 3.1.7 (/opt/ros/humble/share/rosidl_generator_cpp/cmake)
[0.162s] -- Using all available rosidl_typesupport_c: rosidl_typesupport_fastrtps_c;rosidl_typesupport_introspection_c
[0.171s] -- Using all available rosidl_typesupport_cpp: rosidl_typesupport_fastrtps_cpp;rosidl_typesupport_introspection_cpp
[0.191s] -- Found rmw_implementation_cmake: 6.1.2 (/opt/ros/humble/share/rmw_implementation_cmake/cmake)
[0.193s] -- Found rmw_fastrtps_cpp: 6.2.8 (/opt/ros/humble/share/rmw_fastrtps_cpp/cmake)
[0.269s] -- Using RMW implementation 'rmw_fastrtps_cpp' as default
[0.307s] -- Found rclpy: 3.3.17 (/opt/ros/humble/share/rclpy/cmake)
[0.307s] -- Found sensor_msgs: 4.9.0 (/opt/ros/humble/share/sensor_msgs/cmake)
[0.329s] -- Found urdf: 2.6.1 (/opt/ros/humble/share/urdf/cmake)
[0.344s] -- Found interbotix_xs_msgs: 0.0.0 (/home/ishabh/interbotix_ws/install/interbotix_xs_msgs/share/interbotix_xs_msgs/cmake)
[0.371s] -- Found interbotix_xs_driver: 0.3.7 (/home/ishabh/interbotix_ws/install/interbotix_xs_driver/share/interbotix_xs_driver/cmake)
[0.379s] -- Found ament_lint_auto: 0.12.14 (/opt/ros/humble/share/ament_lint_auto/cmake)
[0.437s] -- Added test 'copyright' to check source files copyright and LICENSE
[0.437s] -- Added test 'cppcheck' to perform static code analysis on C / C++ code
[0.437s] -- Configured cppcheck include dirs: /home/ishabh/interbotix_ws/src/interbotix_ros_core/interbotix_ros_xseries/interbotix_xs_sdk/include
[0.437s] -- Configured cppcheck exclude dirs and/or files: 
[0.438s] -- Added test 'cpplint' to check C / C++ code against the Google style
[0.438s] -- Configured cpplint exclude dirs and/or files: 
[0.438s] -- Added test 'flake8' to check Python code syntax and style conventions
[0.438s] -- Added test 'lint_cmake' to check CMake code style
[0.439s] -- Added test 'pep257' to check Python code against some of the docstring style conventions in PEP 257
[0.439s] -- Added test 'uncrustify' to check C / C++ code style
[0.439s] -- Configured uncrustify additional arguments: 
[0.439s] -- Added test 'xmllint' to check XML markup files
[0.440s] -- Configuring done
[0.450s] -- Generating done
[0.452s] -- Build files have been written to: /home/ishabh/interbotix_ws/build/interbotix_xs_sdk
