[0.457s] Invoking command in '/home/ishabh/interbotix_ws/build/interbotix_common_modules': PYTHONPATH=/home/ishabh/interbotix_ws/build/interbotix_common_modules/prefix_override:/usr/lib/python3/dist-packages/colcon_core/task/python/colcon_distutils_commands:/home/ishabh/interbotix_ws/install/interbotix_common_modules/lib/python3.10/site-packages:${PYTHONPATH} /usr/bin/python3 -W ignore:setup.py install is deprecated -W ignore:easy_install command is deprecated setup.py develop --editable --build-directory /home/ishabh/interbotix_ws/build/interbotix_common_modules/build --no-deps symlink_data
[0.617s] running develop
[0.708s] running egg_info
[0.709s] creating interbotix_common_modules.egg-info
[0.709s] writing interbotix_common_modules.egg-info/PKG-INFO
[0.709s] writing dependency_links to interbotix_common_modules.egg-info/dependency_links.txt
[0.709s] writing entry points to interbotix_common_modules.egg-info/entry_points.txt
[0.709s] writing requirements to interbotix_common_modules.egg-info/requires.txt
[0.709s] writing top-level names to interbotix_common_modules.egg-info/top_level.txt
[0.709s] writing manifest file 'interbotix_common_modules.egg-info/SOURCES.txt'
[0.710s] reading manifest file 'interbotix_common_modules.egg-info/SOURCES.txt'
[0.711s] writing manifest file 'interbotix_common_modules.egg-info/SOURCES.txt'
[0.711s] running build_ext
[0.711s] Creating /home/ishabh/interbotix_ws/install/interbotix_common_modules/lib/python3.10/site-packages/interbotix-common-modules.egg-link (link to .)
[0.712s] 
[0.712s] Installed /home/ishabh/interbotix_ws/build/interbotix_common_modules
[0.712s] running symlink_data
[0.712s] creating /home/ishabh/interbotix_ws/install/interbotix_common_modules/share/ament_index
[0.712s] creating /home/ishabh/interbotix_ws/install/interbotix_common_modules/share/ament_index/resource_index
[0.712s] creating /home/ishabh/interbotix_ws/install/interbotix_common_modules/share/ament_index/resource_index/packages
[0.712s] symbolically linking /home/ishabh/interbotix_ws/build/interbotix_common_modules/resource/interbotix_common_modules -> /home/ishabh/interbotix_ws/install/interbotix_common_modules/share/ament_index/resource_index/packages
[0.712s] symbolically linking /home/ishabh/interbotix_ws/build/interbotix_common_modules/package.xml -> /home/ishabh/interbotix_ws/install/interbotix_common_modules/share/interbotix_common_modules
[0.729s] Invoked command in '/home/ishabh/interbotix_ws/build/interbotix_common_modules' returned '0': PYTHONPATH=/home/ishabh/interbotix_ws/build/interbotix_common_modules/prefix_override:/usr/lib/python3/dist-packages/colcon_core/task/python/colcon_distutils_commands:/home/ishabh/interbotix_ws/install/interbotix_common_modules/lib/python3.10/site-packages:${PYTHONPATH} /usr/bin/python3 -W ignore:setup.py install is deprecated -W ignore:easy_install command is deprecated setup.py develop --editable --build-directory /home/ishabh/interbotix_ws/build/interbotix_common_modules/build --no-deps symlink_data
