/home/ishabh/interbotix_ws/install/wx250_bringup/lib/python3.10/site-packages/wx250_bringup/__init__.py
/home/ishabh/interbotix_ws/install/wx250_bringup/lib/python3.10/site-packages/wx250_bringup/robot_to_geomagic_feedback.py
/home/ishabh/interbotix_ws/install/wx250_bringup/lib/python3.10/site-packages/wx250_bringup/geomagic_servo.py
/home/ishabh/interbotix_ws/install/wx250_bringup/lib/python3.10/site-packages/wx250_bringup/custom_servo_node.py
/home/ishabh/interbotix_ws/install/wx250_bringup/lib/python3.10/site-packages/wx250_bringup/servo_to_interbotix_bridge.py
/home/ishabh/interbotix_ws/install/wx250_bringup/lib/python3.10/site-packages/wx250_bringup/__pycache__/__init__.cpython-310.pyc
/home/ishabh/interbotix_ws/install/wx250_bringup/lib/python3.10/site-packages/wx250_bringup/__pycache__/robot_to_geomagic_feedback.cpython-310.pyc
/home/ishabh/interbotix_ws/install/wx250_bringup/lib/python3.10/site-packages/wx250_bringup/__pycache__/geomagic_servo.cpython-310.pyc
/home/ishabh/interbotix_ws/install/wx250_bringup/lib/python3.10/site-packages/wx250_bringup/__pycache__/custom_servo_node.cpython-310.pyc
/home/ishabh/interbotix_ws/install/wx250_bringup/lib/python3.10/site-packages/wx250_bringup/__pycache__/servo_to_interbotix_bridge.cpython-310.pyc
/home/ishabh/interbotix_ws/install/wx250_bringup/share/ament_index/resource_index/packages/wx250_bringup
/home/ishabh/interbotix_ws/install/wx250_bringup/share/wx250_bringup/package.xml
/home/ishabh/interbotix_ws/install/wx250_bringup/share/wx250_bringup/launch/wx250_moveit_bulletproof.launch.py
/home/ishabh/interbotix_ws/install/wx250_bringup/share/wx250_bringup/launch/wx250_geomagic_teleop_sim.launch.py
/home/ishabh/interbotix_ws/install/wx250_bringup/share/wx250_bringup/launch/wx250_full_teleop.launch.py
/home/ishabh/interbotix_ws/install/wx250_bringup/share/wx250_bringup/launch/wx250_interface_bridge.launch.py
/home/ishabh/interbotix_ws/install/wx250_bringup/share/wx250_bringup/launch/wx250_servo_teleop.launch.py
/home/ishabh/interbotix_ws/install/wx250_bringup/share/wx250_bringup/launch/wx250_moveit_teleop.launch.py
/home/ishabh/interbotix_ws/install/wx250_bringup/share/wx250_bringup/launch/wx250_geomagic_allinone.launch.py
/home/ishabh/interbotix_ws/install/wx250_bringup/share/wx250_bringup/launch/wx250_rviz.launch.py
/home/ishabh/interbotix_ws/install/wx250_bringup/share/wx250_bringup/config/servo_params_fixed.yaml
/home/ishabh/interbotix_ws/install/wx250_bringup/share/wx250_bringup/config/servo_params.yaml
/home/ishabh/interbotix_ws/install/wx250_bringup/share/wx250_bringup/config/servo.yaml
/home/ishabh/interbotix_ws/install/wx250_bringup/lib/python3.10/site-packages/wx250_bringup-0.0.1-py3.10.egg-info/PKG-INFO
/home/ishabh/interbotix_ws/install/wx250_bringup/lib/python3.10/site-packages/wx250_bringup-0.0.1-py3.10.egg-info/dependency_links.txt
/home/ishabh/interbotix_ws/install/wx250_bringup/lib/python3.10/site-packages/wx250_bringup-0.0.1-py3.10.egg-info/zip-safe
/home/ishabh/interbotix_ws/install/wx250_bringup/lib/python3.10/site-packages/wx250_bringup-0.0.1-py3.10.egg-info/top_level.txt
/home/ishabh/interbotix_ws/install/wx250_bringup/lib/python3.10/site-packages/wx250_bringup-0.0.1-py3.10.egg-info/requires.txt
/home/ishabh/interbotix_ws/install/wx250_bringup/lib/python3.10/site-packages/wx250_bringup-0.0.1-py3.10.egg-info/entry_points.txt
/home/ishabh/interbotix_ws/install/wx250_bringup/lib/python3.10/site-packages/wx250_bringup-0.0.1-py3.10.egg-info/SOURCES.txt
/home/ishabh/interbotix_ws/install/wx250_bringup/lib/wx250_bringup/custom_servo_node
/home/ishabh/interbotix_ws/install/wx250_bringup/lib/wx250_bringup/geomagic_servo
/home/ishabh/interbotix_ws/install/wx250_bringup/lib/wx250_bringup/robot_to_geomagic_feedback
/home/ishabh/interbotix_ws/install/wx250_bringup/lib/wx250_bringup/servo_to_interbotix_bridge
/home/ishabh/interbotix_ws/install/wx250_bringup/lib/wx250_bringup/test_moveit_cmd
