[0.353s] Invoking command in '/home/ishabh/interbotix_ws/build/omni_description': CMAKE_PREFIX_PATH=/home/ishabh/interbotix_ws/install/wx250_bringup:/home/ishabh/interbotix_ws/install/test1:/home/ishabh/interbotix_ws/install/interbotix_xs_modules:/home/ishabh/interbotix_ws/install/interbotix_perception_modules:/home/ishabh/interbotix_ws/install/interbotix_common_modules:/home/ishabh/interbotix_ws/install/control:/home/ishabh/Desktop/sarm_ws/install/sarm_teleop:/opt/ros/humble:${CMAKE_PREFIX_PATH} /usr/bin/cmake /home/ishabh/interbotix_ws/src/geomagic_touch_ros2/omni_description -DAMENT_CMAKE_SYMLINK_INSTALL=1 -DCMAKE_INSTALL_PREFIX=/home/ishabh/interbotix_ws/install/omni_description
[0.399s] -- The C compiler identification is GNU 11.4.0
[0.439s] -- The CXX compiler identification is GNU 11.4.0
[0.445s] -- Detecting C compiler ABI info
[0.501s] -- Detecting C compiler ABI info - done
[0.506s] -- Check for working C compiler: /usr/bin/cc - skipped
[0.506s] -- Detecting C compile features
[0.506s] -- Detecting C compile features - done
[0.508s] -- Detecting CXX compiler ABI info
[0.606s] -- Detecting CXX compiler ABI info - done
[0.607s] -- Check for working CXX compiler: /usr/bin/c++ - skipped
[0.608s] -- Detecting CXX compile features
[0.608s] -- Detecting CXX compile features - done
[0.608s] -- Found ament_cmake: 1.3.12 (/opt/ros/humble/share/ament_cmake/cmake)
[0.725s] -- Found Python3: /usr/bin/python3 (found version "3.10.12") found components: Interpreter 
[0.778s] -- Override CMake install command with custom implementation using symlinks instead of copying resources
[0.800s] -- Found ament_lint_auto: 0.12.14 (/opt/ros/humble/share/ament_lint_auto/cmake)
[0.872s] -- Added test 'copyright' to check source files copyright and LICENSE
[0.875s] -- Added test 'lint_cmake' to check CMake code style
[0.876s] -- Added test 'xmllint' to check XML markup files
[0.879s] -- Configuring done
[0.881s] -- Generating done
[0.882s] -- Build files have been written to: /home/ishabh/interbotix_ws/build/omni_description
[0.886s] Invoked command in '/home/ishabh/interbotix_ws/build/omni_description' returned '0': CMAKE_PREFIX_PATH=/home/ishabh/interbotix_ws/install/wx250_bringup:/home/ishabh/interbotix_ws/install/test1:/home/ishabh/interbotix_ws/install/interbotix_xs_modules:/home/ishabh/interbotix_ws/install/interbotix_perception_modules:/home/ishabh/interbotix_ws/install/interbotix_common_modules:/home/ishabh/interbotix_ws/install/control:/home/ishabh/Desktop/sarm_ws/install/sarm_teleop:/opt/ros/humble:${CMAKE_PREFIX_PATH} /usr/bin/cmake /home/ishabh/interbotix_ws/src/geomagic_touch_ros2/omni_description -DAMENT_CMAKE_SYMLINK_INSTALL=1 -DCMAKE_INSTALL_PREFIX=/home/ishabh/interbotix_ws/install/omni_description
[0.888s] Invoking command in '/home/ishabh/interbotix_ws/build/omni_description': CMAKE_PREFIX_PATH=/home/ishabh/interbotix_ws/install/wx250_bringup:/home/ishabh/interbotix_ws/install/test1:/home/ishabh/interbotix_ws/install/interbotix_xs_modules:/home/ishabh/interbotix_ws/install/interbotix_perception_modules:/home/ishabh/interbotix_ws/install/interbotix_common_modules:/home/ishabh/interbotix_ws/install/control:/home/ishabh/Desktop/sarm_ws/install/sarm_teleop:/opt/ros/humble:${CMAKE_PREFIX_PATH} /usr/bin/cmake --build /home/ishabh/interbotix_ws/build/omni_description -- -j32 -l32
[0.920s] Invoked command in '/home/ishabh/interbotix_ws/build/omni_description' returned '0': CMAKE_PREFIX_PATH=/home/ishabh/interbotix_ws/install/wx250_bringup:/home/ishabh/interbotix_ws/install/test1:/home/ishabh/interbotix_ws/install/interbotix_xs_modules:/home/ishabh/interbotix_ws/install/interbotix_perception_modules:/home/ishabh/interbotix_ws/install/interbotix_common_modules:/home/ishabh/interbotix_ws/install/control:/home/ishabh/Desktop/sarm_ws/install/sarm_teleop:/opt/ros/humble:${CMAKE_PREFIX_PATH} /usr/bin/cmake --build /home/ishabh/interbotix_ws/build/omni_description -- -j32 -l32
[0.921s] Invoking command in '/home/ishabh/interbotix_ws/build/omni_description': CMAKE_PREFIX_PATH=/home/ishabh/interbotix_ws/install/wx250_bringup:/home/ishabh/interbotix_ws/install/test1:/home/ishabh/interbotix_ws/install/interbotix_xs_modules:/home/ishabh/interbotix_ws/install/interbotix_perception_modules:/home/ishabh/interbotix_ws/install/interbotix_common_modules:/home/ishabh/interbotix_ws/install/control:/home/ishabh/Desktop/sarm_ws/install/sarm_teleop:/opt/ros/humble:${CMAKE_PREFIX_PATH} /usr/bin/cmake --install /home/ishabh/interbotix_ws/build/omni_description
[0.926s] -- Install configuration: ""
[0.926s] -- Execute custom install script
[0.926s] -- Symlinking: /home/ishabh/interbotix_ws/install/omni_description/share/omni_description/meshes/base.stl
[0.934s] -- Symlinking: /home/ishabh/interbotix_ws/install/omni_description/share/omni_description/meshes/lower_arm.stl
[0.942s] -- Symlinking: /home/ishabh/interbotix_ws/install/omni_description/share/omni_description/meshes/pen.stl
[0.947s] -- Symlinking: /home/ishabh/interbotix_ws/install/omni_description/share/omni_description/meshes/tip.stl
[0.954s] -- Symlinking: /home/ishabh/interbotix_ws/install/omni_description/share/omni_description/meshes/torso.stl
[0.961s] -- Symlinking: /home/ishabh/interbotix_ws/install/omni_description/share/omni_description/meshes/upper_arm.stl
[0.969s] -- Symlinking: /home/ishabh/interbotix_ws/install/omni_description/share/omni_description/meshes/wrist.stl
[0.976s] -- Symlinking: /home/ishabh/interbotix_ws/install/omni_description/share/omni_description/resources/OmniRviz.png
[0.984s] -- Symlinking: /home/ishabh/interbotix_ws/install/omni_description/share/omni_description/resources/omni.rviz
[0.990s] -- Symlinking: /home/ishabh/interbotix_ws/install/omni_description/share/omni_description/urdf/omni.dae
[0.998s] -- Symlinking: /home/ishabh/interbotix_ws/install/omni_description/share/omni_description/urdf/omni.robot.xml
[1.004s] -- Symlinking: /home/ishabh/interbotix_ws/install/omni_description/share/omni_description/urdf/omni.urdf
[1.009s] -- Symlinking: /home/ishabh/interbotix_ws/install/omni_description/share/ament_index/resource_index/package_run_dependencies/omni_description
[1.018s] -- Symlinking: /home/ishabh/interbotix_ws/install/omni_description/share/ament_index/resource_index/parent_prefix_path/omni_description
[1.024s] -- Symlinking: /home/ishabh/interbotix_ws/install/omni_description/share/omni_description/environment/ament_prefix_path.sh
[1.031s] -- Symlinking: /home/ishabh/interbotix_ws/install/omni_description/share/omni_description/environment/ament_prefix_path.dsv
[1.039s] -- Symlinking: /home/ishabh/interbotix_ws/install/omni_description/share/omni_description/environment/path.sh
[1.048s] -- Symlinking: /home/ishabh/interbotix_ws/install/omni_description/share/omni_description/environment/path.dsv
[1.055s] -- Symlinking: /home/ishabh/interbotix_ws/install/omni_description/share/omni_description/local_setup.bash
[1.061s] -- Symlinking: /home/ishabh/interbotix_ws/install/omni_description/share/omni_description/local_setup.sh
[1.067s] -- Symlinking: /home/ishabh/interbotix_ws/install/omni_description/share/omni_description/local_setup.zsh
[1.075s] -- Symlinking: /home/ishabh/interbotix_ws/install/omni_description/share/omni_description/local_setup.dsv
[1.082s] -- Symlinking: /home/ishabh/interbotix_ws/install/omni_description/share/omni_description/package.dsv
[1.088s] -- Symlinking: /home/ishabh/interbotix_ws/install/omni_description/share/ament_index/resource_index/packages/omni_description
[1.094s] -- Symlinking: /home/ishabh/interbotix_ws/install/omni_description/share/omni_description/cmake/omni_descriptionConfig.cmake
[1.100s] -- Symlinking: /home/ishabh/interbotix_ws/install/omni_description/share/omni_description/cmake/omni_descriptionConfig-version.cmake
[1.108s] -- Symlinking: /home/ishabh/interbotix_ws/install/omni_description/share/omni_description/package.xml
[1.394s] Invoked command in '/home/ishabh/interbotix_ws/build/omni_description' returned '0': CMAKE_PREFIX_PATH=/home/ishabh/interbotix_ws/install/wx250_bringup:/home/ishabh/interbotix_ws/install/test1:/home/ishabh/interbotix_ws/install/interbotix_xs_modules:/home/ishabh/interbotix_ws/install/interbotix_perception_modules:/home/ishabh/interbotix_ws/install/interbotix_common_modules:/home/ishabh/interbotix_ws/install/control:/home/ishabh/Desktop/sarm_ws/install/sarm_teleop:/opt/ros/humble:${CMAKE_PREFIX_PATH} /usr/bin/cmake --install /home/ishabh/interbotix_ws/build/omni_description
