[0.515s] Invoking command in '/home/ishabh/interbotix_ws/build/interbotix_common_modules': PYTHONPATH=/home/ishabh/interbotix_ws/build/interbotix_common_modules/prefix_override:/usr/lib/python3/dist-packages/colcon_core/task/python/colcon_distutils_commands:/home/ishabh/interbotix_ws/install/interbotix_common_modules/lib/python3.10/site-packages:${PYTHONPATH} /usr/bin/python3 -W ignore:setup.py install is deprecated -W ignore:easy_install command is deprecated setup.py develop --uninstall --editable --build-directory /home/ishabh/interbotix_ws/build/interbotix_common_modules/build
[0.681s] running develop
[0.767s] Removing /home/ishabh/interbotix_ws/install/interbotix_common_modules/lib/python3.10/site-packages/interbotix-common-modules.egg-link (link to .)
[0.782s] Invoked command in '/home/ishabh/interbotix_ws/build/interbotix_common_modules' returned '0': PYTHONPATH=/home/ishabh/interbotix_ws/build/interbotix_common_modules/prefix_override:/usr/lib/python3/dist-packages/colcon_core/task/python/colcon_distutils_commands:/home/ishabh/interbotix_ws/install/interbotix_common_modules/lib/python3.10/site-packages:${PYTHONPATH} /usr/bin/python3 -W ignore:setup.py install is deprecated -W ignore:easy_install command is deprecated setup.py develop --uninstall --editable --build-directory /home/ishabh/interbotix_ws/build/interbotix_common_modules/build
[0.784s] Invoking command in '/home/ishabh/interbotix_ws/src/interbotix_ros_toolboxes/interbotix_common_toolbox/interbotix_common_modules': PYTHONPATH=/home/ishabh/interbotix_ws/build/interbotix_common_modules/prefix_override:/usr/lib/python3/dist-packages/colcon_core/task/python/colcon_distutils_commands:/home/ishabh/interbotix_ws/install/interbotix_common_modules/lib/python3.10/site-packages:${PYTHONPATH} /usr/bin/python3 -W ignore:setup.py install is deprecated -W ignore:easy_install command is deprecated setup.py egg_info --egg-base ../../../../build/interbotix_common_modules build --build-base /home/ishabh/interbotix_ws/build/interbotix_common_modules/build install --record /home/ishabh/interbotix_ws/build/interbotix_common_modules/install.log --single-version-externally-managed install_data --force
[0.956s] running egg_info
[0.957s] writing ../../../../build/interbotix_common_modules/interbotix_common_modules.egg-info/PKG-INFO
[0.957s] writing dependency_links to ../../../../build/interbotix_common_modules/interbotix_common_modules.egg-info/dependency_links.txt
[0.957s] writing entry points to ../../../../build/interbotix_common_modules/interbotix_common_modules.egg-info/entry_points.txt
[0.957s] writing requirements to ../../../../build/interbotix_common_modules/interbotix_common_modules.egg-info/requires.txt
[0.957s] writing top-level names to ../../../../build/interbotix_common_modules/interbotix_common_modules.egg-info/top_level.txt
[0.958s] reading manifest file '../../../../build/interbotix_common_modules/interbotix_common_modules.egg-info/SOURCES.txt'
[0.959s] writing manifest file '../../../../build/interbotix_common_modules/interbotix_common_modules.egg-info/SOURCES.txt'
[0.959s] running build
[0.959s] running build_py
[0.960s] running install
[0.960s] running install_lib
[0.960s] creating /home/ishabh/interbotix_ws/install/interbotix_common_modules/lib/python3.10/site-packages/interbotix_common_modules
[0.961s] creating /home/ishabh/interbotix_ws/install/interbotix_common_modules/lib/python3.10/site-packages/interbotix_common_modules/common_robot
[0.961s] copying /home/ishabh/interbotix_ws/build/interbotix_common_modules/build/lib/interbotix_common_modules/common_robot/__init__.py -> /home/ishabh/interbotix_ws/install/interbotix_common_modules/lib/python3.10/site-packages/interbotix_common_modules/common_robot
[0.961s] copying /home/ishabh/interbotix_ws/build/interbotix_common_modules/build/lib/interbotix_common_modules/common_robot/exceptions.py -> /home/ishabh/interbotix_ws/install/interbotix_common_modules/lib/python3.10/site-packages/interbotix_common_modules/common_robot
[0.961s] copying /home/ishabh/interbotix_ws/build/interbotix_common_modules/build/lib/interbotix_common_modules/common_robot/robot.py -> /home/ishabh/interbotix_ws/install/interbotix_common_modules/lib/python3.10/site-packages/interbotix_common_modules/common_robot
[0.961s] copying /home/ishabh/interbotix_ws/build/interbotix_common_modules/build/lib/interbotix_common_modules/__init__.py -> /home/ishabh/interbotix_ws/install/interbotix_common_modules/lib/python3.10/site-packages/interbotix_common_modules
[0.961s] creating /home/ishabh/interbotix_ws/install/interbotix_common_modules/lib/python3.10/site-packages/interbotix_common_modules/py_common
[0.961s] copying /home/ishabh/interbotix_ws/build/interbotix_common_modules/build/lib/interbotix_common_modules/py_common/__init__.py -> /home/ishabh/interbotix_ws/install/interbotix_common_modules/lib/python3.10/site-packages/interbotix_common_modules/py_common
[0.961s] copying /home/ishabh/interbotix_ws/build/interbotix_common_modules/build/lib/interbotix_common_modules/py_common/params.py -> /home/ishabh/interbotix_ws/install/interbotix_common_modules/lib/python3.10/site-packages/interbotix_common_modules/py_common
[0.961s] creating /home/ishabh/interbotix_ws/install/interbotix_common_modules/lib/python3.10/site-packages/interbotix_common_modules/angle_manipulation
[0.961s] copying /home/ishabh/interbotix_ws/build/interbotix_common_modules/build/lib/interbotix_common_modules/angle_manipulation/__init__.py -> /home/ishabh/interbotix_ws/install/interbotix_common_modules/lib/python3.10/site-packages/interbotix_common_modules/angle_manipulation
[0.962s] copying /home/ishabh/interbotix_ws/build/interbotix_common_modules/build/lib/interbotix_common_modules/angle_manipulation/angle_manipulation.py -> /home/ishabh/interbotix_ws/install/interbotix_common_modules/lib/python3.10/site-packages/interbotix_common_modules/angle_manipulation
[0.962s] creating /home/ishabh/interbotix_ws/install/interbotix_common_modules/lib/python3.10/site-packages/interbotix_common_modules/launch
[0.962s] copying /home/ishabh/interbotix_ws/build/interbotix_common_modules/build/lib/interbotix_common_modules/launch/__init__.py -> /home/ishabh/interbotix_ws/install/interbotix_common_modules/lib/python3.10/site-packages/interbotix_common_modules/launch
[0.962s] copying /home/ishabh/interbotix_ws/build/interbotix_common_modules/build/lib/interbotix_common_modules/launch/and_condition.py -> /home/ishabh/interbotix_ws/install/interbotix_common_modules/lib/python3.10/site-packages/interbotix_common_modules/launch
[0.962s] copying /home/ishabh/interbotix_ws/build/interbotix_common_modules/build/lib/interbotix_common_modules/launch/or_condition.py -> /home/ishabh/interbotix_ws/install/interbotix_common_modules/lib/python3.10/site-packages/interbotix_common_modules/launch
[0.963s] byte-compiling /home/ishabh/interbotix_ws/install/interbotix_common_modules/lib/python3.10/site-packages/interbotix_common_modules/common_robot/__init__.py to __init__.cpython-310.pyc
[0.963s] byte-compiling /home/ishabh/interbotix_ws/install/interbotix_common_modules/lib/python3.10/site-packages/interbotix_common_modules/common_robot/exceptions.py to exceptions.cpython-310.pyc
[0.963s] byte-compiling /home/ishabh/interbotix_ws/install/interbotix_common_modules/lib/python3.10/site-packages/interbotix_common_modules/common_robot/robot.py to robot.cpython-310.pyc
[0.964s] byte-compiling /home/ishabh/interbotix_ws/install/interbotix_common_modules/lib/python3.10/site-packages/interbotix_common_modules/__init__.py to __init__.cpython-310.pyc
[0.964s] byte-compiling /home/ishabh/interbotix_ws/install/interbotix_common_modules/lib/python3.10/site-packages/interbotix_common_modules/py_common/__init__.py to __init__.cpython-310.pyc
[0.964s] byte-compiling /home/ishabh/interbotix_ws/install/interbotix_common_modules/lib/python3.10/site-packages/interbotix_common_modules/py_common/params.py to params.cpython-310.pyc
[0.964s] byte-compiling /home/ishabh/interbotix_ws/install/interbotix_common_modules/lib/python3.10/site-packages/interbotix_common_modules/angle_manipulation/__init__.py to __init__.cpython-310.pyc
[0.964s] byte-compiling /home/ishabh/interbotix_ws/install/interbotix_common_modules/lib/python3.10/site-packages/interbotix_common_modules/angle_manipulation/angle_manipulation.py to angle_manipulation.cpython-310.pyc
[0.965s] byte-compiling /home/ishabh/interbotix_ws/install/interbotix_common_modules/lib/python3.10/site-packages/interbotix_common_modules/launch/__init__.py to __init__.cpython-310.pyc
[0.965s] byte-compiling /home/ishabh/interbotix_ws/install/interbotix_common_modules/lib/python3.10/site-packages/interbotix_common_modules/launch/and_condition.py to and_condition.cpython-310.pyc
[0.965s] byte-compiling /home/ishabh/interbotix_ws/install/interbotix_common_modules/lib/python3.10/site-packages/interbotix_common_modules/launch/or_condition.py to or_condition.cpython-310.pyc
[0.965s] running install_data
[0.965s] copying resource/interbotix_common_modules -> /home/ishabh/interbotix_ws/install/interbotix_common_modules/share/ament_index/resource_index/packages
[0.965s] copying package.xml -> /home/ishabh/interbotix_ws/install/interbotix_common_modules/share/interbotix_common_modules
[0.965s] running install_egg_info
[0.967s] Copying ../../../../build/interbotix_common_modules/interbotix_common_modules.egg-info to /home/ishabh/interbotix_ws/install/interbotix_common_modules/lib/python3.10/site-packages/interbotix_common_modules-0.0.0-py3.10.egg-info
[0.967s] running install_scripts
[0.981s] writing list of installed files to '/home/ishabh/interbotix_ws/build/interbotix_common_modules/install.log'
[1.004s] Invoked command in '/home/ishabh/interbotix_ws/src/interbotix_ros_toolboxes/interbotix_common_toolbox/interbotix_common_modules' returned '0': PYTHONPATH=/home/ishabh/interbotix_ws/build/interbotix_common_modules/prefix_override:/usr/lib/python3/dist-packages/colcon_core/task/python/colcon_distutils_commands:/home/ishabh/interbotix_ws/install/interbotix_common_modules/lib/python3.10/site-packages:${PYTHONPATH} /usr/bin/python3 -W ignore:setup.py install is deprecated -W ignore:easy_install command is deprecated setup.py egg_info --egg-base ../../../../build/interbotix_common_modules build --build-base /home/ishabh/interbotix_ws/build/interbotix_common_modules/build install --record /home/ishabh/interbotix_ws/build/interbotix_common_modules/install.log --single-version-externally-managed install_data --force
