[ 10%] Built target omni_msgs__rosidl_generator_c
[ 12%] Built target omni_msgs__cpp
[ 12%] Built target ament_cmake_python_symlink_omni_msgs
[ 23%] Built target omni_msgs__rosidl_typesupport_c
[ 34%] Built target omni_msgs__rosidl_typesupport_introspection_cpp
[ 44%] Built target omni_msgs__rosidl_typesupport_fastrtps_c
[ 55%] Built target omni_msgs__rosidl_typesupport_introspection_c
[ 65%] Built target omni_msgs__rosidl_typesupport_fastrtps_cpp
[ 76%] Built target omni_msgs__rosidl_typesupport_cpp
[ 76%] Built target omni_msgs
[ 78%] Built target omni_msgs__py
[ 87%] Built target omni_msgs__rosidl_generator_py
[ 91%] Built target omni_msgs__rosidl_typesupport_fastrtps_c__pyext
[ 95%] Built target omni_msgs__rosidl_typesupport_c__pyext
[100%] Built target omni_msgs__rosidl_typesupport_introspection_c__pyext
running egg_info
writing omni_msgs.egg-info/PKG-INFO
writing dependency_links to omni_msgs.egg-info/dependency_links.txt
writing top-level names to omni_msgs.egg-info/top_level.txt
reading manifest file 'omni_msgs.egg-info/SOURCES.txt'
writing manifest file 'omni_msgs.egg-info/SOURCES.txt'
[100%] Built target ament_cmake_python_build_omni_msgs_egg
-- Install configuration: ""
-- Execute custom install script
-- Up-to-date symlink: /home/ishabh/interbotix_ws/install/omni_msgs/share/ament_index/resource_index/rosidl_interfaces/omni_msgs
-- Up-to-date symlink: /home/ishabh/interbotix_ws/install/omni_msgs/include/omni_msgs/omni_msgs/msg/detail/omni_button_event__functions.h
-- Up-to-date symlink: /home/ishabh/interbotix_ws/install/omni_msgs/include/omni_msgs/omni_msgs/msg/detail/omni_button_event__struct.h
-- Up-to-date symlink: /home/ishabh/interbotix_ws/install/omni_msgs/include/omni_msgs/omni_msgs/msg/detail/omni_button_event__type_support.h
-- Up-to-date symlink: /home/ishabh/interbotix_ws/install/omni_msgs/include/omni_msgs/omni_msgs/msg/detail/omni_feedback__functions.h
-- Up-to-date symlink: /home/ishabh/interbotix_ws/install/omni_msgs/include/omni_msgs/omni_msgs/msg/detail/omni_feedback__struct.h
-- Up-to-date symlink: /home/ishabh/interbotix_ws/install/omni_msgs/include/omni_msgs/omni_msgs/msg/detail/omni_feedback__type_support.h
-- Up-to-date symlink: /home/ishabh/interbotix_ws/install/omni_msgs/include/omni_msgs/omni_msgs/msg/detail/omni_state__functions.h
-- Up-to-date symlink: /home/ishabh/interbotix_ws/install/omni_msgs/include/omni_msgs/omni_msgs/msg/detail/omni_state__struct.h
-- Up-to-date symlink: /home/ishabh/interbotix_ws/install/omni_msgs/include/omni_msgs/omni_msgs/msg/detail/omni_state__type_support.h
-- Up-to-date symlink: /home/ishabh/interbotix_ws/install/omni_msgs/include/omni_msgs/omni_msgs/msg/omni_button_event.h
-- Up-to-date symlink: /home/ishabh/interbotix_ws/install/omni_msgs/include/omni_msgs/omni_msgs/msg/omni_feedback.h
-- Up-to-date symlink: /home/ishabh/interbotix_ws/install/omni_msgs/include/omni_msgs/omni_msgs/msg/omni_state.h
-- Up-to-date symlink: /home/ishabh/interbotix_ws/install/omni_msgs/include/omni_msgs/omni_msgs/msg/rosidl_generator_c__visibility_control.h
-- Up-to-date symlink: /home/ishabh/interbotix_ws/install/omni_msgs/share/omni_msgs/environment/library_path.sh
-- Up-to-date symlink: /home/ishabh/interbotix_ws/install/omni_msgs/share/omni_msgs/environment/library_path.dsv
-- Up-to-date symlink: /home/ishabh/interbotix_ws/install/omni_msgs/include/omni_msgs/omni_msgs/msg/detail/omni_button_event__rosidl_typesupport_fastrtps_c.h
-- Up-to-date symlink: /home/ishabh/interbotix_ws/install/omni_msgs/include/omni_msgs/omni_msgs/msg/detail/omni_feedback__rosidl_typesupport_fastrtps_c.h
-- Up-to-date symlink: /home/ishabh/interbotix_ws/install/omni_msgs/include/omni_msgs/omni_msgs/msg/detail/omni_state__rosidl_typesupport_fastrtps_c.h
-- Up-to-date symlink: /home/ishabh/interbotix_ws/install/omni_msgs/include/omni_msgs/omni_msgs/msg/rosidl_typesupport_fastrtps_c__visibility_control.h
-- Up-to-date symlink: /home/ishabh/interbotix_ws/install/omni_msgs/include/omni_msgs/omni_msgs/msg/detail/omni_button_event__rosidl_typesupport_introspection_c.h
-- Up-to-date symlink: /home/ishabh/interbotix_ws/install/omni_msgs/include/omni_msgs/omni_msgs/msg/detail/omni_feedback__rosidl_typesupport_introspection_c.h
-- Up-to-date symlink: /home/ishabh/interbotix_ws/install/omni_msgs/include/omni_msgs/omni_msgs/msg/detail/omni_state__rosidl_typesupport_introspection_c.h
-- Up-to-date symlink: /home/ishabh/interbotix_ws/install/omni_msgs/include/omni_msgs/omni_msgs/msg/rosidl_typesupport_introspection_c__visibility_control.h
-- Up-to-date symlink: /home/ishabh/interbotix_ws/install/omni_msgs/include/omni_msgs/omni_msgs/msg/detail/omni_button_event__builder.hpp
-- Up-to-date symlink: /home/ishabh/interbotix_ws/install/omni_msgs/include/omni_msgs/omni_msgs/msg/detail/omni_button_event__struct.hpp
-- Up-to-date symlink: /home/ishabh/interbotix_ws/install/omni_msgs/include/omni_msgs/omni_msgs/msg/detail/omni_button_event__traits.hpp
-- Up-to-date symlink: /home/ishabh/interbotix_ws/install/omni_msgs/include/omni_msgs/omni_msgs/msg/detail/omni_button_event__type_support.hpp
-- Up-to-date symlink: /home/ishabh/interbotix_ws/install/omni_msgs/include/omni_msgs/omni_msgs/msg/detail/omni_feedback__builder.hpp
-- Up-to-date symlink: /home/ishabh/interbotix_ws/install/omni_msgs/include/omni_msgs/omni_msgs/msg/detail/omni_feedback__struct.hpp
-- Up-to-date symlink: /home/ishabh/interbotix_ws/install/omni_msgs/include/omni_msgs/omni_msgs/msg/detail/omni_feedback__traits.hpp
-- Up-to-date symlink: /home/ishabh/interbotix_ws/install/omni_msgs/include/omni_msgs/omni_msgs/msg/detail/omni_feedback__type_support.hpp
-- Up-to-date symlink: /home/ishabh/interbotix_ws/install/omni_msgs/include/omni_msgs/omni_msgs/msg/detail/omni_state__builder.hpp
-- Up-to-date symlink: /home/ishabh/interbotix_ws/install/omni_msgs/include/omni_msgs/omni_msgs/msg/detail/omni_state__struct.hpp
-- Up-to-date symlink: /home/ishabh/interbotix_ws/install/omni_msgs/include/omni_msgs/omni_msgs/msg/detail/omni_state__traits.hpp
-- Up-to-date symlink: /home/ishabh/interbotix_ws/install/omni_msgs/include/omni_msgs/omni_msgs/msg/detail/omni_state__type_support.hpp
-- Up-to-date symlink: /home/ishabh/interbotix_ws/install/omni_msgs/include/omni_msgs/omni_msgs/msg/omni_button_event.hpp
-- Up-to-date symlink: /home/ishabh/interbotix_ws/install/omni_msgs/include/omni_msgs/omni_msgs/msg/omni_feedback.hpp
-- Up-to-date symlink: /home/ishabh/interbotix_ws/install/omni_msgs/include/omni_msgs/omni_msgs/msg/omni_state.hpp
-- Up-to-date symlink: /home/ishabh/interbotix_ws/install/omni_msgs/include/omni_msgs/omni_msgs/msg/rosidl_generator_cpp__visibility_control.hpp
-- Up-to-date symlink: /home/ishabh/interbotix_ws/install/omni_msgs/include/omni_msgs/omni_msgs/msg/detail/omni_button_event__rosidl_typesupport_fastrtps_cpp.hpp
-- Up-to-date symlink: /home/ishabh/interbotix_ws/install/omni_msgs/include/omni_msgs/omni_msgs/msg/detail/omni_feedback__rosidl_typesupport_fastrtps_cpp.hpp
-- Up-to-date symlink: /home/ishabh/interbotix_ws/install/omni_msgs/include/omni_msgs/omni_msgs/msg/detail/omni_state__rosidl_typesupport_fastrtps_cpp.hpp
-- Up-to-date symlink: /home/ishabh/interbotix_ws/install/omni_msgs/include/omni_msgs/omni_msgs/msg/rosidl_typesupport_fastrtps_cpp__visibility_control.h
-- Up-to-date symlink: /home/ishabh/interbotix_ws/install/omni_msgs/include/omni_msgs/omni_msgs/msg/detail/omni_button_event__rosidl_typesupport_introspection_cpp.hpp
-- Up-to-date symlink: /home/ishabh/interbotix_ws/install/omni_msgs/include/omni_msgs/omni_msgs/msg/detail/omni_feedback__rosidl_typesupport_introspection_cpp.hpp
-- Up-to-date symlink: /home/ishabh/interbotix_ws/install/omni_msgs/include/omni_msgs/omni_msgs/msg/detail/omni_state__rosidl_typesupport_introspection_cpp.hpp
-- Up-to-date symlink: /home/ishabh/interbotix_ws/install/omni_msgs/share/omni_msgs/environment/pythonpath.sh
-- Up-to-date symlink: /home/ishabh/interbotix_ws/install/omni_msgs/share/omni_msgs/environment/pythonpath.dsv
-- Up-to-date symlink: /home/ishabh/interbotix_ws/install/omni_msgs/local/lib/python3.10/dist-packages/omni_msgs-0.0.0-py3.10.egg-info/PKG-INFO
-- Up-to-date symlink: /home/ishabh/interbotix_ws/install/omni_msgs/local/lib/python3.10/dist-packages/omni_msgs-0.0.0-py3.10.egg-info/SOURCES.txt
-- Up-to-date symlink: /home/ishabh/interbotix_ws/install/omni_msgs/local/lib/python3.10/dist-packages/omni_msgs-0.0.0-py3.10.egg-info/dependency_links.txt
-- Up-to-date symlink: /home/ishabh/interbotix_ws/install/omni_msgs/local/lib/python3.10/dist-packages/omni_msgs-0.0.0-py3.10.egg-info/top_level.txt
-- Up-to-date symlink: /home/ishabh/interbotix_ws/install/omni_msgs/local/lib/python3.10/dist-packages/omni_msgs/__init__.py
-- Up-to-date symlink: /home/ishabh/interbotix_ws/install/omni_msgs/local/lib/python3.10/dist-packages/omni_msgs/_omni_msgs_s.ep.rosidl_typesupport_c.c
-- Up-to-date symlink: /home/ishabh/interbotix_ws/install/omni_msgs/local/lib/python3.10/dist-packages/omni_msgs/_omni_msgs_s.ep.rosidl_typesupport_fastrtps_c.c
-- Up-to-date symlink: /home/ishabh/interbotix_ws/install/omni_msgs/local/lib/python3.10/dist-packages/omni_msgs/_omni_msgs_s.ep.rosidl_typesupport_introspection_c.c
-- Up-to-date symlink: /home/ishabh/interbotix_ws/install/omni_msgs/local/lib/python3.10/dist-packages/omni_msgs/libomni_msgs__rosidl_generator_py.so
-- Up-to-date symlink: /home/ishabh/interbotix_ws/install/omni_msgs/local/lib/python3.10/dist-packages/omni_msgs/msg/__init__.py
-- Up-to-date symlink: /home/ishabh/interbotix_ws/install/omni_msgs/local/lib/python3.10/dist-packages/omni_msgs/msg/_omni_button_event.py
-- Up-to-date symlink: /home/ishabh/interbotix_ws/install/omni_msgs/local/lib/python3.10/dist-packages/omni_msgs/msg/_omni_button_event_s.c
-- Up-to-date symlink: /home/ishabh/interbotix_ws/install/omni_msgs/local/lib/python3.10/dist-packages/omni_msgs/msg/_omni_feedback.py
-- Up-to-date symlink: /home/ishabh/interbotix_ws/install/omni_msgs/local/lib/python3.10/dist-packages/omni_msgs/msg/_omni_feedback_s.c
-- Up-to-date symlink: /home/ishabh/interbotix_ws/install/omni_msgs/local/lib/python3.10/dist-packages/omni_msgs/msg/_omni_state.py
-- Up-to-date symlink: /home/ishabh/interbotix_ws/install/omni_msgs/local/lib/python3.10/dist-packages/omni_msgs/msg/_omni_state_s.c
-- Up-to-date symlink: /home/ishabh/interbotix_ws/install/omni_msgs/local/lib/python3.10/dist-packages/omni_msgs/omni_msgs_s__rosidl_typesupport_c.cpython-310-x86_64-linux-gnu.so
-- Up-to-date symlink: /home/ishabh/interbotix_ws/install/omni_msgs/local/lib/python3.10/dist-packages/omni_msgs/omni_msgs_s__rosidl_typesupport_fastrtps_c.cpython-310-x86_64-linux-gnu.so
-- Up-to-date symlink: /home/ishabh/interbotix_ws/install/omni_msgs/local/lib/python3.10/dist-packages/omni_msgs/omni_msgs_s__rosidl_typesupport_introspection_c.cpython-310-x86_64-linux-gnu.so
-- Up-to-date symlink: /home/ishabh/interbotix_ws/install/omni_msgs/local/lib/python3.10/dist-packages/omni_msgs/omni_msgs_s__rosidl_typesupport_fastrtps_c.cpython-310-x86_64-linux-gnu.so
-- Up-to-date symlink: /home/ishabh/interbotix_ws/install/omni_msgs/local/lib/python3.10/dist-packages/omni_msgs/omni_msgs_s__rosidl_typesupport_introspection_c.cpython-310-x86_64-linux-gnu.so
-- Up-to-date symlink: /home/ishabh/interbotix_ws/install/omni_msgs/local/lib/python3.10/dist-packages/omni_msgs/omni_msgs_s__rosidl_typesupport_c.cpython-310-x86_64-linux-gnu.so
-- Up-to-date symlink: /home/ishabh/interbotix_ws/install/omni_msgs/share/omni_msgs/msg/OmniButtonEvent.idl
-- Up-to-date symlink: /home/ishabh/interbotix_ws/install/omni_msgs/share/omni_msgs/msg/OmniFeedback.idl
-- Up-to-date symlink: /home/ishabh/interbotix_ws/install/omni_msgs/share/omni_msgs/msg/OmniState.idl
-- Up-to-date symlink: /home/ishabh/interbotix_ws/install/omni_msgs/share/omni_msgs/msg/OmniButtonEvent.msg
-- Up-to-date symlink: /home/ishabh/interbotix_ws/install/omni_msgs/share/omni_msgs/msg/OmniFeedback.msg
-- Up-to-date symlink: /home/ishabh/interbotix_ws/install/omni_msgs/share/omni_msgs/msg/OmniState.msg
-- Up-to-date symlink: /home/ishabh/interbotix_ws/install/omni_msgs/share/ament_index/resource_index/package_run_dependencies/omni_msgs
-- Up-to-date symlink: /home/ishabh/interbotix_ws/install/omni_msgs/share/ament_index/resource_index/parent_prefix_path/omni_msgs
-- Up-to-date symlink: /home/ishabh/interbotix_ws/install/omni_msgs/share/omni_msgs/environment/ament_prefix_path.sh
-- Up-to-date symlink: /home/ishabh/interbotix_ws/install/omni_msgs/share/omni_msgs/environment/ament_prefix_path.dsv
-- Up-to-date symlink: /home/ishabh/interbotix_ws/install/omni_msgs/share/omni_msgs/environment/path.sh
-- Up-to-date symlink: /home/ishabh/interbotix_ws/install/omni_msgs/share/omni_msgs/environment/path.dsv
-- Up-to-date symlink: /home/ishabh/interbotix_ws/install/omni_msgs/share/omni_msgs/local_setup.bash
-- Up-to-date symlink: /home/ishabh/interbotix_ws/install/omni_msgs/share/omni_msgs/local_setup.sh
-- Up-to-date symlink: /home/ishabh/interbotix_ws/install/omni_msgs/share/omni_msgs/local_setup.zsh
-- Up-to-date symlink: /home/ishabh/interbotix_ws/install/omni_msgs/share/omni_msgs/local_setup.dsv
-- Symlinking: /home/ishabh/interbotix_ws/install/omni_msgs/share/omni_msgs/package.dsv
-- Up-to-date symlink: /home/ishabh/interbotix_ws/install/omni_msgs/share/ament_index/resource_index/packages/omni_msgs
-- Up-to-date symlink: /home/ishabh/interbotix_ws/install/omni_msgs/share/omni_msgs/cmake/rosidl_cmake-extras.cmake
-- Up-to-date symlink: /home/ishabh/interbotix_ws/install/omni_msgs/share/omni_msgs/cmake/ament_cmake_export_dependencies-extras.cmake
-- Up-to-date symlink: /home/ishabh/interbotix_ws/install/omni_msgs/share/omni_msgs/cmake/ament_cmake_export_include_directories-extras.cmake
-- Up-to-date symlink: /home/ishabh/interbotix_ws/install/omni_msgs/share/omni_msgs/cmake/ament_cmake_export_libraries-extras.cmake
-- Up-to-date symlink: /home/ishabh/interbotix_ws/install/omni_msgs/share/omni_msgs/cmake/ament_cmake_export_targets-extras.cmake
-- Up-to-date symlink: /home/ishabh/interbotix_ws/install/omni_msgs/share/omni_msgs/cmake/rosidl_cmake_export_typesupport_targets-extras.cmake
-- Up-to-date symlink: /home/ishabh/interbotix_ws/install/omni_msgs/share/omni_msgs/cmake/rosidl_cmake_export_typesupport_libraries-extras.cmake
-- Up-to-date symlink: /home/ishabh/interbotix_ws/install/omni_msgs/share/omni_msgs/cmake/omni_msgsConfig.cmake
-- Up-to-date symlink: /home/ishabh/interbotix_ws/install/omni_msgs/share/omni_msgs/cmake/omni_msgsConfig-version.cmake
-- Up-to-date symlink: /home/ishabh/interbotix_ws/install/omni_msgs/share/omni_msgs/package.xml
-- Up-to-date: /home/ishabh/interbotix_ws/install/omni_msgs/lib/libomni_msgs__rosidl_generator_c.so
-- Up-to-date: /home/ishabh/interbotix_ws/install/omni_msgs/lib/libomni_msgs__rosidl_typesupport_fastrtps_c.so
-- Up-to-date: /home/ishabh/interbotix_ws/install/omni_msgs/lib/libomni_msgs__rosidl_typesupport_introspection_c.so
-- Up-to-date: /home/ishabh/interbotix_ws/install/omni_msgs/lib/libomni_msgs__rosidl_typesupport_c.so
-- Up-to-date: /home/ishabh/interbotix_ws/install/omni_msgs/lib/libomni_msgs__rosidl_typesupport_fastrtps_cpp.so
-- Up-to-date: /home/ishabh/interbotix_ws/install/omni_msgs/lib/libomni_msgs__rosidl_typesupport_introspection_cpp.so
-- Up-to-date: /home/ishabh/interbotix_ws/install/omni_msgs/lib/libomni_msgs__rosidl_typesupport_cpp.so
Listing '/home/ishabh/interbotix_ws/install/omni_msgs/local/lib/python3.10/dist-packages/omni_msgs'...
Listing '/home/ishabh/interbotix_ws/install/omni_msgs/local/lib/python3.10/dist-packages/omni_msgs/msg'...
-- Up-to-date: /home/ishabh/interbotix_ws/install/omni_msgs/lib/libomni_msgs__rosidl_generator_py.so
-- Up-to-date: /home/ishabh/interbotix_ws/install/omni_msgs/share/omni_msgs/cmake/export_omni_msgs__rosidl_generator_cExport.cmake
-- Up-to-date: /home/ishabh/interbotix_ws/install/omni_msgs/share/omni_msgs/cmake/export_omni_msgs__rosidl_generator_cExport-noconfig.cmake
-- Up-to-date: /home/ishabh/interbotix_ws/install/omni_msgs/share/omni_msgs/cmake/export_omni_msgs__rosidl_typesupport_fastrtps_cExport.cmake
-- Up-to-date: /home/ishabh/interbotix_ws/install/omni_msgs/share/omni_msgs/cmake/export_omni_msgs__rosidl_typesupport_fastrtps_cExport-noconfig.cmake
-- Up-to-date: /home/ishabh/interbotix_ws/install/omni_msgs/share/omni_msgs/cmake/omni_msgs__rosidl_typesupport_introspection_cExport.cmake
-- Up-to-date: /home/ishabh/interbotix_ws/install/omni_msgs/share/omni_msgs/cmake/omni_msgs__rosidl_typesupport_introspection_cExport-noconfig.cmake
-- Up-to-date: /home/ishabh/interbotix_ws/install/omni_msgs/share/omni_msgs/cmake/omni_msgs__rosidl_typesupport_cExport.cmake
-- Up-to-date: /home/ishabh/interbotix_ws/install/omni_msgs/share/omni_msgs/cmake/omni_msgs__rosidl_typesupport_cExport-noconfig.cmake
-- Up-to-date: /home/ishabh/interbotix_ws/install/omni_msgs/share/omni_msgs/cmake/export_omni_msgs__rosidl_generator_cppExport.cmake
-- Up-to-date: /home/ishabh/interbotix_ws/install/omni_msgs/share/omni_msgs/cmake/export_omni_msgs__rosidl_typesupport_fastrtps_cppExport.cmake
-- Up-to-date: /home/ishabh/interbotix_ws/install/omni_msgs/share/omni_msgs/cmake/export_omni_msgs__rosidl_typesupport_fastrtps_cppExport-noconfig.cmake
-- Up-to-date: /home/ishabh/interbotix_ws/install/omni_msgs/share/omni_msgs/cmake/omni_msgs__rosidl_typesupport_introspection_cppExport.cmake
-- Up-to-date: /home/ishabh/interbotix_ws/install/omni_msgs/share/omni_msgs/cmake/omni_msgs__rosidl_typesupport_introspection_cppExport-noconfig.cmake
-- Up-to-date: /home/ishabh/interbotix_ws/install/omni_msgs/share/omni_msgs/cmake/omni_msgs__rosidl_typesupport_cppExport.cmake
-- Up-to-date: /home/ishabh/interbotix_ws/install/omni_msgs/share/omni_msgs/cmake/omni_msgs__rosidl_typesupport_cppExport-noconfig.cmake
-- Up-to-date: /home/ishabh/interbotix_ws/install/omni_msgs/share/omni_msgs/cmake/export_omni_msgs__rosidl_generator_pyExport.cmake
-- Up-to-date: /home/ishabh/interbotix_ws/install/omni_msgs/share/omni_msgs/cmake/export_omni_msgs__rosidl_generator_pyExport-noconfig.cmake
